[35m[Appium][39m Welcome to Appium v1.22.3
[35m[Appium][39m Non-default server args:
[35m[Appium][39m   port: 51835
[35m[Appium][39m   loglevel: info
[35m[Appium][39m   tmpDir: C:\Users\REG-LP~1\AppData\Local\Temp\\Katalon\Appium\Temp1700190763113
[35m[Appium][39m   chromedriverPort: 51836
[35m[Appium][39m Deprecated server args:
[35m[Appium][39m   [31m--chromedriver-port[39m => --default-capabilities
[35m[Appium][39m Default capabilities, which will be added to each request unless overridden by desired capabilities:
[35m[Appium][39m   chromedriverPort: 51836
[35m[Appium][39m Appium REST http interface listener started on 0.0.0.0:51835
[35m[HTTP][39m [37m-->[39m [37mGET[39m [37m/wd/hub/status[39m
[35m[HTTP][39m [90m{}[39m
[35m[HTTP][39m [37m<-- GET /wd/hub/status [39m[32m200[39m [90m4 ms - 68[39m
[35m[HTTP][39m [90m[39m
[35m[HTTP][39m [37m-->[39m [37mPOST[39m [37m/wd/hub/session[39m
[35m[HTTP][39m [90m{"desiredCapabilities":{"app":"C:\\Users\\REG-LPT-173\\Downloads\\movie-app-release\\movie-app-release.apk","noReset":false,"deviceName":"samsung SM-A725F (Android 13)","fullReset":true,"platform":"ANDROID","newCommandTimeout":1800,"platformVersion":"13","automationName":"uiautomator2","autoGrantPermissions":true,"platformName":"Android","udid":"R58R83Q043W","systemPort":51834},"capabilities":{"firstMatch":[{"appium:app":"C:\\Users\\REG-LPT-173\\Downloads\\movie-app-release\\movie-app-release.apk","appium:autoGrantPermissions":true,"appium:automationName":"uiautomator2","appium:deviceName":"samsung SM-A725F (Android 13)","appium:fullReset":true,"appium:newCommandTimeout":1800,"appium:noReset":false,"platform":"ANDROID","platformName":"android","appium:platformVersion":"13","appium:systemPort":51834,"appium:udid":"R58R83Q043W"}]}}[39m
[35m[BaseDriver][39m The following capabilities are not standard capabilities and should have an extension prefix:
[35m[BaseDriver][39m   platform
[35m[BaseDriver][39m   chromedriverPort
[35m[Appium][39m Appium v1.22.3 creating new AndroidUiautomator2Driver (v1.70.1) session
[35m[BaseDriver][39m The following capabilities were provided, but are not recognized by Appium:
[35m[BaseDriver][39m   platform
[35m[BaseDriver][39m Session created with session id: 6523787a-bd9d-48c1-acb8-c3608cdfa423
[35m[BaseDriver][39m Using local app 'C:\Users\REG-LPT-173\Downloads\movie-app-release\movie-app-release.apk'
[35m[ADB][39m Found 1 'build-tools' folders under 'C:\Users\REG-LPT-173\.katalon\tools\android_sdk' (newest first):
[35m[ADB][39m     C:/Users/REG-LPT-173/.katalon/tools/android_sdk/build-tools/29.0.3
[35m[ADB][39m Using 'adb.exe' from 'C:\Users\REG-LPT-173\.katalon\tools\android_sdk\platform-tools\adb.exe'
[35m[AndroidDriver][39m Retrieving device list
[35m[AndroidDriver][39m Using device: R58R83Q043W
[35m[ADB][39m Using 'adb.exe' from 'C:\Users\REG-LPT-173\.katalon\tools\android_sdk\platform-tools\adb.exe'
[35m[ADB][39m Getting device platform version
[35m[UiAutomator2][39m Relaxing hidden api policy
[35m[ADB][39m Package name: 'com.tengyeekong.movieapp'
[35m[ADB][39m Main activity name: 'com.tengyeekong.movieapp.ui.MainActivity'
[35m[ADB][39m Using 'apksigner.jar' from 'C:\Users\REG-LPT-173\.katalon\tools\android_sdk\build-tools\29.0.3\lib\apksigner.jar'
[35m[ADB][39m 'C:\Users\REG-LPT-173\AppData\Roaming\npm\node_modules\appium\node_modules\appium-uiautomator2-server\apks\appium-uiautomator2-server-v4.27.0.apk' is signed with the default certificate
[35m[ADB][39m 'C:\Users\REG-LPT-173\AppData\Roaming\npm\node_modules\appium\node_modules\appium-uiautomator2-server\apks\appium-uiautomator2-server-debug-androidTest.apk' is signed with the default certificate
[35m[UiAutomator2][39m Server packages are not going to be (re)installed
[35m[ADB][39m Adding packages ["io.appium.settings","io.appium.uiautomator2.server","io.appium.uiautomator2.server.test"] to Doze whitelist
[35m[ADB][39m 'C:\Users\REG-LPT-173\Downloads\movie-app-release\movie-app-release.apk' is signed with a non-default certificate
[35m[ADB][39m com.tengyeekong.movieapp was not uninstalled, because it was not present on the device
[35m[ADB][39m The application at 'C:\Users\REG-LPT-173\Downloads\movie-app-release\movie-app-release.apk' will not be cached, because the device under test has confirmed the support of streamed installs
[35m[ADB][39m The installation of 'movie-app-release.apk' took 8375ms
[35m[UiAutomator2][39m Starting UIAutomator2 server 4.27.0
[35m[UiAutomator2][39m Using UIAutomator2 server from 'C:\Users\REG-LPT-173\AppData\Roaming\npm\node_modules\appium\node_modules\appium-uiautomator2-server\apks\appium-uiautomator2-server-v4.27.0.apk' and test from 'C:\Users\REG-LPT-173\AppData\Roaming\npm\node_modules\appium\node_modules\appium-uiautomator2-server\apks\appium-uiautomator2-server-debug-androidTest.apk'
[35m[UiAutomator2][39m Waiting up to 30000ms for UiAutomator2 to be online...
[35m[WD Proxy][39m socket hang up
[35m[WD Proxy][39m socket hang up
[35m[WD Proxy][39m socket hang up
[35m[WD Proxy][39m Determined the downstream protocol as 'W3C'
[35m[AndroidDriver][39m Screen already unlocked, doing nothing
[35m[UiAutomator2][39m Starting 'com.tengyeekong.movieapp/com.tengyeekong.movieapp.ui.MainActivity and waiting for 'com.tengyeekong.movieapp/com.tengyeekong.movieapp.ui.MainActivity'
[35m[Appium][39m New AndroidUiautomator2Driver session created successfully, session 6523787a-bd9d-48c1-acb8-c3608cdfa423 added to master session list
[35m[HTTP][39m [37m<-- POST /wd/hub/session [39m[32m200[39m [90m18817 ms - 1311[39m
[35m[HTTP][39m [90m[39m
[35m[HTTP][39m [37m-->[39m [37mGET[39m [37m/wd/hub/session/6523787a-bd9d-48c1-acb8-c3608cdfa423[39m
[35m[HTTP][39m [90m{}[39m
[35m[HTTP][39m [37m<-- GET /wd/hub/session/6523787a-bd9d-48c1-acb8-c3608cdfa423 [39m[32m200[39m [90m27 ms - 1265[39m
[35m[HTTP][39m [90m[39m
[35m[HTTP][39m [37m-->[39m [37mGET[39m [37m/wd/hub/session/6523787a-bd9d-48c1-acb8-c3608cdfa423[39m
[35m[HTTP][39m [90m{}[39m
[35m[HTTP][39m [37m<-- GET /wd/hub/session/6523787a-bd9d-48c1-acb8-c3608cdfa423 [39m[32m200[39m [90m30 ms - 1265[39m
[35m[HTTP][39m [90m[39m
[35m[HTTP][39m [37m-->[39m [37mGET[39m [37m/wd/hub/status[39m
[35m[HTTP][39m [90m{}[39m
[35m[HTTP][39m [37m<-- GET /wd/hub/status [39m[32m200[39m [90m1 ms - 68[39m
[35m[HTTP][39m [90m[39m
[35m[HTTP][39m [37m-->[39m [37mPOST[39m [37m/wd/hub/session/6523787a-bd9d-48c1-acb8-c3608cdfa423/timeouts[39m
[35m[HTTP][39m [90m{"implicit":30000}[39m
[35m[HTTP][39m [37m<-- POST /wd/hub/session/6523787a-bd9d-48c1-acb8-c3608cdfa423/timeouts [39m[32m200[39m [90m3 ms - 14[39m
[35m[HTTP][39m [90m[39m
[35m[HTTP][39m [37m-->[39m [37mGET[39m [37m/wd/hub/session/6523787a-bd9d-48c1-acb8-c3608cdfa423/screenshot[39m
[35m[HTTP][39m [90m{}[39m
[35m[HTTP][39m [37m<-- GET /wd/hub/session/6523787a-bd9d-48c1-acb8-c3608cdfa423/screenshot [39m[32m200[39m [90m1557 ms - 879368[39m
[35m[HTTP][39m [90m[39m
[35m[HTTP][39m [37m-->[39m [37mGET[39m [37m/wd/hub/session/6523787a-bd9d-48c1-acb8-c3608cdfa423/window/rect[39m
[35m[HTTP][39m [90m{}[39m
[35m[HTTP][39m [37m<-- GET /wd/hub/session/6523787a-bd9d-48c1-acb8-c3608cdfa423/window/rect [39m[32m200[39m [90m37 ms - 50[39m
[35m[HTTP][39m [90m[39m
[35m[HTTP][39m [37m-->[39m [37mGET[39m [37m/wd/hub/session/6523787a-bd9d-48c1-acb8-c3608cdfa423/appium/device/system_bars[39m
[35m[HTTP][39m [90m{}[39m
[35m[HTTP][39m [37m<-- GET /wd/hub/session/6523787a-bd9d-48c1-acb8-c3608cdfa423/appium/device/system_bars [39m[32m200[39m [90m203 ms - 145[39m
[35m[HTTP][39m [90m[39m
[35m[HTTP][39m [37m-->[39m [37mPOST[39m [37m/wd/hub/session/6523787a-bd9d-48c1-acb8-c3608cdfa423/timeouts[39m
[35m[HTTP][39m [90m{"implicit":50}[39m
[35m[HTTP][39m [37m<-- POST /wd/hub/session/6523787a-bd9d-48c1-acb8-c3608cdfa423/timeouts [39m[32m200[39m [90m3 ms - 14[39m
[35m[HTTP][39m [90m[39m
[35m[HTTP][39m [37m-->[39m [37mGET[39m [37m/wd/hub/session/6523787a-bd9d-48c1-acb8-c3608cdfa423/window/rect[39m
[35m[HTTP][39m [90m{}[39m
[35m[HTTP][39m [37m<-- GET /wd/hub/session/6523787a-bd9d-48c1-acb8-c3608cdfa423/window/rect [39m[32m200[39m [90m34 ms - 50[39m
[35m[HTTP][39m [90m[39m
[35m[HTTP][39m [37m-->[39m [37mPOST[39m [37m/wd/hub/session/6523787a-bd9d-48c1-acb8-c3608cdfa423/elements[39m
[35m[HTTP][39m [90m{"using":"xpath","value":"//hierarchy/android.widget.FrameLayout[1]/android.widget.LinearLayout[1]/android.widget.FrameLayout[1]/android.widget.LinearLayout[1]/android.widget.FrameLayout[1]/android.widget.FrameLayout[1]/android.widget.FrameLayout[1]/android.view.ViewGroup[1]/android.widget.LinearLayout[1]/android.view.ViewGroup[1]/androidx.recyclerview.widget.RecyclerView[1]/android.widget.FrameLayout[1]/android.view.ViewGroup[1]"}[39m
[35m[HTTP][39m [37m<-- POST /wd/hub/session/6523787a-bd9d-48c1-acb8-c3608cdfa423/elements [39m[32m200[39m [90m750 ms - 139[39m
[35m[HTTP][39m [90m[39m
[35m[HTTP][39m [37m-->[39m [37mGET[39m [37m/wd/hub/session/6523787a-bd9d-48c1-acb8-c3608cdfa423/element/00000000-0000-01ed-ffff-ffff00000017/location[39m
[35m[HTTP][39m [90m{}[39m
[35m[W3C (6523787a)][39m Driver proxy active, passing request on via HTTP proxy
[35m[WD Proxy][39m Replacing sessionId 93e3f95d-2fc2-409e-bb69-02401a810263 with 6523787a-bd9d-48c1-acb8-c3608cdfa423
[35m[HTTP][39m [37m<-- GET /wd/hub/session/6523787a-bd9d-48c1-acb8-c3608cdfa423/element/00000000-0000-01ed-ffff-ffff00000017/location [39m[32m200[39m [90m56 ms - 77[39m
[35m[HTTP][39m [90m[39m
[35m[HTTP][39m [37m-->[39m [37mPOST[39m [37m/wd/hub/session/6523787a-bd9d-48c1-acb8-c3608cdfa423/timeouts[39m
[35m[HTTP][39m [90m{"implicit":30000}[39m
[35m[HTTP][39m [37m<-- POST /wd/hub/session/6523787a-bd9d-48c1-acb8-c3608cdfa423/timeouts [39m[32m200[39m [90m1 ms - 14[39m
[35m[HTTP][39m [90m[39m
[35m[HTTP][39m [37m-->[39m [37mPOST[39m [37m/wd/hub/session/6523787a-bd9d-48c1-acb8-c3608cdfa423/element/00000000-0000-01ed-ffff-ffff00000017/click[39m
[35m[HTTP][39m [90m{"id":"00000000-0000-01ed-ffff-ffff00000017"}[39m
[35m[HTTP][39m [37m<-- POST /wd/hub/session/6523787a-bd9d-48c1-acb8-c3608cdfa423/element/00000000-0000-01ed-ffff-ffff00000017/click [39m[32m200[39m [90m122 ms - 14[39m
[35m[HTTP][39m [90m[39m
[35m[HTTP][39m [37m-->[39m [37mGET[39m [37m/wd/hub/session/6523787a-bd9d-48c1-acb8-c3608cdfa423/context[39m
[35m[HTTP][39m [90m{}[39m
[35m[HTTP][39m [37m<-- GET /wd/hub/session/6523787a-bd9d-48c1-acb8-c3608cdfa423/context [39m[32m200[39m [90m1 ms - 22[39m
[35m[HTTP][39m [90m[39m
[35m[HTTP][39m [37m-->[39m [37mGET[39m [37m/wd/hub/session/6523787a-bd9d-48c1-acb8-c3608cdfa423/contexts[39m
[35m[HTTP][39m [90m{}[39m
[35m[HTTP][39m [37m<-- GET /wd/hub/session/6523787a-bd9d-48c1-acb8-c3608cdfa423/contexts [39m[32m200[39m [90m144 ms - 24[39m
[35m[HTTP][39m [90m[39m
[35m[HTTP][39m [37m-->[39m [37mPOST[39m [37m/wd/hub/session/6523787a-bd9d-48c1-acb8-c3608cdfa423/context[39m
[35m[HTTP][39m [90m{"name":"NATIVE_APP"}[39m
[35m[HTTP][39m [37m<-- POST /wd/hub/session/6523787a-bd9d-48c1-acb8-c3608cdfa423/context [39m[32m200[39m [90m1 ms - 14[39m
[35m[HTTP][39m [90m[39m
[35m[HTTP][39m [37m-->[39m [37mGET[39m [37m/wd/hub/session/6523787a-bd9d-48c1-acb8-c3608cdfa423/window/rect[39m
[35m[HTTP][39m [90m{}[39m
[35m[HTTP][39m [37m<-- GET /wd/hub/session/6523787a-bd9d-48c1-acb8-c3608cdfa423/window/rect [39m[32m200[39m [90m64 ms - 50[39m
[35m[HTTP][39m [90m[39m
[35m[HTTP][39m [37m-->[39m [37mPOST[39m [37m/wd/hub/session/6523787a-bd9d-48c1-acb8-c3608cdfa423/execute/sync[39m
[35m[HTTP][39m [90m{"script":"mobile: viewportScreenshot","args":[]}[39m
[35m[AndroidDriver][39m Executing native command 'mobile: viewportScreenshot'
[35m[HTTP][39m [37m<-- POST /wd/hub/session/6523787a-bd9d-48c1-acb8-c3608cdfa423/execute/sync [39m[32m200[39m [90m1252 ms - 373872[39m
[35m[HTTP][39m [90m[39m
[35m[HTTP][39m [37m-->[39m [37mPOST[39m [37m/wd/hub/session/6523787a-bd9d-48c1-acb8-c3608cdfa423/context[39m
[35m[HTTP][39m [90m{"name":"NATIVE_APP"}[39m
[35m[HTTP][39m [37m<-- POST /wd/hub/session/6523787a-bd9d-48c1-acb8-c3608cdfa423/context [39m[32m200[39m [90m1 ms - 14[39m
[35m[HTTP][39m [90m[39m
[35m[HTTP][39m [37m-->[39m [37mPOST[39m [37m/wd/hub/session/6523787a-bd9d-48c1-acb8-c3608cdfa423/timeouts[39m
[35m[HTTP][39m [90m{"implicit":50}[39m
[35m[HTTP][39m [37m<-- POST /wd/hub/session/6523787a-bd9d-48c1-acb8-c3608cdfa423/timeouts [39m[32m200[39m [90m1 ms - 14[39m
[35m[HTTP][39m [90m[39m
[35m[HTTP][39m [37m-->[39m [37mGET[39m [37m/wd/hub/session/6523787a-bd9d-48c1-acb8-c3608cdfa423/window/rect[39m
[35m[HTTP][39m [90m{}[39m
[35m[HTTP][39m [37m<-- GET /wd/hub/session/6523787a-bd9d-48c1-acb8-c3608cdfa423/window/rect [39m[32m200[39m [90m35 ms - 50[39m
[35m[HTTP][39m [90m[39m
[35m[HTTP][39m [37m-->[39m [37mPOST[39m [37m/wd/hub/session/6523787a-bd9d-48c1-acb8-c3608cdfa423/elements[39m
[35m[HTTP][39m [90m{"using":"xpath","value":"//*[@class = 'android.widget.Button' and (@text = 'BOOK THE MOVIE' or . = 'BOOK THE MOVIE') and @resource-id = 'com.tengyeekong.movieapp:id/btnBookMovie']"}[39m
[35m[HTTP][39m [37m<-- POST /wd/hub/session/6523787a-bd9d-48c1-acb8-c3608cdfa423/elements [39m[32m200[39m [90m275 ms - 139[39m
[35m[HTTP][39m [90m[39m
[35m[HTTP][39m [37m-->[39m [37mGET[39m [37m/wd/hub/session/6523787a-bd9d-48c1-acb8-c3608cdfa423/element/00000000-0000-01ed-ffff-ffff0000005b/location[39m
[35m[HTTP][39m [90m{}[39m
[35m[W3C (6523787a)][39m Driver proxy active, passing request on via HTTP proxy
[35m[WD Proxy][39m Replacing sessionId 93e3f95d-2fc2-409e-bb69-02401a810263 with 6523787a-bd9d-48c1-acb8-c3608cdfa423
[35m[HTTP][39m [37m<-- GET /wd/hub/session/6523787a-bd9d-48c1-acb8-c3608cdfa423/element/00000000-0000-01ed-ffff-ffff0000005b/location [39m[32m200[39m [90m36 ms - 79[39m
[35m[HTTP][39m [90m[39m
[35m[HTTP][39m [37m-->[39m [37mPOST[39m [37m/wd/hub/session/6523787a-bd9d-48c1-acb8-c3608cdfa423/timeouts[39m
[35m[HTTP][39m [90m{"implicit":30000}[39m
[35m[HTTP][39m [37m<-- POST /wd/hub/session/6523787a-bd9d-48c1-acb8-c3608cdfa423/timeouts [39m[32m200[39m [90m1 ms - 14[39m
[35m[HTTP][39m [90m[39m
[35m[HTTP][39m [37m-->[39m [37mPOST[39m [37m/wd/hub/session/6523787a-bd9d-48c1-acb8-c3608cdfa423/element/00000000-0000-01ed-ffff-ffff0000005b/click[39m
[35m[HTTP][39m [90m{"id":"00000000-0000-01ed-ffff-ffff0000005b"}[39m
[35m[HTTP][39m [37m<-- POST /wd/hub/session/6523787a-bd9d-48c1-acb8-c3608cdfa423/element/00000000-0000-01ed-ffff-ffff0000005b/click [39m[32m200[39m [90m100 ms - 14[39m
[35m[HTTP][39m [90m[39m
[35m[HTTP][39m [37m-->[39m [37mPOST[39m [37m/wd/hub/session/6523787a-bd9d-48c1-acb8-c3608cdfa423/timeouts[39m
[35m[HTTP][39m [90m{"implicit":50}[39m
[35m[HTTP][39m [37m<-- POST /wd/hub/session/6523787a-bd9d-48c1-acb8-c3608cdfa423/timeouts [39m[32m200[39m [90m1 ms - 14[39m
[35m[HTTP][39m [90m[39m
[35m[HTTP][39m [37m-->[39m [37mGET[39m [37m/wd/hub/session/6523787a-bd9d-48c1-acb8-c3608cdfa423/window/rect[39m
[35m[HTTP][39m [90m{}[39m
[35m[HTTP][39m [37m<-- GET /wd/hub/session/6523787a-bd9d-48c1-acb8-c3608cdfa423/window/rect [39m[32m200[39m [90m53 ms - 50[39m
[35m[HTTP][39m [90m[39m
[35m[HTTP][39m [37m-->[39m [37mPOST[39m [37m/wd/hub/session/6523787a-bd9d-48c1-acb8-c3608cdfa423/elements[39m
[35m[HTTP][39m [90m{"using":"xpath","value":"//*[@class = 'android.widget.ImageButton' and (@text = '' or . = '')]"}[39m
[35m[HTTP][39m [37m<-- POST /wd/hub/session/6523787a-bd9d-48c1-acb8-c3608cdfa423/elements [39m[32m200[39m [90m931 ms - 139[39m
[35m[HTTP][39m [90m[39m
[35m[HTTP][39m [37m-->[39m [37mGET[39m [37m/wd/hub/session/6523787a-bd9d-48c1-acb8-c3608cdfa423/element/00000000-0000-01ed-ffff-ffff00000064/location[39m
[35m[HTTP][39m [90m{}[39m
[35m[W3C (6523787a)][39m Driver proxy active, passing request on via HTTP proxy
[35m[WD Proxy][39m Replacing sessionId 93e3f95d-2fc2-409e-bb69-02401a810263 with 6523787a-bd9d-48c1-acb8-c3608cdfa423
[35m[HTTP][39m [37m<-- GET /wd/hub/session/6523787a-bd9d-48c1-acb8-c3608cdfa423/element/00000000-0000-01ed-ffff-ffff00000064/location [39m[32m200[39m [90m23 ms - 75[39m
[35m[HTTP][39m [90m[39m
[35m[HTTP][39m [37m-->[39m [37mPOST[39m [37m/wd/hub/session/6523787a-bd9d-48c1-acb8-c3608cdfa423/timeouts[39m
[35m[HTTP][39m [90m{"implicit":30000}[39m
[35m[HTTP][39m [37m<-- POST /wd/hub/session/6523787a-bd9d-48c1-acb8-c3608cdfa423/timeouts [39m[32m200[39m [90m1 ms - 14[39m
[35m[HTTP][39m [90m[39m
[35m[HTTP][39m [37m-->[39m [37mPOST[39m [37m/wd/hub/session/6523787a-bd9d-48c1-acb8-c3608cdfa423/element/00000000-0000-01ed-ffff-ffff00000064/click[39m
[35m[HTTP][39m [90m{"id":"00000000-0000-01ed-ffff-ffff00000064"}[39m
[35m[HTTP][39m [37m<-- POST /wd/hub/session/6523787a-bd9d-48c1-acb8-c3608cdfa423/element/00000000-0000-01ed-ffff-ffff00000064/click [39m[32m200[39m [90m598 ms - 14[39m
[35m[HTTP][39m [90m[39m
[35m[HTTP][39m [37m-->[39m [37mPOST[39m [37m/wd/hub/session/6523787a-bd9d-48c1-acb8-c3608cdfa423/timeouts[39m
[35m[HTTP][39m [90m{"implicit":50}[39m
[35m[HTTP][39m [37m<-- POST /wd/hub/session/6523787a-bd9d-48c1-acb8-c3608cdfa423/timeouts [39m[32m200[39m [90m1 ms - 14[39m
[35m[HTTP][39m [90m[39m
[35m[HTTP][39m [37m-->[39m [37mGET[39m [37m/wd/hub/session/6523787a-bd9d-48c1-acb8-c3608cdfa423/window/rect[39m
[35m[HTTP][39m [90m{}[39m
[35m[HTTP][39m [37m<-- GET /wd/hub/session/6523787a-bd9d-48c1-acb8-c3608cdfa423/window/rect [39m[32m200[39m [90m41 ms - 50[39m
[35m[HTTP][39m [90m[39m
[35m[HTTP][39m [37m-->[39m [37mPOST[39m [37m/wd/hub/session/6523787a-bd9d-48c1-acb8-c3608cdfa423/elements[39m
[35m[HTTP][39m [90m{"using":"xpath","value":"//*[@class = 'android.widget.ImageButton' and (@text = '' or . = '')]"}[39m
[35m[HTTP][39m [37m<-- POST /wd/hub/session/6523787a-bd9d-48c1-acb8-c3608cdfa423/elements [39m[32m200[39m [90m622 ms - 139[39m
[35m[HTTP][39m [90m[39m
[35m[HTTP][39m [37m-->[39m [37mGET[39m [37m/wd/hub/session/6523787a-bd9d-48c1-acb8-c3608cdfa423/element/00000000-0000-01ed-ffff-ffff00000044/location[39m
[35m[HTTP][39m [90m{}[39m
[35m[W3C (6523787a)][39m Driver proxy active, passing request on via HTTP proxy
[35m[WD Proxy][39m Replacing sessionId 93e3f95d-2fc2-409e-bb69-02401a810263 with 6523787a-bd9d-48c1-acb8-c3608cdfa423
[35m[HTTP][39m [37m<-- GET /wd/hub/session/6523787a-bd9d-48c1-acb8-c3608cdfa423/element/00000000-0000-01ed-ffff-ffff00000044/location [39m[32m200[39m [90m24 ms - 75[39m
[35m[HTTP][39m [90m[39m
[35m[HTTP][39m [37m-->[39m [37mPOST[39m [37m/wd/hub/session/6523787a-bd9d-48c1-acb8-c3608cdfa423/timeouts[39m
[35m[HTTP][39m [90m{"implicit":30000}[39m
[35m[HTTP][39m [37m<-- POST /wd/hub/session/6523787a-bd9d-48c1-acb8-c3608cdfa423/timeouts [39m[32m200[39m [90m1 ms - 14[39m
[35m[HTTP][39m [90m[39m
[35m[HTTP][39m [37m-->[39m [37mPOST[39m [37m/wd/hub/session/6523787a-bd9d-48c1-acb8-c3608cdfa423/element/00000000-0000-01ed-ffff-ffff00000044/click[39m
[35m[HTTP][39m [90m{"id":"00000000-0000-01ed-ffff-ffff00000044"}[39m
[35m[HTTP][39m [37m<-- POST /wd/hub/session/6523787a-bd9d-48c1-acb8-c3608cdfa423/element/00000000-0000-01ed-ffff-ffff00000044/click [39m[32m200[39m [90m90 ms - 14[39m
[35m[HTTP][39m [90m[39m
[35m[HTTP][39m [37m-->[39m [37mPOST[39m [37m/wd/hub/session/6523787a-bd9d-48c1-acb8-c3608cdfa423/timeouts[39m
[35m[HTTP][39m [90m{"implicit":50}[39m
[35m[HTTP][39m [37m<-- POST /wd/hub/session/6523787a-bd9d-48c1-acb8-c3608cdfa423/timeouts [39m[32m200[39m [90m1 ms - 14[39m
[35m[HTTP][39m [90m[39m
[35m[HTTP][39m [37m-->[39m [37mGET[39m [37m/wd/hub/session/6523787a-bd9d-48c1-acb8-c3608cdfa423/window/rect[39m
[35m[HTTP][39m [90m{}[39m
[35m[HTTP][39m [37m<-- GET /wd/hub/session/6523787a-bd9d-48c1-acb8-c3608cdfa423/window/rect [39m[32m200[39m [90m44 ms - 50[39m
[35m[HTTP][39m [90m[39m
[35m[HTTP][39m [37m-->[39m [37mPOST[39m [37m/wd/hub/session/6523787a-bd9d-48c1-acb8-c3608cdfa423/elements[39m
[35m[HTTP][39m [90m{"using":"xpath","value":"//hierarchy/android.widget.FrameLayout[1]/android.widget.LinearLayout[1]/android.widget.FrameLayout[1]/android.widget.LinearLayout[1]/android.widget.FrameLayout[1]/android.widget.FrameLayout[1]/android.widget.FrameLayout[1]/android.view.ViewGroup[1]/android.widget.LinearLayout[1]/android.view.ViewGroup[1]/androidx.recyclerview.widget.RecyclerView[1]/android.widget.FrameLayout[3]/android.view.ViewGroup[1]"}[39m
[35m[HTTP][39m [37m<-- POST /wd/hub/session/6523787a-bd9d-48c1-acb8-c3608cdfa423/elements [39m[32m200[39m [90m705 ms - 139[39m
[35m[HTTP][39m [90m[39m
[35m[HTTP][39m [37m-->[39m [37mGET[39m [37m/wd/hub/session/6523787a-bd9d-48c1-acb8-c3608cdfa423/element/00000000-0000-01ed-ffff-ffff00000029/location[39m
[35m[HTTP][39m [90m{}[39m
[35m[W3C (6523787a)][39m Driver proxy active, passing request on via HTTP proxy
[35m[WD Proxy][39m Replacing sessionId 93e3f95d-2fc2-409e-bb69-02401a810263 with 6523787a-bd9d-48c1-acb8-c3608cdfa423
[35m[HTTP][39m [37m<-- GET /wd/hub/session/6523787a-bd9d-48c1-acb8-c3608cdfa423/element/00000000-0000-01ed-ffff-ffff00000029/location [39m[32m200[39m [90m19 ms - 78[39m
[35m[HTTP][39m [90m[39m
[35m[HTTP][39m [37m-->[39m [37mPOST[39m [37m/wd/hub/session/6523787a-bd9d-48c1-acb8-c3608cdfa423/timeouts[39m
[35m[HTTP][39m [90m{"implicit":30000}[39m
[35m[HTTP][39m [37m<-- POST /wd/hub/session/6523787a-bd9d-48c1-acb8-c3608cdfa423/timeouts [39m[32m200[39m [90m1 ms - 14[39m
[35m[HTTP][39m [90m[39m
[35m[HTTP][39m [37m-->[39m [37mPOST[39m [37m/wd/hub/session/6523787a-bd9d-48c1-acb8-c3608cdfa423/element/00000000-0000-01ed-ffff-ffff00000029/click[39m
[35m[HTTP][39m [90m{"id":"00000000-0000-01ed-ffff-ffff00000029"}[39m
[35m[HTTP][39m [37m<-- POST /wd/hub/session/6523787a-bd9d-48c1-acb8-c3608cdfa423/element/00000000-0000-01ed-ffff-ffff00000029/click [39m[32m200[39m [90m80 ms - 14[39m
[35m[HTTP][39m [90m[39m
[35m[HTTP][39m [37m-->[39m [37mPOST[39m [37m/wd/hub/session/6523787a-bd9d-48c1-acb8-c3608cdfa423/timeouts[39m
[35m[HTTP][39m [90m{"implicit":50}[39m
[35m[HTTP][39m [37m<-- POST /wd/hub/session/6523787a-bd9d-48c1-acb8-c3608cdfa423/timeouts [39m[32m200[39m [90m1 ms - 14[39m
[35m[HTTP][39m [90m[39m
[35m[HTTP][39m [37m-->[39m [37mGET[39m [37m/wd/hub/session/6523787a-bd9d-48c1-acb8-c3608cdfa423/window/rect[39m
[35m[HTTP][39m [90m{}[39m
[35m[HTTP][39m [37m<-- GET /wd/hub/session/6523787a-bd9d-48c1-acb8-c3608cdfa423/window/rect [39m[32m200[39m [90m39 ms - 50[39m
[35m[HTTP][39m [90m[39m
[35m[HTTP][39m [37m-->[39m [37mPOST[39m [37m/wd/hub/session/6523787a-bd9d-48c1-acb8-c3608cdfa423/elements[39m
[35m[HTTP][39m [90m{"using":"xpath","value":"//*[@class = 'android.widget.Button' and (@text = 'BOOK THE MOVIE' or . = 'BOOK THE MOVIE') and @resource-id = 'com.tengyeekong.movieapp:id/btnBookMovie']"}[39m
[35m[HTTP][39m [37m<-- POST /wd/hub/session/6523787a-bd9d-48c1-acb8-c3608cdfa423/elements [39m[32m200[39m [90m1002 ms - 139[39m
[35m[HTTP][39m [90m[39m
[35m[HTTP][39m [37m-->[39m [37mGET[39m [37m/wd/hub/session/6523787a-bd9d-48c1-acb8-c3608cdfa423/element/00000000-0000-01ed-ffff-ffff00000088/location[39m
[35m[HTTP][39m [90m{}[39m
[35m[W3C (6523787a)][39m Driver proxy active, passing request on via HTTP proxy
[35m[WD Proxy][39m Replacing sessionId 93e3f95d-2fc2-409e-bb69-02401a810263 with 6523787a-bd9d-48c1-acb8-c3608cdfa423
[35m[HTTP][39m [37m<-- GET /wd/hub/session/6523787a-bd9d-48c1-acb8-c3608cdfa423/element/00000000-0000-01ed-ffff-ffff00000088/location [39m[32m200[39m [90m21 ms - 79[39m
[35m[HTTP][39m [90m[39m
[35m[HTTP][39m [37m-->[39m [37mPOST[39m [37m/wd/hub/session/6523787a-bd9d-48c1-acb8-c3608cdfa423/timeouts[39m
[35m[HTTP][39m [90m{"implicit":30000}[39m
[35m[HTTP][39m [37m<-- POST /wd/hub/session/6523787a-bd9d-48c1-acb8-c3608cdfa423/timeouts [39m[32m200[39m [90m1 ms - 14[39m
[35m[HTTP][39m [90m[39m
[35m[HTTP][39m [37m-->[39m [37mPOST[39m [37m/wd/hub/session/6523787a-bd9d-48c1-acb8-c3608cdfa423/element/00000000-0000-01ed-ffff-ffff00000088/click[39m
[35m[HTTP][39m [90m{"id":"00000000-0000-01ed-ffff-ffff00000088"}[39m
[35m[HTTP][39m [37m<-- POST /wd/hub/session/6523787a-bd9d-48c1-acb8-c3608cdfa423/element/00000000-0000-01ed-ffff-ffff00000088/click [39m[32m200[39m [90m89 ms - 14[39m
[35m[HTTP][39m [90m[39m
[35m[HTTP][39m [37m-->[39m [37mGET[39m [37m/wd/hub/session/6523787a-bd9d-48c1-acb8-c3608cdfa423/context[39m
[35m[HTTP][39m [90m{}[39m
[35m[HTTP][39m [37m<-- GET /wd/hub/session/6523787a-bd9d-48c1-acb8-c3608cdfa423/context [39m[32m200[39m [90m1 ms - 22[39m
[35m[HTTP][39m [90m[39m
[35m[HTTP][39m [37m-->[39m [37mGET[39m [37m/wd/hub/session/6523787a-bd9d-48c1-acb8-c3608cdfa423/contexts[39m
[35m[HTTP][39m [90m{}[39m
[35m[HTTP][39m [37m<-- GET /wd/hub/session/6523787a-bd9d-48c1-acb8-c3608cdfa423/contexts [39m[32m200[39m [90m123 ms - 24[39m
[35m[HTTP][39m [90m[39m
[35m[HTTP][39m [37m-->[39m [37mPOST[39m [37m/wd/hub/session/6523787a-bd9d-48c1-acb8-c3608cdfa423/context[39m
[35m[HTTP][39m [90m{"name":"NATIVE_APP"}[39m
[35m[HTTP][39m [37m<-- POST /wd/hub/session/6523787a-bd9d-48c1-acb8-c3608cdfa423/context [39m[32m200[39m [90m1 ms - 14[39m
[35m[HTTP][39m [90m[39m
[35m[HTTP][39m [37m-->[39m [37mGET[39m [37m/wd/hub/session/6523787a-bd9d-48c1-acb8-c3608cdfa423/window/rect[39m
[35m[HTTP][39m [90m{}[39m
[35m[HTTP][39m [37m<-- GET /wd/hub/session/6523787a-bd9d-48c1-acb8-c3608cdfa423/window/rect [39m[32m200[39m [90m56 ms - 50[39m
[35m[HTTP][39m [90m[39m
[35m[HTTP][39m [37m-->[39m [37mPOST[39m [37m/wd/hub/session/6523787a-bd9d-48c1-acb8-c3608cdfa423/execute/sync[39m
[35m[HTTP][39m [90m{"script":"mobile: viewportScreenshot","args":[]}[39m
[35m[AndroidDriver][39m Executing native command 'mobile: viewportScreenshot'
[35m[HTTP][39m [37m<-- POST /wd/hub/session/6523787a-bd9d-48c1-acb8-c3608cdfa423/execute/sync [39m[32m200[39m [90m1158 ms - 157064[39m
[35m[HTTP][39m [90m[39m
[35m[HTTP][39m [37m-->[39m [37mPOST[39m [37m/wd/hub/session/6523787a-bd9d-48c1-acb8-c3608cdfa423/context[39m
[35m[HTTP][39m [90m{"name":"NATIVE_APP"}[39m
[35m[HTTP][39m [37m<-- POST /wd/hub/session/6523787a-bd9d-48c1-acb8-c3608cdfa423/context [39m[32m200[39m [90m1 ms - 14[39m
[35m[HTTP][39m [90m[39m
[35m[HTTP][39m [37m-->[39m [37mPOST[39m [37m/wd/hub/session/6523787a-bd9d-48c1-acb8-c3608cdfa423/timeouts[39m
[35m[HTTP][39m [90m{"implicit":50}[39m
[35m[HTTP][39m [37m<-- POST /wd/hub/session/6523787a-bd9d-48c1-acb8-c3608cdfa423/timeouts [39m[32m200[39m [90m2 ms - 14[39m
[35m[HTTP][39m [90m[39m
[35m[HTTP][39m [37m-->[39m [37mGET[39m [37m/wd/hub/session/6523787a-bd9d-48c1-acb8-c3608cdfa423/window/rect[39m
[35m[HTTP][39m [90m{}[39m
[35m[HTTP][39m [37m<-- GET /wd/hub/session/6523787a-bd9d-48c1-acb8-c3608cdfa423/window/rect [39m[32m200[39m [90m30 ms - 50[39m
[35m[HTTP][39m [90m[39m
[35m[HTTP][39m [37m-->[39m [37mPOST[39m [37m/wd/hub/session/6523787a-bd9d-48c1-acb8-c3608cdfa423/elements[39m
[35m[HTTP][39m [90m{"using":"xpath","value":"//*[@class = 'android.widget.ImageButton' and (@text = '' or . = '')]"}[39m
[35m[HTTP][39m [37m<-- POST /wd/hub/session/6523787a-bd9d-48c1-acb8-c3608cdfa423/elements [39m[32m200[39m [90m814 ms - 139[39m
[35m[HTTP][39m [90m[39m
[35m[HTTP][39m [37m-->[39m [37mGET[39m [37m/wd/hub/session/6523787a-bd9d-48c1-acb8-c3608cdfa423/element/00000000-0000-01ed-ffff-ffff00000091/location[39m
[35m[HTTP][39m [90m{}[39m
[35m[W3C (6523787a)][39m Driver proxy active, passing request on via HTTP proxy
[35m[WD Proxy][39m Replacing sessionId 93e3f95d-2fc2-409e-bb69-02401a810263 with 6523787a-bd9d-48c1-acb8-c3608cdfa423
[35m[HTTP][39m [37m<-- GET /wd/hub/session/6523787a-bd9d-48c1-acb8-c3608cdfa423/element/00000000-0000-01ed-ffff-ffff00000091/location [39m[32m200[39m [90m40 ms - 75[39m
[35m[HTTP][39m [90m[39m
[35m[HTTP][39m [37m-->[39m [37mPOST[39m [37m/wd/hub/session/6523787a-bd9d-48c1-acb8-c3608cdfa423/timeouts[39m
[35m[HTTP][39m [90m{"implicit":30000}[39m
[35m[HTTP][39m [37m<-- POST /wd/hub/session/6523787a-bd9d-48c1-acb8-c3608cdfa423/timeouts [39m[32m200[39m [90m1 ms - 14[39m
[35m[HTTP][39m [90m[39m
[35m[HTTP][39m [37m-->[39m [37mPOST[39m [37m/wd/hub/session/6523787a-bd9d-48c1-acb8-c3608cdfa423/element/00000000-0000-01ed-ffff-ffff00000091/click[39m
[35m[HTTP][39m [90m{"id":"00000000-0000-01ed-ffff-ffff00000091"}[39m
[35m[HTTP][39m [37m<-- POST /wd/hub/session/6523787a-bd9d-48c1-acb8-c3608cdfa423/element/00000000-0000-01ed-ffff-ffff00000091/click [39m[32m200[39m [90m103 ms - 14[39m
[35m[HTTP][39m [90m[39m
[35m[HTTP][39m [37m-->[39m [37mPOST[39m [37m/wd/hub/session/6523787a-bd9d-48c1-acb8-c3608cdfa423/timeouts[39m
[35m[HTTP][39m [90m{"implicit":50}[39m
[35m[HTTP][39m [37m<-- POST /wd/hub/session/6523787a-bd9d-48c1-acb8-c3608cdfa423/timeouts [39m[32m200[39m [90m1 ms - 14[39m
[35m[HTTP][39m [90m[39m
[35m[HTTP][39m [37m-->[39m [37mGET[39m [37m/wd/hub/session/6523787a-bd9d-48c1-acb8-c3608cdfa423/window/rect[39m
[35m[HTTP][39m [90m{}[39m
[35m[HTTP][39m [37m<-- GET /wd/hub/session/6523787a-bd9d-48c1-acb8-c3608cdfa423/window/rect [39m[32m200[39m [90m45 ms - 50[39m
[35m[HTTP][39m [90m[39m
[35m[HTTP][39m [37m-->[39m [37mPOST[39m [37m/wd/hub/session/6523787a-bd9d-48c1-acb8-c3608cdfa423/elements[39m
[35m[HTTP][39m [90m{"using":"xpath","value":"//*[@class = 'android.widget.ImageButton' and (@text = '' or . = '')]"}[39m
[35m[HTTP][39m [37m<-- POST /wd/hub/session/6523787a-bd9d-48c1-acb8-c3608cdfa423/elements [39m[32m200[39m [90m695 ms - 139[39m
[35m[HTTP][39m [90m[39m
[35m[HTTP][39m [37m-->[39m [37mGET[39m [37m/wd/hub/session/6523787a-bd9d-48c1-acb8-c3608cdfa423/element/00000000-0000-01ed-ffff-ffff00000071/location[39m
[35m[HTTP][39m [90m{}[39m
[35m[W3C (6523787a)][39m Driver proxy active, passing request on via HTTP proxy
[35m[WD Proxy][39m Replacing sessionId 93e3f95d-2fc2-409e-bb69-02401a810263 with 6523787a-bd9d-48c1-acb8-c3608cdfa423
[35m[HTTP][39m [37m<-- GET /wd/hub/session/6523787a-bd9d-48c1-acb8-c3608cdfa423/element/00000000-0000-01ed-ffff-ffff00000071/location [39m[32m200[39m [90m29 ms - 75[39m
[35m[HTTP][39m [90m[39m
[35m[HTTP][39m [37m-->[39m [37mPOST[39m [37m/wd/hub/session/6523787a-bd9d-48c1-acb8-c3608cdfa423/timeouts[39m
[35m[HTTP][39m [90m{"implicit":30000}[39m
[35m[HTTP][39m [37m<-- POST /wd/hub/session/6523787a-bd9d-48c1-acb8-c3608cdfa423/timeouts [39m[32m200[39m [90m1 ms - 14[39m
[35m[HTTP][39m [90m[39m
[35m[HTTP][39m [37m-->[39m [37mPOST[39m [37m/wd/hub/session/6523787a-bd9d-48c1-acb8-c3608cdfa423/element/00000000-0000-01ed-ffff-ffff00000071/click[39m
[35m[HTTP][39m [90m{"id":"00000000-0000-01ed-ffff-ffff00000071"}[39m
[35m[HTTP][39m [37m<-- POST /wd/hub/session/6523787a-bd9d-48c1-acb8-c3608cdfa423/element/00000000-0000-01ed-ffff-ffff00000071/click [39m[32m200[39m [90m131 ms - 14[39m
[35m[HTTP][39m [90m[39m
[35m[HTTP][39m [37m-->[39m [37mPOST[39m [37m/wd/hub/session/6523787a-bd9d-48c1-acb8-c3608cdfa423/timeouts[39m
[35m[HTTP][39m [90m{"implicit":50}[39m
[35m[HTTP][39m [37m<-- POST /wd/hub/session/6523787a-bd9d-48c1-acb8-c3608cdfa423/timeouts [39m[32m200[39m [90m1 ms - 14[39m
[35m[HTTP][39m [90m[39m
[35m[HTTP][39m [37m-->[39m [37mGET[39m [37m/wd/hub/session/6523787a-bd9d-48c1-acb8-c3608cdfa423/window/rect[39m
[35m[HTTP][39m [90m{}[39m
[35m[HTTP][39m [37m<-- GET /wd/hub/session/6523787a-bd9d-48c1-acb8-c3608cdfa423/window/rect [39m[32m200[39m [90m49 ms - 50[39m
[35m[HTTP][39m [90m[39m
[35m[HTTP][39m [37m-->[39m [37mPOST[39m [37m/wd/hub/session/6523787a-bd9d-48c1-acb8-c3608cdfa423/elements[39m
[35m[HTTP][39m [90m{"using":"xpath","value":"//hierarchy/android.widget.FrameLayout[1]/android.widget.LinearLayout[1]/android.widget.FrameLayout[1]/android.widget.LinearLayout[1]/android.widget.FrameLayout[1]/android.widget.FrameLayout[1]/android.widget.FrameLayout[1]/android.view.ViewGroup[1]/android.widget.LinearLayout[1]/android.view.ViewGroup[1]/androidx.recyclerview.widget.RecyclerView[1]/android.widget.FrameLayout[2]/android.view.ViewGroup[1]"}[39m
[35m[HTTP][39m [37m<-- POST /wd/hub/session/6523787a-bd9d-48c1-acb8-c3608cdfa423/elements [39m[32m200[39m [90m582 ms - 139[39m
[35m[HTTP][39m [90m[39m
[35m[HTTP][39m [37m-->[39m [37mGET[39m [37m/wd/hub/session/6523787a-bd9d-48c1-acb8-c3608cdfa423/element/00000000-0000-01ed-ffff-ffff00000020/location[39m
[35m[HTTP][39m [90m{}[39m
[35m[W3C (6523787a)][39m Driver proxy active, passing request on via HTTP proxy
[35m[WD Proxy][39m Replacing sessionId 93e3f95d-2fc2-409e-bb69-02401a810263 with 6523787a-bd9d-48c1-acb8-c3608cdfa423
[35m[HTTP][39m [37m<-- GET /wd/hub/session/6523787a-bd9d-48c1-acb8-c3608cdfa423/element/00000000-0000-01ed-ffff-ffff00000020/location [39m[32m200[39m [90m27 ms - 77[39m
[35m[HTTP][39m [90m[39m
[35m[HTTP][39m [37m-->[39m [37mPOST[39m [37m/wd/hub/session/6523787a-bd9d-48c1-acb8-c3608cdfa423/timeouts[39m
[35m[HTTP][39m [90m{"implicit":30000}[39m
[35m[HTTP][39m [37m<-- POST /wd/hub/session/6523787a-bd9d-48c1-acb8-c3608cdfa423/timeouts [39m[32m200[39m [90m1 ms - 14[39m
[35m[HTTP][39m [90m[39m
[35m[HTTP][39m [37m-->[39m [37mPOST[39m [37m/wd/hub/session/6523787a-bd9d-48c1-acb8-c3608cdfa423/element/00000000-0000-01ed-ffff-ffff00000020/click[39m
[35m[HTTP][39m [90m{"id":"00000000-0000-01ed-ffff-ffff00000020"}[39m
[35m[HTTP][39m [37m<-- POST /wd/hub/session/6523787a-bd9d-48c1-acb8-c3608cdfa423/element/00000000-0000-01ed-ffff-ffff00000020/click [39m[32m200[39m [90m95 ms - 14[39m
[35m[HTTP][39m [90m[39m
[35m[HTTP][39m [37m-->[39m [37mPOST[39m [37m/wd/hub/session/6523787a-bd9d-48c1-acb8-c3608cdfa423/timeouts[39m
[35m[HTTP][39m [90m{"implicit":50}[39m
[35m[HTTP][39m [37m<-- POST /wd/hub/session/6523787a-bd9d-48c1-acb8-c3608cdfa423/timeouts [39m[32m200[39m [90m1 ms - 14[39m
[35m[HTTP][39m [90m[39m
[35m[HTTP][39m [37m-->[39m [37mGET[39m [37m/wd/hub/session/6523787a-bd9d-48c1-acb8-c3608cdfa423/window/rect[39m
[35m[HTTP][39m [90m{}[39m
[35m[HTTP][39m [37m<-- GET /wd/hub/session/6523787a-bd9d-48c1-acb8-c3608cdfa423/window/rect [39m[32m200[39m [90m50 ms - 50[39m
[35m[HTTP][39m [90m[39m
[35m[HTTP][39m [37m-->[39m [37mPOST[39m [37m/wd/hub/session/6523787a-bd9d-48c1-acb8-c3608cdfa423/elements[39m
[35m[HTTP][39m [90m{"using":"xpath","value":"//*[@class = 'android.widget.Button' and (@text = 'BOOK THE MOVIE' or . = 'BOOK THE MOVIE') and @resource-id = 'com.tengyeekong.movieapp:id/btnBookMovie']"}[39m
[35m[HTTP][39m [37m<-- POST /wd/hub/session/6523787a-bd9d-48c1-acb8-c3608cdfa423/elements [39m[32m200[39m [90m1055 ms - 139[39m
[35m[HTTP][39m [90m[39m
[35m[HTTP][39m [37m-->[39m [37mGET[39m [37m/wd/hub/session/6523787a-bd9d-48c1-acb8-c3608cdfa423/element/00000000-0000-01ed-ffff-ffff000000b5/location[39m
[35m[HTTP][39m [90m{}[39m
[35m[W3C (6523787a)][39m Driver proxy active, passing request on via HTTP proxy
[35m[WD Proxy][39m Replacing sessionId 93e3f95d-2fc2-409e-bb69-02401a810263 with 6523787a-bd9d-48c1-acb8-c3608cdfa423
[35m[HTTP][39m [37m<-- GET /wd/hub/session/6523787a-bd9d-48c1-acb8-c3608cdfa423/element/00000000-0000-01ed-ffff-ffff000000b5/location [39m[32m200[39m [90m37 ms - 79[39m
[35m[HTTP][39m [90m[39m
[35m[HTTP][39m [37m-->[39m [37mPOST[39m [37m/wd/hub/session/6523787a-bd9d-48c1-acb8-c3608cdfa423/timeouts[39m
[35m[HTTP][39m [90m{"implicit":30000}[39m
[35m[HTTP][39m [37m<-- POST /wd/hub/session/6523787a-bd9d-48c1-acb8-c3608cdfa423/timeouts [39m[32m200[39m [90m1 ms - 14[39m
[35m[HTTP][39m [90m[39m
[35m[HTTP][39m [37m-->[39m [37mPOST[39m [37m/wd/hub/session/6523787a-bd9d-48c1-acb8-c3608cdfa423/element/00000000-0000-01ed-ffff-ffff000000b5/click[39m
[35m[HTTP][39m [90m{"id":"00000000-0000-01ed-ffff-ffff000000b5"}[39m
[35m[HTTP][39m [37m<-- POST /wd/hub/session/6523787a-bd9d-48c1-acb8-c3608cdfa423/element/00000000-0000-01ed-ffff-ffff000000b5/click [39m[32m200[39m [90m91 ms - 14[39m
[35m[HTTP][39m [90m[39m
[35m[HTTP][39m [37m-->[39m [37mGET[39m [37m/wd/hub/session/6523787a-bd9d-48c1-acb8-c3608cdfa423/context[39m
[35m[HTTP][39m [90m{}[39m
[35m[HTTP][39m [37m<-- GET /wd/hub/session/6523787a-bd9d-48c1-acb8-c3608cdfa423/context [39m[32m200[39m [90m1 ms - 22[39m
[35m[HTTP][39m [90m[39m
[35m[HTTP][39m [37m-->[39m [37mGET[39m [37m/wd/hub/session/6523787a-bd9d-48c1-acb8-c3608cdfa423/contexts[39m
[35m[HTTP][39m [90m{}[39m
[35m[HTTP][39m [37m<-- GET /wd/hub/session/6523787a-bd9d-48c1-acb8-c3608cdfa423/contexts [39m[32m200[39m [90m139 ms - 24[39m
[35m[HTTP][39m [90m[39m
[35m[HTTP][39m [37m-->[39m [37mPOST[39m [37m/wd/hub/session/6523787a-bd9d-48c1-acb8-c3608cdfa423/context[39m
[35m[HTTP][39m [90m{"name":"NATIVE_APP"}[39m
[35m[HTTP][39m [37m<-- POST /wd/hub/session/6523787a-bd9d-48c1-acb8-c3608cdfa423/context [39m[32m200[39m [90m1 ms - 14[39m
[35m[HTTP][39m [90m[39m
[35m[HTTP][39m [37m-->[39m [37mGET[39m [37m/wd/hub/session/6523787a-bd9d-48c1-acb8-c3608cdfa423/window/rect[39m
[35m[HTTP][39m [90m{}[39m
[35m[HTTP][39m [37m<-- GET /wd/hub/session/6523787a-bd9d-48c1-acb8-c3608cdfa423/window/rect [39m[32m200[39m [90m54 ms - 50[39m
[35m[HTTP][39m [90m[39m
[35m[HTTP][39m [37m-->[39m [37mPOST[39m [37m/wd/hub/session/6523787a-bd9d-48c1-acb8-c3608cdfa423/execute/sync[39m
[35m[HTTP][39m [90m{"script":"mobile: viewportScreenshot","args":[]}[39m
[35m[AndroidDriver][39m Executing native command 'mobile: viewportScreenshot'
[35m[HTTP][39m [37m<-- POST /wd/hub/session/6523787a-bd9d-48c1-acb8-c3608cdfa423/execute/sync [39m[32m200[39m [90m1017 ms - 157064[39m
[35m[HTTP][39m [90m[39m
[35m[HTTP][39m [37m-->[39m [37mPOST[39m [37m/wd/hub/session/6523787a-bd9d-48c1-acb8-c3608cdfa423/context[39m
[35m[HTTP][39m [90m{"name":"NATIVE_APP"}[39m
[35m[HTTP][39m [37m<-- POST /wd/hub/session/6523787a-bd9d-48c1-acb8-c3608cdfa423/context [39m[32m200[39m [90m1 ms - 14[39m
[35m[HTTP][39m [90m[39m
[35m[HTTP][39m [37m-->[39m [37mPOST[39m [37m/wd/hub/session/6523787a-bd9d-48c1-acb8-c3608cdfa423/timeouts[39m
[35m[HTTP][39m [90m{"implicit":50}[39m
[35m[HTTP][39m [37m<-- POST /wd/hub/session/6523787a-bd9d-48c1-acb8-c3608cdfa423/timeouts [39m[32m200[39m [90m1 ms - 14[39m
[35m[HTTP][39m [90m[39m
[35m[HTTP][39m [37m-->[39m [37mGET[39m [37m/wd/hub/session/6523787a-bd9d-48c1-acb8-c3608cdfa423/window/rect[39m
[35m[HTTP][39m [90m{}[39m
[35m[HTTP][39m [37m<-- GET /wd/hub/session/6523787a-bd9d-48c1-acb8-c3608cdfa423/window/rect [39m[32m200[39m [90m28 ms - 50[39m
[35m[HTTP][39m [90m[39m
[35m[HTTP][39m [37m-->[39m [37mPOST[39m [37m/wd/hub/session/6523787a-bd9d-48c1-acb8-c3608cdfa423/elements[39m
[35m[HTTP][39m [90m{"using":"xpath","value":"//*[@class = 'android.widget.ImageButton' and (@text = '' or . = '')]"}[39m
[35m[HTTP][39m [37m<-- POST /wd/hub/session/6523787a-bd9d-48c1-acb8-c3608cdfa423/elements [39m[32m200[39m [90m896 ms - 139[39m
[35m[HTTP][39m [90m[39m
[35m[HTTP][39m [37m-->[39m [37mGET[39m [37m/wd/hub/session/6523787a-bd9d-48c1-acb8-c3608cdfa423/element/00000000-0000-01ed-ffff-ffff000000be/location[39m
[35m[HTTP][39m [90m{}[39m
[35m[W3C (6523787a)][39m Driver proxy active, passing request on via HTTP proxy
[35m[WD Proxy][39m Replacing sessionId 93e3f95d-2fc2-409e-bb69-02401a810263 with 6523787a-bd9d-48c1-acb8-c3608cdfa423
[35m[HTTP][39m [37m<-- GET /wd/hub/session/6523787a-bd9d-48c1-acb8-c3608cdfa423/element/00000000-0000-01ed-ffff-ffff000000be/location [39m[32m200[39m [90m28 ms - 75[39m
[35m[HTTP][39m [90m[39m
[35m[HTTP][39m [37m-->[39m [37mPOST[39m [37m/wd/hub/session/6523787a-bd9d-48c1-acb8-c3608cdfa423/timeouts[39m
[35m[HTTP][39m [90m{"implicit":30000}[39m
[35m[HTTP][39m [37m<-- POST /wd/hub/session/6523787a-bd9d-48c1-acb8-c3608cdfa423/timeouts [39m[32m200[39m [90m1 ms - 14[39m
[35m[HTTP][39m [90m[39m
[35m[HTTP][39m [37m-->[39m [37mPOST[39m [37m/wd/hub/session/6523787a-bd9d-48c1-acb8-c3608cdfa423/element/00000000-0000-01ed-ffff-ffff000000be/click[39m
[35m[HTTP][39m [90m{"id":"00000000-0000-01ed-ffff-ffff000000be"}[39m
[35m[HTTP][39m [37m<-- POST /wd/hub/session/6523787a-bd9d-48c1-acb8-c3608cdfa423/element/00000000-0000-01ed-ffff-ffff000000be/click [39m[32m200[39m [90m111 ms - 14[39m
[35m[HTTP][39m [90m[39m
[35m[HTTP][39m [37m-->[39m [37mPOST[39m [37m/wd/hub/session/6523787a-bd9d-48c1-acb8-c3608cdfa423/timeouts[39m
[35m[HTTP][39m [90m{"implicit":50}[39m
[35m[HTTP][39m [37m<-- POST /wd/hub/session/6523787a-bd9d-48c1-acb8-c3608cdfa423/timeouts [39m[32m200[39m [90m1 ms - 14[39m
[35m[HTTP][39m [90m[39m
[35m[HTTP][39m [37m-->[39m [37mGET[39m [37m/wd/hub/session/6523787a-bd9d-48c1-acb8-c3608cdfa423/window/rect[39m
[35m[HTTP][39m [90m{}[39m
[35m[HTTP][39m [37m<-- GET /wd/hub/session/6523787a-bd9d-48c1-acb8-c3608cdfa423/window/rect [39m[32m200[39m [90m43 ms - 50[39m
[35m[HTTP][39m [90m[39m
[35m[HTTP][39m [37m-->[39m [37mPOST[39m [37m/wd/hub/session/6523787a-bd9d-48c1-acb8-c3608cdfa423/elements[39m
[35m[HTTP][39m [90m{"using":"xpath","value":"//*[@class = 'android.widget.ImageButton' and (@text = '' or . = '')]"}[39m
[35m[HTTP][39m [37m<-- POST /wd/hub/session/6523787a-bd9d-48c1-acb8-c3608cdfa423/elements [39m[32m200[39m [90m693 ms - 139[39m
[35m[HTTP][39m [90m[39m
[35m[HTTP][39m [37m-->[39m [37mGET[39m [37m/wd/hub/session/6523787a-bd9d-48c1-acb8-c3608cdfa423/element/00000000-0000-01ed-ffff-ffff0000009e/location[39m
[35m[HTTP][39m [90m{}[39m
[35m[W3C (6523787a)][39m Driver proxy active, passing request on via HTTP proxy
[35m[WD Proxy][39m Replacing sessionId 93e3f95d-2fc2-409e-bb69-02401a810263 with 6523787a-bd9d-48c1-acb8-c3608cdfa423
[35m[HTTP][39m [37m<-- GET /wd/hub/session/6523787a-bd9d-48c1-acb8-c3608cdfa423/element/00000000-0000-01ed-ffff-ffff0000009e/location [39m[32m200[39m [90m40 ms - 75[39m
[35m[HTTP][39m [90m[39m
[35m[HTTP][39m [37m-->[39m [37mPOST[39m [37m/wd/hub/session/6523787a-bd9d-48c1-acb8-c3608cdfa423/timeouts[39m
[35m[HTTP][39m [90m{"implicit":30000}[39m
[35m[HTTP][39m [37m<-- POST /wd/hub/session/6523787a-bd9d-48c1-acb8-c3608cdfa423/timeouts [39m[32m200[39m [90m1 ms - 14[39m
[35m[HTTP][39m [90m[39m
[35m[HTTP][39m [37m-->[39m [37mPOST[39m [37m/wd/hub/session/6523787a-bd9d-48c1-acb8-c3608cdfa423/element/00000000-0000-01ed-ffff-ffff0000009e/click[39m
[35m[HTTP][39m [90m{"id":"00000000-0000-01ed-ffff-ffff0000009e"}[39m
[35m[HTTP][39m [37m<-- POST /wd/hub/session/6523787a-bd9d-48c1-acb8-c3608cdfa423/element/00000000-0000-01ed-ffff-ffff0000009e/click [39m[32m200[39m [90m97 ms - 14[39m
[35m[HTTP][39m [90m[39m
[35m[HTTP][39m [37m-->[39m [37mPOST[39m [37m/wd/hub/session/6523787a-bd9d-48c1-acb8-c3608cdfa423/timeouts[39m
[35m[HTTP][39m [90m{"implicit":50}[39m
[35m[HTTP][39m [37m<-- POST /wd/hub/session/6523787a-bd9d-48c1-acb8-c3608cdfa423/timeouts [39m[32m200[39m [90m1 ms - 14[39m
[35m[HTTP][39m [90m[39m
[35m[HTTP][39m [37m-->[39m [37mGET[39m [37m/wd/hub/session/6523787a-bd9d-48c1-acb8-c3608cdfa423/window/rect[39m
[35m[HTTP][39m [90m{}[39m
[35m[HTTP][39m [37m<-- GET /wd/hub/session/6523787a-bd9d-48c1-acb8-c3608cdfa423/window/rect [39m[32m200[39m [90m44 ms - 50[39m
[35m[HTTP][39m [90m[39m
[35m[HTTP][39m [37m-->[39m [37mPOST[39m [37m/wd/hub/session/6523787a-bd9d-48c1-acb8-c3608cdfa423/elements[39m
[35m[HTTP][39m [90m{"using":"xpath","value":"//hierarchy/android.widget.FrameLayout[1]/android.widget.LinearLayout[1]/android.widget.FrameLayout[1]/android.widget.LinearLayout[1]/android.widget.FrameLayout[1]/android.widget.FrameLayout[1]/android.widget.FrameLayout[1]/android.view.ViewGroup[1]/android.widget.LinearLayout[1]/android.view.ViewGroup[1]/androidx.recyclerview.widget.RecyclerView[1]/android.widget.FrameLayout[4]/android.view.ViewGroup[1]"}[39m
[35m[HTTP][39m [37m<-- POST /wd/hub/session/6523787a-bd9d-48c1-acb8-c3608cdfa423/elements [39m[32m200[39m [90m719 ms - 139[39m
[35m[HTTP][39m [90m[39m
[35m[HTTP][39m [37m-->[39m [37mGET[39m [37m/wd/hub/session/6523787a-bd9d-48c1-acb8-c3608cdfa423/element/00000000-0000-01ed-ffff-ffff00000032/location[39m
[35m[HTTP][39m [90m{}[39m
[35m[W3C (6523787a)][39m Driver proxy active, passing request on via HTTP proxy
[35m[WD Proxy][39m Replacing sessionId 93e3f95d-2fc2-409e-bb69-02401a810263 with 6523787a-bd9d-48c1-acb8-c3608cdfa423
[35m[HTTP][39m [37m<-- GET /wd/hub/session/6523787a-bd9d-48c1-acb8-c3608cdfa423/element/00000000-0000-01ed-ffff-ffff00000032/location [39m[32m200[39m [90m38 ms - 78[39m
[35m[HTTP][39m [90m[39m
[35m[HTTP][39m [37m-->[39m [37mPOST[39m [37m/wd/hub/session/6523787a-bd9d-48c1-acb8-c3608cdfa423/timeouts[39m
[35m[HTTP][39m [90m{"implicit":30000}[39m
[35m[HTTP][39m [37m<-- POST /wd/hub/session/6523787a-bd9d-48c1-acb8-c3608cdfa423/timeouts [39m[32m200[39m [90m1 ms - 14[39m
[35m[HTTP][39m [90m[39m
[35m[HTTP][39m [37m-->[39m [37mPOST[39m [37m/wd/hub/session/6523787a-bd9d-48c1-acb8-c3608cdfa423/element/00000000-0000-01ed-ffff-ffff00000032/click[39m
[35m[HTTP][39m [90m{"id":"00000000-0000-01ed-ffff-ffff00000032"}[39m
[35m[HTTP][39m [37m<-- POST /wd/hub/session/6523787a-bd9d-48c1-acb8-c3608cdfa423/element/00000000-0000-01ed-ffff-ffff00000032/click [39m[32m200[39m [90m98 ms - 14[39m
[35m[HTTP][39m [90m[39m
[35m[HTTP][39m [37m-->[39m [37mPOST[39m [37m/wd/hub/session/6523787a-bd9d-48c1-acb8-c3608cdfa423/timeouts[39m
[35m[HTTP][39m [90m{"implicit":50}[39m
[35m[HTTP][39m [37m<-- POST /wd/hub/session/6523787a-bd9d-48c1-acb8-c3608cdfa423/timeouts [39m[32m200[39m [90m1 ms - 14[39m
[35m[HTTP][39m [90m[39m
[35m[HTTP][39m [37m-->[39m [37mGET[39m [37m/wd/hub/session/6523787a-bd9d-48c1-acb8-c3608cdfa423/window/rect[39m
[35m[HTTP][39m [90m{}[39m
[35m[HTTP][39m [37m<-- GET /wd/hub/session/6523787a-bd9d-48c1-acb8-c3608cdfa423/window/rect [39m[32m200[39m [90m43 ms - 50[39m
[35m[HTTP][39m [90m[39m
[35m[HTTP][39m [37m-->[39m [37mPOST[39m [37m/wd/hub/session/6523787a-bd9d-48c1-acb8-c3608cdfa423/elements[39m
[35m[HTTP][39m [90m{"using":"xpath","value":"//*[@class = 'android.widget.Button' and (@text = 'BOOK THE MOVIE' or . = 'BOOK THE MOVIE') and @resource-id = 'com.tengyeekong.movieapp:id/btnBookMovie']"}[39m
[35m[HTTP][39m [37m<-- POST /wd/hub/session/6523787a-bd9d-48c1-acb8-c3608cdfa423/elements [39m[32m200[39m [90m1101 ms - 139[39m
[35m[HTTP][39m [90m[39m
[35m[HTTP][39m [37m-->[39m [37mGET[39m [37m/wd/hub/session/6523787a-bd9d-48c1-acb8-c3608cdfa423/element/00000000-0000-01ed-ffff-ffff000000e2/location[39m
[35m[HTTP][39m [90m{}[39m
[35m[W3C (6523787a)][39m Driver proxy active, passing request on via HTTP proxy
[35m[WD Proxy][39m Replacing sessionId 93e3f95d-2fc2-409e-bb69-02401a810263 with 6523787a-bd9d-48c1-acb8-c3608cdfa423
[35m[HTTP][39m [37m<-- GET /wd/hub/session/6523787a-bd9d-48c1-acb8-c3608cdfa423/element/00000000-0000-01ed-ffff-ffff000000e2/location [39m[32m200[39m [90m37 ms - 79[39m
[35m[HTTP][39m [90m[39m
[35m[HTTP][39m [37m-->[39m [37mPOST[39m [37m/wd/hub/session/6523787a-bd9d-48c1-acb8-c3608cdfa423/timeouts[39m
[35m[HTTP][39m [90m{"implicit":30000}[39m
[35m[HTTP][39m [37m<-- POST /wd/hub/session/6523787a-bd9d-48c1-acb8-c3608cdfa423/timeouts [39m[32m200[39m [90m1 ms - 14[39m
[35m[HTTP][39m [90m[39m
[35m[HTTP][39m [37m-->[39m [37mPOST[39m [37m/wd/hub/session/6523787a-bd9d-48c1-acb8-c3608cdfa423/element/00000000-0000-01ed-ffff-ffff000000e2/click[39m
[35m[HTTP][39m [90m{"id":"00000000-0000-01ed-ffff-ffff000000e2"}[39m
[35m[HTTP][39m [37m<-- POST /wd/hub/session/6523787a-bd9d-48c1-acb8-c3608cdfa423/element/00000000-0000-01ed-ffff-ffff000000e2/click [39m[32m200[39m [90m107 ms - 14[39m
[35m[HTTP][39m [90m[39m
[35m[HTTP][39m [37m-->[39m [37mGET[39m [37m/wd/hub/session/6523787a-bd9d-48c1-acb8-c3608cdfa423/context[39m
[35m[HTTP][39m [90m{}[39m
[35m[HTTP][39m [37m<-- GET /wd/hub/session/6523787a-bd9d-48c1-acb8-c3608cdfa423/context [39m[32m200[39m [90m1 ms - 22[39m
[35m[HTTP][39m [90m[39m
[35m[HTTP][39m [37m-->[39m [37mGET[39m [37m/wd/hub/session/6523787a-bd9d-48c1-acb8-c3608cdfa423/contexts[39m
[35m[HTTP][39m [90m{}[39m
[35m[HTTP][39m [37m<-- GET /wd/hub/session/6523787a-bd9d-48c1-acb8-c3608cdfa423/contexts [39m[32m200[39m [90m123 ms - 24[39m
[35m[HTTP][39m [90m[39m
[35m[HTTP][39m [37m-->[39m [37mPOST[39m [37m/wd/hub/session/6523787a-bd9d-48c1-acb8-c3608cdfa423/context[39m
[35m[HTTP][39m [90m{"name":"NATIVE_APP"}[39m
[35m[HTTP][39m [37m<-- POST /wd/hub/session/6523787a-bd9d-48c1-acb8-c3608cdfa423/context [39m[32m200[39m [90m1 ms - 14[39m
[35m[HTTP][39m [90m[39m
[35m[HTTP][39m [37m-->[39m [37mGET[39m [37m/wd/hub/session/6523787a-bd9d-48c1-acb8-c3608cdfa423/window/rect[39m
[35m[HTTP][39m [90m{}[39m
[35m[HTTP][39m [37m<-- GET /wd/hub/session/6523787a-bd9d-48c1-acb8-c3608cdfa423/window/rect [39m[32m200[39m [90m55 ms - 50[39m
[35m[HTTP][39m [90m[39m
[35m[HTTP][39m [37m-->[39m [37mPOST[39m [37m/wd/hub/session/6523787a-bd9d-48c1-acb8-c3608cdfa423/execute/sync[39m
[35m[HTTP][39m [90m{"script":"mobile: viewportScreenshot","args":[]}[39m
[35m[AndroidDriver][39m Executing native command 'mobile: viewportScreenshot'
[35m[HTTP][39m [37m<-- POST /wd/hub/session/6523787a-bd9d-48c1-acb8-c3608cdfa423/execute/sync [39m[32m200[39m [90m1091 ms - 157064[39m
[35m[HTTP][39m [90m[39m
[35m[HTTP][39m [37m-->[39m [37mPOST[39m [37m/wd/hub/session/6523787a-bd9d-48c1-acb8-c3608cdfa423/context[39m
[35m[HTTP][39m [90m{"name":"NATIVE_APP"}[39m
[35m[HTTP][39m [37m<-- POST /wd/hub/session/6523787a-bd9d-48c1-acb8-c3608cdfa423/context [39m[32m200[39m [90m1 ms - 14[39m
[35m[HTTP][39m [90m[39m
[35m[HTTP][39m [37m-->[39m [37mPOST[39m [37m/wd/hub/session/6523787a-bd9d-48c1-acb8-c3608cdfa423/timeouts[39m
[35m[HTTP][39m [90m{"implicit":50}[39m
[35m[HTTP][39m [37m<-- POST /wd/hub/session/6523787a-bd9d-48c1-acb8-c3608cdfa423/timeouts [39m[32m200[39m [90m1 ms - 14[39m
[35m[HTTP][39m [90m[39m
[35m[HTTP][39m [37m-->[39m [37mGET[39m [37m/wd/hub/session/6523787a-bd9d-48c1-acb8-c3608cdfa423/window/rect[39m
[35m[HTTP][39m [90m{}[39m
[35m[HTTP][39m [37m<-- GET /wd/hub/session/6523787a-bd9d-48c1-acb8-c3608cdfa423/window/rect [39m[32m200[39m [90m31 ms - 50[39m
[35m[HTTP][39m [90m[39m
[35m[HTTP][39m [37m-->[39m [37mPOST[39m [37m/wd/hub/session/6523787a-bd9d-48c1-acb8-c3608cdfa423/elements[39m
[35m[HTTP][39m [90m{"using":"xpath","value":"//*[@class = 'android.widget.ImageButton' and (@text = '' or . = '')]"}[39m
[35m[HTTP][39m [37m<-- POST /wd/hub/session/6523787a-bd9d-48c1-acb8-c3608cdfa423/elements [39m[32m200[39m [90m781 ms - 139[39m
[35m[HTTP][39m [90m[39m
[35m[HTTP][39m [37m-->[39m [37mGET[39m [37m/wd/hub/session/6523787a-bd9d-48c1-acb8-c3608cdfa423/element/00000000-0000-01ed-ffff-ffff000000eb/location[39m
[35m[HTTP][39m [90m{}[39m
[35m[W3C (6523787a)][39m Driver proxy active, passing request on via HTTP proxy
[35m[WD Proxy][39m Replacing sessionId 93e3f95d-2fc2-409e-bb69-02401a810263 with 6523787a-bd9d-48c1-acb8-c3608cdfa423
[35m[HTTP][39m [37m<-- GET /wd/hub/session/6523787a-bd9d-48c1-acb8-c3608cdfa423/element/00000000-0000-01ed-ffff-ffff000000eb/location [39m[32m200[39m [90m35 ms - 75[39m
[35m[HTTP][39m [90m[39m
[35m[HTTP][39m [37m-->[39m [37mPOST[39m [37m/wd/hub/session/6523787a-bd9d-48c1-acb8-c3608cdfa423/timeouts[39m
[35m[HTTP][39m [90m{"implicit":30000}[39m
[35m[HTTP][39m [37m<-- POST /wd/hub/session/6523787a-bd9d-48c1-acb8-c3608cdfa423/timeouts [39m[32m200[39m [90m1 ms - 14[39m
[35m[HTTP][39m [90m[39m
[35m[HTTP][39m [37m-->[39m [37mPOST[39m [37m/wd/hub/session/6523787a-bd9d-48c1-acb8-c3608cdfa423/element/00000000-0000-01ed-ffff-ffff000000eb/click[39m
[35m[HTTP][39m [90m{"id":"00000000-0000-01ed-ffff-ffff000000eb"}[39m
[35m[HTTP][39m [37m<-- POST /wd/hub/session/6523787a-bd9d-48c1-acb8-c3608cdfa423/element/00000000-0000-01ed-ffff-ffff000000eb/click [39m[32m200[39m [90m105 ms - 14[39m
[35m[HTTP][39m [90m[39m
[35m[HTTP][39m [37m-->[39m [37mPOST[39m [37m/wd/hub/session/6523787a-bd9d-48c1-acb8-c3608cdfa423/timeouts[39m
[35m[HTTP][39m [90m{"implicit":50}[39m
[35m[HTTP][39m [37m<-- POST /wd/hub/session/6523787a-bd9d-48c1-acb8-c3608cdfa423/timeouts [39m[32m200[39m [90m1 ms - 14[39m
[35m[HTTP][39m [90m[39m
[35m[HTTP][39m [37m-->[39m [37mGET[39m [37m/wd/hub/session/6523787a-bd9d-48c1-acb8-c3608cdfa423/window/rect[39m
[35m[HTTP][39m [90m{}[39m
[35m[HTTP][39m [37m<-- GET /wd/hub/session/6523787a-bd9d-48c1-acb8-c3608cdfa423/window/rect [39m[32m200[39m [90m40 ms - 50[39m
[35m[HTTP][39m [90m[39m
[35m[HTTP][39m [37m-->[39m [37mPOST[39m [37m/wd/hub/session/6523787a-bd9d-48c1-acb8-c3608cdfa423/elements[39m
[35m[HTTP][39m [90m{"using":"xpath","value":"//*[@class = 'android.widget.ImageButton' and (@text = '' or . = '')]"}[39m
[35m[HTTP][39m [37m<-- POST /wd/hub/session/6523787a-bd9d-48c1-acb8-c3608cdfa423/elements [39m[32m200[39m [90m703 ms - 139[39m
[35m[HTTP][39m [90m[39m
[35m[HTTP][39m [37m-->[39m [37mGET[39m [37m/wd/hub/session/6523787a-bd9d-48c1-acb8-c3608cdfa423/element/00000000-0000-01ed-ffff-ffff000000cb/location[39m
[35m[HTTP][39m [90m{}[39m
[35m[W3C (6523787a)][39m Driver proxy active, passing request on via HTTP proxy
[35m[WD Proxy][39m Replacing sessionId 93e3f95d-2fc2-409e-bb69-02401a810263 with 6523787a-bd9d-48c1-acb8-c3608cdfa423
[35m[HTTP][39m [37m<-- GET /wd/hub/session/6523787a-bd9d-48c1-acb8-c3608cdfa423/element/00000000-0000-01ed-ffff-ffff000000cb/location [39m[32m200[39m [90m34 ms - 75[39m
[35m[HTTP][39m [90m[39m
[35m[HTTP][39m [37m-->[39m [37mPOST[39m [37m/wd/hub/session/6523787a-bd9d-48c1-acb8-c3608cdfa423/timeouts[39m
[35m[HTTP][39m [90m{"implicit":30000}[39m
[35m[HTTP][39m [37m<-- POST /wd/hub/session/6523787a-bd9d-48c1-acb8-c3608cdfa423/timeouts [39m[32m200[39m [90m1 ms - 14[39m
[35m[HTTP][39m [90m[39m
[35m[HTTP][39m [37m-->[39m [37mPOST[39m [37m/wd/hub/session/6523787a-bd9d-48c1-acb8-c3608cdfa423/element/00000000-0000-01ed-ffff-ffff000000cb/click[39m
[35m[HTTP][39m [90m{"id":"00000000-0000-01ed-ffff-ffff000000cb"}[39m
[35m[HTTP][39m [37m<-- POST /wd/hub/session/6523787a-bd9d-48c1-acb8-c3608cdfa423/element/00000000-0000-01ed-ffff-ffff000000cb/click [39m[32m200[39m [90m107 ms - 14[39m
[35m[HTTP][39m [90m[39m
[35m[HTTP][39m [37m-->[39m [37mPOST[39m [37m/wd/hub/session/6523787a-bd9d-48c1-acb8-c3608cdfa423/timeouts[39m
[35m[HTTP][39m [90m{"implicit":50}[39m
[35m[HTTP][39m [37m<-- POST /wd/hub/session/6523787a-bd9d-48c1-acb8-c3608cdfa423/timeouts [39m[32m200[39m [90m2 ms - 14[39m
[35m[HTTP][39m [90m[39m
[35m[HTTP][39m [37m-->[39m [37mGET[39m [37m/wd/hub/session/6523787a-bd9d-48c1-acb8-c3608cdfa423/window/rect[39m
[35m[HTTP][39m [90m{}[39m
[35m[HTTP][39m [37m<-- GET /wd/hub/session/6523787a-bd9d-48c1-acb8-c3608cdfa423/window/rect [39m[32m200[39m [90m45 ms - 50[39m
[35m[HTTP][39m [90m[39m
[35m[HTTP][39m [37m-->[39m [37mPOST[39m [37m/wd/hub/session/6523787a-bd9d-48c1-acb8-c3608cdfa423/elements[39m
[35m[HTTP][39m [90m{"using":"xpath","value":"//hierarchy/android.widget.FrameLayout[1]/android.widget.LinearLayout[1]/android.widget.FrameLayout[1]/android.widget.LinearLayout[1]/android.widget.FrameLayout[1]/android.widget.FrameLayout[1]/android.widget.FrameLayout[1]/android.view.ViewGroup[1]/android.widget.LinearLayout[1]/android.view.ViewGroup[1]/androidx.recyclerview.widget.RecyclerView[1]/android.widget.FrameLayout[3]/android.view.ViewGroup[1]"}[39m
[35m[HTTP][39m [37m<-- POST /wd/hub/session/6523787a-bd9d-48c1-acb8-c3608cdfa423/elements [39m[32m200[39m [90m609 ms - 139[39m
[35m[HTTP][39m [90m[39m
[35m[HTTP][39m [37m-->[39m [37mGET[39m [37m/wd/hub/session/6523787a-bd9d-48c1-acb8-c3608cdfa423/element/00000000-0000-01ed-ffff-ffff00000029/location[39m
[35m[HTTP][39m [90m{}[39m
[35m[W3C (6523787a)][39m Driver proxy active, passing request on via HTTP proxy
[35m[WD Proxy][39m Replacing sessionId 93e3f95d-2fc2-409e-bb69-02401a810263 with 6523787a-bd9d-48c1-acb8-c3608cdfa423
[35m[HTTP][39m [37m<-- GET /wd/hub/session/6523787a-bd9d-48c1-acb8-c3608cdfa423/element/00000000-0000-01ed-ffff-ffff00000029/location [39m[32m200[39m [90m35 ms - 78[39m
[35m[HTTP][39m [90m[39m
[35m[HTTP][39m [37m-->[39m [37mPOST[39m [37m/wd/hub/session/6523787a-bd9d-48c1-acb8-c3608cdfa423/timeouts[39m
[35m[HTTP][39m [90m{"implicit":30000}[39m
[35m[HTTP][39m [37m<-- POST /wd/hub/session/6523787a-bd9d-48c1-acb8-c3608cdfa423/timeouts [39m[32m200[39m [90m1 ms - 14[39m
[35m[HTTP][39m [90m[39m
[35m[HTTP][39m [37m-->[39m [37mPOST[39m [37m/wd/hub/session/6523787a-bd9d-48c1-acb8-c3608cdfa423/element/00000000-0000-01ed-ffff-ffff00000029/click[39m
[35m[HTTP][39m [90m{"id":"00000000-0000-01ed-ffff-ffff00000029"}[39m
[35m[HTTP][39m [37m<-- POST /wd/hub/session/6523787a-bd9d-48c1-acb8-c3608cdfa423/element/00000000-0000-01ed-ffff-ffff00000029/click [39m[32m200[39m [90m88 ms - 14[39m
[35m[HTTP][39m [90m[39m
[35m[HTTP][39m [37m-->[39m [37mPOST[39m [37m/wd/hub/session/6523787a-bd9d-48c1-acb8-c3608cdfa423/timeouts[39m
[35m[HTTP][39m [90m{"implicit":50}[39m
[35m[HTTP][39m [37m<-- POST /wd/hub/session/6523787a-bd9d-48c1-acb8-c3608cdfa423/timeouts [39m[32m200[39m [90m1 ms - 14[39m
[35m[HTTP][39m [90m[39m
[35m[HTTP][39m [37m-->[39m [37mGET[39m [37m/wd/hub/session/6523787a-bd9d-48c1-acb8-c3608cdfa423/window/rect[39m
[35m[HTTP][39m [90m{}[39m
[35m[HTTP][39m [37m<-- GET /wd/hub/session/6523787a-bd9d-48c1-acb8-c3608cdfa423/window/rect [39m[32m200[39m [90m48 ms - 50[39m
[35m[HTTP][39m [90m[39m
[35m[HTTP][39m [37m-->[39m [37mPOST[39m [37m/wd/hub/session/6523787a-bd9d-48c1-acb8-c3608cdfa423/elements[39m
[35m[HTTP][39m [90m{"using":"xpath","value":"//*[@class = 'android.widget.Button' and (@text = 'BOOK THE MOVIE' or . = 'BOOK THE MOVIE') and @resource-id = 'com.tengyeekong.movieapp:id/btnBookMovie']"}[39m
[35m[HTTP][39m [37m<-- POST /wd/hub/session/6523787a-bd9d-48c1-acb8-c3608cdfa423/elements [39m[32m200[39m [90m1113 ms - 139[39m
[35m[HTTP][39m [90m[39m
[35m[HTTP][39m [37m-->[39m [37mGET[39m [37m/wd/hub/session/6523787a-bd9d-48c1-acb8-c3608cdfa423/element/00000000-0000-01ed-ffff-ffff0000010f/location[39m
[35m[HTTP][39m [90m{}[39m
[35m[W3C (6523787a)][39m Driver proxy active, passing request on via HTTP proxy
[35m[WD Proxy][39m Replacing sessionId 93e3f95d-2fc2-409e-bb69-02401a810263 with 6523787a-bd9d-48c1-acb8-c3608cdfa423
[35m[HTTP][39m [37m<-- GET /wd/hub/session/6523787a-bd9d-48c1-acb8-c3608cdfa423/element/00000000-0000-01ed-ffff-ffff0000010f/location [39m[32m200[39m [90m35 ms - 79[39m
[35m[HTTP][39m [90m[39m
[35m[HTTP][39m [37m-->[39m [37mPOST[39m [37m/wd/hub/session/6523787a-bd9d-48c1-acb8-c3608cdfa423/timeouts[39m
[35m[HTTP][39m [90m{"implicit":30000}[39m
[35m[HTTP][39m [37m<-- POST /wd/hub/session/6523787a-bd9d-48c1-acb8-c3608cdfa423/timeouts [39m[32m200[39m [90m1 ms - 14[39m
[35m[HTTP][39m [90m[39m
[35m[HTTP][39m [37m-->[39m [37mPOST[39m [37m/wd/hub/session/6523787a-bd9d-48c1-acb8-c3608cdfa423/element/00000000-0000-01ed-ffff-ffff0000010f/click[39m
[35m[HTTP][39m [90m{"id":"00000000-0000-01ed-ffff-ffff0000010f"}[39m
[35m[HTTP][39m [37m<-- POST /wd/hub/session/6523787a-bd9d-48c1-acb8-c3608cdfa423/element/00000000-0000-01ed-ffff-ffff0000010f/click [39m[32m200[39m [90m103 ms - 14[39m
[35m[HTTP][39m [90m[39m
[35m[HTTP][39m [37m-->[39m [37mGET[39m [37m/wd/hub/session/6523787a-bd9d-48c1-acb8-c3608cdfa423/context[39m
[35m[HTTP][39m [90m{}[39m
[35m[HTTP][39m [37m<-- GET /wd/hub/session/6523787a-bd9d-48c1-acb8-c3608cdfa423/context [39m[32m200[39m [90m1 ms - 22[39m
[35m[HTTP][39m [90m[39m
[35m[HTTP][39m [37m-->[39m [37mGET[39m [37m/wd/hub/session/6523787a-bd9d-48c1-acb8-c3608cdfa423/contexts[39m
[35m[HTTP][39m [90m{}[39m
[35m[HTTP][39m [37m<-- GET /wd/hub/session/6523787a-bd9d-48c1-acb8-c3608cdfa423/contexts [39m[32m200[39m [90m122 ms - 24[39m
[35m[HTTP][39m [90m[39m
[35m[HTTP][39m [37m-->[39m [37mPOST[39m [37m/wd/hub/session/6523787a-bd9d-48c1-acb8-c3608cdfa423/context[39m
[35m[HTTP][39m [90m{"name":"NATIVE_APP"}[39m
[35m[HTTP][39m [37m<-- POST /wd/hub/session/6523787a-bd9d-48c1-acb8-c3608cdfa423/context [39m[32m200[39m [90m1 ms - 14[39m
[35m[HTTP][39m [90m[39m
[35m[HTTP][39m [37m-->[39m [37mGET[39m [37m/wd/hub/session/6523787a-bd9d-48c1-acb8-c3608cdfa423/window/rect[39m
[35m[HTTP][39m [90m{}[39m
[35m[HTTP][39m [37m<-- GET /wd/hub/session/6523787a-bd9d-48c1-acb8-c3608cdfa423/window/rect [39m[32m200[39m [90m25 ms - 50[39m
[35m[HTTP][39m [90m[39m
[35m[HTTP][39m [37m-->[39m [37mPOST[39m [37m/wd/hub/session/6523787a-bd9d-48c1-acb8-c3608cdfa423/execute/sync[39m
[35m[HTTP][39m [90m{"script":"mobile: viewportScreenshot","args":[]}[39m
[35m[AndroidDriver][39m Executing native command 'mobile: viewportScreenshot'
[35m[HTTP][39m [37m<-- POST /wd/hub/session/6523787a-bd9d-48c1-acb8-c3608cdfa423/execute/sync [39m[32m200[39m [90m1105 ms - 157064[39m
[35m[HTTP][39m [90m[39m
[35m[HTTP][39m [37m-->[39m [37mPOST[39m [37m/wd/hub/session/6523787a-bd9d-48c1-acb8-c3608cdfa423/context[39m
[35m[HTTP][39m [90m{"name":"NATIVE_APP"}[39m
[35m[HTTP][39m [37m<-- POST /wd/hub/session/6523787a-bd9d-48c1-acb8-c3608cdfa423/context [39m[32m200[39m [90m1 ms - 14[39m
[35m[HTTP][39m [90m[39m
[35m[HTTP][39m [37m-->[39m [37mPOST[39m [37m/wd/hub/session/6523787a-bd9d-48c1-acb8-c3608cdfa423/timeouts[39m
[35m[HTTP][39m [90m{"implicit":50}[39m
[35m[HTTP][39m [37m<-- POST /wd/hub/session/6523787a-bd9d-48c1-acb8-c3608cdfa423/timeouts [39m[32m200[39m [90m1 ms - 14[39m
[35m[HTTP][39m [90m[39m
[35m[HTTP][39m [37m-->[39m [37mGET[39m [37m/wd/hub/session/6523787a-bd9d-48c1-acb8-c3608cdfa423/window/rect[39m
[35m[HTTP][39m [90m{}[39m
[35m[HTTP][39m [37m<-- GET /wd/hub/session/6523787a-bd9d-48c1-acb8-c3608cdfa423/window/rect [39m[32m200[39m [90m28 ms - 50[39m
[35m[HTTP][39m [90m[39m
[35m[HTTP][39m [37m-->[39m [37mPOST[39m [37m/wd/hub/session/6523787a-bd9d-48c1-acb8-c3608cdfa423/elements[39m
[35m[HTTP][39m [90m{"using":"xpath","value":"//*[@class = 'android.widget.ImageButton' and (@text = '' or . = '')]"}[39m
[35m[HTTP][39m [37m<-- POST /wd/hub/session/6523787a-bd9d-48c1-acb8-c3608cdfa423/elements [39m[32m200[39m [90m823 ms - 139[39m
[35m[HTTP][39m [90m[39m
[35m[HTTP][39m [37m-->[39m [37mGET[39m [37m/wd/hub/session/6523787a-bd9d-48c1-acb8-c3608cdfa423/element/00000000-0000-01ed-ffff-ffff00000118/location[39m
[35m[HTTP][39m [90m{}[39m
[35m[W3C (6523787a)][39m Driver proxy active, passing request on via HTTP proxy
[35m[WD Proxy][39m Replacing sessionId 93e3f95d-2fc2-409e-bb69-02401a810263 with 6523787a-bd9d-48c1-acb8-c3608cdfa423
[35m[HTTP][39m [37m<-- GET /wd/hub/session/6523787a-bd9d-48c1-acb8-c3608cdfa423/element/00000000-0000-01ed-ffff-ffff00000118/location [39m[32m200[39m [90m26 ms - 75[39m
[35m[HTTP][39m [90m[39m
[35m[HTTP][39m [37m-->[39m [37mPOST[39m [37m/wd/hub/session/6523787a-bd9d-48c1-acb8-c3608cdfa423/timeouts[39m
[35m[HTTP][39m [90m{"implicit":30000}[39m
[35m[HTTP][39m [37m<-- POST /wd/hub/session/6523787a-bd9d-48c1-acb8-c3608cdfa423/timeouts [39m[32m200[39m [90m1 ms - 14[39m
[35m[HTTP][39m [90m[39m
[35m[HTTP][39m [37m-->[39m [37mPOST[39m [37m/wd/hub/session/6523787a-bd9d-48c1-acb8-c3608cdfa423/element/00000000-0000-01ed-ffff-ffff00000118/click[39m
[35m[HTTP][39m [90m{"id":"00000000-0000-01ed-ffff-ffff00000118"}[39m
[35m[HTTP][39m [37m<-- POST /wd/hub/session/6523787a-bd9d-48c1-acb8-c3608cdfa423/element/00000000-0000-01ed-ffff-ffff00000118/click [39m[32m200[39m [90m119 ms - 14[39m
[35m[HTTP][39m [90m[39m
[35m[HTTP][39m [37m-->[39m [37mPOST[39m [37m/wd/hub/session/6523787a-bd9d-48c1-acb8-c3608cdfa423/timeouts[39m
[35m[HTTP][39m [90m{"implicit":50}[39m
[35m[HTTP][39m [37m<-- POST /wd/hub/session/6523787a-bd9d-48c1-acb8-c3608cdfa423/timeouts [39m[32m200[39m [90m1 ms - 14[39m
[35m[HTTP][39m [90m[39m
[35m[HTTP][39m [37m-->[39m [37mGET[39m [37m/wd/hub/session/6523787a-bd9d-48c1-acb8-c3608cdfa423/window/rect[39m
[35m[HTTP][39m [90m{}[39m
[35m[HTTP][39m [37m<-- GET /wd/hub/session/6523787a-bd9d-48c1-acb8-c3608cdfa423/window/rect [39m[32m200[39m [90m45 ms - 50[39m
[35m[HTTP][39m [90m[39m
[35m[HTTP][39m [37m-->[39m [37mPOST[39m [37m/wd/hub/session/6523787a-bd9d-48c1-acb8-c3608cdfa423/elements[39m
[35m[HTTP][39m [90m{"using":"xpath","value":"//*[@class = 'android.widget.ImageButton' and (@text = '' or . = '')]"}[39m
[35m[HTTP][39m [37m<-- POST /wd/hub/session/6523787a-bd9d-48c1-acb8-c3608cdfa423/elements [39m[32m200[39m [90m579 ms - 139[39m
[35m[HTTP][39m [90m[39m
[35m[HTTP][39m [37m-->[39m [37mGET[39m [37m/wd/hub/session/6523787a-bd9d-48c1-acb8-c3608cdfa423/element/00000000-0000-01ed-ffff-ffff000000f8/location[39m
[35m[HTTP][39m [90m{}[39m
[35m[W3C (6523787a)][39m Driver proxy active, passing request on via HTTP proxy
[35m[WD Proxy][39m Replacing sessionId 93e3f95d-2fc2-409e-bb69-02401a810263 with 6523787a-bd9d-48c1-acb8-c3608cdfa423
[35m[HTTP][39m [37m<-- GET /wd/hub/session/6523787a-bd9d-48c1-acb8-c3608cdfa423/element/00000000-0000-01ed-ffff-ffff000000f8/location [39m[32m200[39m [90m31 ms - 75[39m
[35m[HTTP][39m [90m[39m
[35m[HTTP][39m [37m-->[39m [37mPOST[39m [37m/wd/hub/session/6523787a-bd9d-48c1-acb8-c3608cdfa423/timeouts[39m
[35m[HTTP][39m [90m{"implicit":30000}[39m
[35m[HTTP][39m [37m<-- POST /wd/hub/session/6523787a-bd9d-48c1-acb8-c3608cdfa423/timeouts [39m[32m200[39m [90m1 ms - 14[39m
[35m[HTTP][39m [90m[39m
[35m[HTTP][39m [37m-->[39m [37mPOST[39m [37m/wd/hub/session/6523787a-bd9d-48c1-acb8-c3608cdfa423/element/00000000-0000-01ed-ffff-ffff000000f8/click[39m
[35m[HTTP][39m [90m{"id":"00000000-0000-01ed-ffff-ffff000000f8"}[39m
[35m[HTTP][39m [37m<-- POST /wd/hub/session/6523787a-bd9d-48c1-acb8-c3608cdfa423/element/00000000-0000-01ed-ffff-ffff000000f8/click [39m[32m200[39m [90m96 ms - 14[39m
[35m[HTTP][39m [90m[39m
[35m[HTTP][39m [37m-->[39m [37mDELETE[39m [37m/wd/hub/session/6523787a-bd9d-48c1-acb8-c3608cdfa423[39m
[35m[HTTP][39m [90m{}[39m
[35m[Appium][39m Removing session 6523787a-bd9d-48c1-acb8-c3608cdfa423 from our master session list
[35m[ADB][39m com.tengyeekong.movieapp was successfully uninstalled
[35m[UiAutomator2][39m Restoring hidden api policy to the device default configuration
[35m[HTTP][39m [37m<-- DELETE /wd/hub/session/6523787a-bd9d-48c1-acb8-c3608cdfa423 [39m[32m200[39m [90m1988 ms - 14[39m
[35m[HTTP][39m [90m[39m
