[35m[Appium][39m Welcome to Appium v1.22.3
[35m[Appium][39m Non-default server args:
[35m[Appium][39m   port: 64016
[35m[Appium][39m   loglevel: info
[35m[Appium][39m   tmpDir: C:\Users\REG-LP~1\AppData\Local\Temp\\Katalon\Appium\Temp1700187941460
[35m[Appium][39m   chromedriverPort: 64018
[35m[Appium][39m Deprecated server args:
[35m[Appium][39m   [31m--chromedriver-port[39m => --default-capabilities
[35m[Appium][39m Default capabilities, which will be added to each request unless overridden by desired capabilities:
[35m[Appium][39m   chromedriverPort: 64018
[35m[Appium][39m Appium REST http interface listener started on 0.0.0.0:64016
[35m[HTTP][39m [37m-->[39m [37mGET[39m [37m/wd/hub/status[39m
[35m[HTTP][39m [90m{}[39m
[35m[HTTP][39m [37m<-- GET /wd/hub/status [39m[32m200[39m [90m6 ms - 68[39m
[35m[HTTP][39m [90m[39m
[35m[HTTP][39m [37m-->[39m [37mPOST[39m [37m/wd/hub/session[39m
[35m[HTTP][39m [90m{"desiredCapabilities":{"app":"C:\\Users\\REG-LPT-173\\Downloads\\movie-app-release\\movie-app-release.apk","noReset":false,"deviceName":"samsung SM-A725F (Android 13)","fullReset":true,"platform":"ANDROID","newCommandTimeout":1800,"platformVersion":"13","automationName":"uiautomator2","autoGrantPermissions":true,"platformName":"Android","udid":"R58R83Q043W","systemPort":64015},"capabilities":{"firstMatch":[{"appium:app":"C:\\Users\\REG-LPT-173\\Downloads\\movie-app-release\\movie-app-release.apk","appium:autoGrantPermissions":true,"appium:automationName":"uiautomator2","appium:deviceName":"samsung SM-A725F (Android 13)","appium:fullReset":true,"appium:newCommandTimeout":1800,"appium:noReset":false,"platform":"ANDROID","platformName":"android","appium:platformVersion":"13","appium:systemPort":64015,"appium:udid":"R58R83Q043W"}]}}[39m
[35m[BaseDriver][39m The following capabilities are not standard capabilities and should have an extension prefix:
[35m[BaseDriver][39m   platform
[35m[BaseDriver][39m   chromedriverPort
[35m[Appium][39m Appium v1.22.3 creating new AndroidUiautomator2Driver (v1.70.1) session
[35m[BaseDriver][39m The following capabilities were provided, but are not recognized by Appium:
[35m[BaseDriver][39m   platform
[35m[BaseDriver][39m Session created with session id: c0e3cfaa-5932-4ef8-9845-199714885375
[35m[BaseDriver][39m Using local app 'C:\Users\REG-LPT-173\Downloads\movie-app-release\movie-app-release.apk'
[35m[ADB][39m Found 1 'build-tools' folders under 'C:\Users\REG-LPT-173\.katalon\tools\android_sdk' (newest first):
[35m[ADB][39m     C:/Users/REG-LPT-173/.katalon/tools/android_sdk/build-tools/29.0.3
[35m[ADB][39m Using 'adb.exe' from 'C:\Users\REG-LPT-173\.katalon\tools\android_sdk\platform-tools\adb.exe'
[35m[AndroidDriver][39m Retrieving device list
[35m[AndroidDriver][39m Using device: R58R83Q043W
[35m[ADB][39m Using 'adb.exe' from 'C:\Users\REG-LPT-173\.katalon\tools\android_sdk\platform-tools\adb.exe'
[35m[ADB][39m Getting device platform version
[35m[UiAutomator2][39m Relaxing hidden api policy
[35m[ADB][39m Package name: 'com.tengyeekong.movieapp'
[35m[ADB][39m Main activity name: 'com.tengyeekong.movieapp.ui.MainActivity'
[35m[ADB][39m Using 'apksigner.jar' from 'C:\Users\REG-LPT-173\.katalon\tools\android_sdk\build-tools\29.0.3\lib\apksigner.jar'
[35m[ADB][39m 'C:\Users\REG-LPT-173\AppData\Roaming\npm\node_modules\appium\node_modules\appium-uiautomator2-server\apks\appium-uiautomator2-server-v4.27.0.apk' is signed with the default certificate
[35m[ADB][39m 'C:\Users\REG-LPT-173\AppData\Roaming\npm\node_modules\appium\node_modules\appium-uiautomator2-server\apks\appium-uiautomator2-server-debug-androidTest.apk' is signed with the default certificate
[35m[UiAutomator2][39m Server packages are not going to be (re)installed
[35m[ADB][39m Adding packages ["io.appium.settings","io.appium.uiautomator2.server","io.appium.uiautomator2.server.test"] to Doze whitelist
[35m[ADB][39m 'C:\Users\REG-LPT-173\Downloads\movie-app-release\movie-app-release.apk' is signed with a non-default certificate
[35m[ADB][39m com.tengyeekong.movieapp was successfully uninstalled
[35m[ADB][39m The application at 'C:\Users\REG-LPT-173\Downloads\movie-app-release\movie-app-release.apk' will not be cached, because the device under test has confirmed the support of streamed installs
[35m[ADB][39m The installation of 'movie-app-release.apk' took 3045ms
[35m[UiAutomator2][39m Starting UIAutomator2 server 4.27.0
[35m[UiAutomator2][39m Using UIAutomator2 server from 'C:\Users\REG-LPT-173\AppData\Roaming\npm\node_modules\appium\node_modules\appium-uiautomator2-server\apks\appium-uiautomator2-server-v4.27.0.apk' and test from 'C:\Users\REG-LPT-173\AppData\Roaming\npm\node_modules\appium\node_modules\appium-uiautomator2-server\apks\appium-uiautomator2-server-debug-androidTest.apk'
[35m[UiAutomator2][39m Waiting up to 30000ms for UiAutomator2 to be online...
[35m[WD Proxy][39m socket hang up
[35m[WD Proxy][39m socket hang up
[35m[WD Proxy][39m socket hang up
[35m[WD Proxy][39m Determined the downstream protocol as 'W3C'
[35m[AndroidDriver][39m Screen already unlocked, doing nothing
[35m[UiAutomator2][39m Starting 'com.tengyeekong.movieapp/com.tengyeekong.movieapp.ui.MainActivity and waiting for 'com.tengyeekong.movieapp/com.tengyeekong.movieapp.ui.MainActivity'
[35m[Appium][39m New AndroidUiautomator2Driver session created successfully, session c0e3cfaa-5932-4ef8-9845-199714885375 added to master session list
[35m[HTTP][39m [37m<-- POST /wd/hub/session [39m[32m200[39m [90m18949 ms - 1311[39m
[35m[HTTP][39m [90m[39m
[35m[HTTP][39m [37m-->[39m [37mGET[39m [37m/wd/hub/session/c0e3cfaa-5932-4ef8-9845-199714885375[39m
[35m[HTTP][39m [90m{}[39m
[35m[HTTP][39m [37m<-- GET /wd/hub/session/c0e3cfaa-5932-4ef8-9845-199714885375 [39m[32m200[39m [90m28 ms - 1265[39m
[35m[HTTP][39m [90m[39m
[35m[HTTP][39m [37m-->[39m [37mGET[39m [37m/wd/hub/session/c0e3cfaa-5932-4ef8-9845-199714885375[39m
[35m[HTTP][39m [90m{}[39m
[35m[HTTP][39m [37m<-- GET /wd/hub/session/c0e3cfaa-5932-4ef8-9845-199714885375 [39m[32m200[39m [90m26 ms - 1265[39m
[35m[HTTP][39m [90m[39m
[35m[HTTP][39m [37m-->[39m [37mGET[39m [37m/wd/hub/status[39m
[35m[HTTP][39m [90m{}[39m
[35m[HTTP][39m [37m<-- GET /wd/hub/status [39m[32m200[39m [90m1 ms - 68[39m
[35m[HTTP][39m [90m[39m
[35m[HTTP][39m [37m-->[39m [37mPOST[39m [37m/wd/hub/session/c0e3cfaa-5932-4ef8-9845-199714885375/timeouts[39m
[35m[HTTP][39m [90m{"implicit":30000}[39m
[35m[HTTP][39m [37m<-- POST /wd/hub/session/c0e3cfaa-5932-4ef8-9845-199714885375/timeouts [39m[32m200[39m [90m3 ms - 14[39m
[35m[HTTP][39m [90m[39m
[35m[HTTP][39m [37m-->[39m [37mGET[39m [37m/wd/hub/session/c0e3cfaa-5932-4ef8-9845-199714885375/screenshot[39m
[35m[HTTP][39m [90m{}[39m
[35m[HTTP][39m [37m<-- GET /wd/hub/session/c0e3cfaa-5932-4ef8-9845-199714885375/screenshot [39m[32m200[39m [90m870 ms - 107124[39m
[35m[HTTP][39m [90m[39m
[35m[HTTP][39m [37m-->[39m [37mGET[39m [37m/wd/hub/session/c0e3cfaa-5932-4ef8-9845-199714885375/window/rect[39m
[35m[HTTP][39m [90m{}[39m
[35m[HTTP][39m [37m<-- GET /wd/hub/session/c0e3cfaa-5932-4ef8-9845-199714885375/window/rect [39m[32m200[39m [90m56 ms - 50[39m
[35m[HTTP][39m [90m[39m
[35m[HTTP][39m [37m-->[39m [37mGET[39m [37m/wd/hub/session/c0e3cfaa-5932-4ef8-9845-199714885375/appium/device/system_bars[39m
[35m[HTTP][39m [90m{}[39m
[35m[HTTP][39m [37m<-- GET /wd/hub/session/c0e3cfaa-5932-4ef8-9845-199714885375/appium/device/system_bars [39m[32m200[39m [90m197 ms - 145[39m
[35m[HTTP][39m [90m[39m
[35m[HTTP][39m [37m-->[39m [37mPOST[39m [37m/wd/hub/session/c0e3cfaa-5932-4ef8-9845-199714885375/timeouts[39m
[35m[HTTP][39m [90m{"implicit":50}[39m
[35m[HTTP][39m [37m<-- POST /wd/hub/session/c0e3cfaa-5932-4ef8-9845-199714885375/timeouts [39m[32m200[39m [90m3 ms - 14[39m
[35m[HTTP][39m [90m[39m
[35m[HTTP][39m [37m-->[39m [37mGET[39m [37m/wd/hub/session/c0e3cfaa-5932-4ef8-9845-199714885375/window/rect[39m
[35m[HTTP][39m [90m{}[39m
[35m[HTTP][39m [37m<-- GET /wd/hub/session/c0e3cfaa-5932-4ef8-9845-199714885375/window/rect [39m[32m200[39m [90m67 ms - 50[39m
[35m[HTTP][39m [90m[39m
[35m[HTTP][39m [37m-->[39m [37mPOST[39m [37m/wd/hub/session/c0e3cfaa-5932-4ef8-9845-199714885375/elements[39m
[35m[HTTP][39m [90m{"using":"xpath","value":"//hierarchy/android.widget.FrameLayout[1]/android.widget.LinearLayout[1]/android.widget.FrameLayout[1]/android.widget.LinearLayout[1]/android.widget.FrameLayout[1]/android.widget.FrameLayout[1]/android.widget.FrameLayout[1]/android.view.ViewGroup[1]/android.widget.LinearLayout[1]/android.view.ViewGroup[1]/androidx.recyclerview.widget.RecyclerView[1]/android.widget.FrameLayout[1]/android.view.ViewGroup[1]"}[39m
[35m[HTTP][39m [37m<-- POST /wd/hub/session/c0e3cfaa-5932-4ef8-9845-199714885375/elements [39m[32m200[39m [90m761 ms - 139[39m
[35m[HTTP][39m [90m[39m
[35m[HTTP][39m [37m-->[39m [37mGET[39m [37m/wd/hub/session/c0e3cfaa-5932-4ef8-9845-199714885375/element/00000000-0000-011c-ffff-ffff00000017/location[39m
[35m[HTTP][39m [90m{}[39m
[35m[W3C (c0e3cfaa)][39m Driver proxy active, passing request on via HTTP proxy
[35m[WD Proxy][39m Replacing sessionId f1a4cf36-a428-4eb2-94c7-f22bae60a6f0 with c0e3cfaa-5932-4ef8-9845-199714885375
[35m[HTTP][39m [37m<-- GET /wd/hub/session/c0e3cfaa-5932-4ef8-9845-199714885375/element/00000000-0000-011c-ffff-ffff00000017/location [39m[32m200[39m [90m49 ms - 77[39m
[35m[HTTP][39m [90m[39m
[35m[HTTP][39m [37m-->[39m [37mPOST[39m [37m/wd/hub/session/c0e3cfaa-5932-4ef8-9845-199714885375/timeouts[39m
[35m[HTTP][39m [90m{"implicit":30000}[39m
[35m[HTTP][39m [37m<-- POST /wd/hub/session/c0e3cfaa-5932-4ef8-9845-199714885375/timeouts [39m[32m200[39m [90m1 ms - 14[39m
[35m[HTTP][39m [90m[39m
[35m[HTTP][39m [37m-->[39m [37mPOST[39m [37m/wd/hub/session/c0e3cfaa-5932-4ef8-9845-199714885375/element/00000000-0000-011c-ffff-ffff00000017/click[39m
[35m[HTTP][39m [90m{"id":"00000000-0000-011c-ffff-ffff00000017"}[39m
[35m[HTTP][39m [37m<-- POST /wd/hub/session/c0e3cfaa-5932-4ef8-9845-199714885375/element/00000000-0000-011c-ffff-ffff00000017/click [39m[32m200[39m [90m121 ms - 14[39m
[35m[HTTP][39m [90m[39m
[35m[HTTP][39m [37m-->[39m [37mGET[39m [37m/wd/hub/session/c0e3cfaa-5932-4ef8-9845-199714885375/context[39m
[35m[HTTP][39m [90m{}[39m
[35m[HTTP][39m [37m<-- GET /wd/hub/session/c0e3cfaa-5932-4ef8-9845-199714885375/context [39m[32m200[39m [90m1 ms - 22[39m
[35m[HTTP][39m [90m[39m
[35m[HTTP][39m [37m-->[39m [37mGET[39m [37m/wd/hub/session/c0e3cfaa-5932-4ef8-9845-199714885375/contexts[39m
[35m[HTTP][39m [90m{}[39m
[35m[HTTP][39m [37m<-- GET /wd/hub/session/c0e3cfaa-5932-4ef8-9845-199714885375/contexts [39m[32m200[39m [90m153 ms - 24[39m
[35m[HTTP][39m [90m[39m
[35m[HTTP][39m [37m-->[39m [37mPOST[39m [37m/wd/hub/session/c0e3cfaa-5932-4ef8-9845-199714885375/context[39m
[35m[HTTP][39m [90m{"name":"NATIVE_APP"}[39m
[35m[HTTP][39m [37m<-- POST /wd/hub/session/c0e3cfaa-5932-4ef8-9845-199714885375/context [39m[32m200[39m [90m2 ms - 14[39m
[35m[HTTP][39m [90m[39m
[35m[HTTP][39m [37m-->[39m [37mGET[39m [37m/wd/hub/session/c0e3cfaa-5932-4ef8-9845-199714885375/window/rect[39m
[35m[HTTP][39m [90m{}[39m
[35m[HTTP][39m [37m<-- GET /wd/hub/session/c0e3cfaa-5932-4ef8-9845-199714885375/window/rect [39m[32m200[39m [90m66 ms - 50[39m
[35m[HTTP][39m [90m[39m
[35m[HTTP][39m [37m-->[39m [37mPOST[39m [37m/wd/hub/session/c0e3cfaa-5932-4ef8-9845-199714885375/execute/sync[39m
[35m[HTTP][39m [90m{"script":"mobile: viewportScreenshot","args":[]}[39m
[35m[AndroidDriver][39m Executing native command 'mobile: viewportScreenshot'
[35m[HTTP][39m [37m<-- POST /wd/hub/session/c0e3cfaa-5932-4ef8-9845-199714885375/execute/sync [39m[32m200[39m [90m1440 ms - 373872[39m
[35m[HTTP][39m [90m[39m
[35m[HTTP][39m [37m-->[39m [37mPOST[39m [37m/wd/hub/session/c0e3cfaa-5932-4ef8-9845-199714885375/context[39m
[35m[HTTP][39m [90m{"name":"NATIVE_APP"}[39m
[35m[HTTP][39m [37m<-- POST /wd/hub/session/c0e3cfaa-5932-4ef8-9845-199714885375/context [39m[32m200[39m [90m2 ms - 14[39m
[35m[HTTP][39m [90m[39m
[35m[HTTP][39m [37m-->[39m [37mPOST[39m [37m/wd/hub/session/c0e3cfaa-5932-4ef8-9845-199714885375/timeouts[39m
[35m[HTTP][39m [90m{"implicit":50}[39m
[35m[HTTP][39m [37m<-- POST /wd/hub/session/c0e3cfaa-5932-4ef8-9845-199714885375/timeouts [39m[32m200[39m [90m1 ms - 14[39m
[35m[HTTP][39m [90m[39m
[35m[HTTP][39m [37m-->[39m [37mGET[39m [37m/wd/hub/session/c0e3cfaa-5932-4ef8-9845-199714885375/window/rect[39m
[35m[HTTP][39m [90m{}[39m
[35m[HTTP][39m [37m<-- GET /wd/hub/session/c0e3cfaa-5932-4ef8-9845-199714885375/window/rect [39m[32m200[39m [90m31 ms - 50[39m
[35m[HTTP][39m [90m[39m
[35m[HTTP][39m [37m-->[39m [37mPOST[39m [37m/wd/hub/session/c0e3cfaa-5932-4ef8-9845-199714885375/elements[39m
[35m[HTTP][39m [90m{"using":"xpath","value":"//*[@class = 'android.widget.ImageButton' and (@text = '' or . = '')]"}[39m
[35m[HTTP][39m [37m<-- POST /wd/hub/session/c0e3cfaa-5932-4ef8-9845-199714885375/elements [39m[32m200[39m [90m262 ms - 139[39m
[35m[HTTP][39m [90m[39m
[35m[HTTP][39m [37m-->[39m [37mGET[39m [37m/wd/hub/session/c0e3cfaa-5932-4ef8-9845-199714885375/element/00000000-0000-011c-ffff-ffff00000044/location[39m
[35m[HTTP][39m [90m{}[39m
[35m[W3C (c0e3cfaa)][39m Driver proxy active, passing request on via HTTP proxy
[35m[WD Proxy][39m Replacing sessionId f1a4cf36-a428-4eb2-94c7-f22bae60a6f0 with c0e3cfaa-5932-4ef8-9845-199714885375
[35m[HTTP][39m [37m<-- GET /wd/hub/session/c0e3cfaa-5932-4ef8-9845-199714885375/element/00000000-0000-011c-ffff-ffff00000044/location [39m[32m200[39m [90m39 ms - 75[39m
[35m[HTTP][39m [90m[39m
[35m[HTTP][39m [37m-->[39m [37mPOST[39m [37m/wd/hub/session/c0e3cfaa-5932-4ef8-9845-199714885375/timeouts[39m
[35m[HTTP][39m [90m{"implicit":30000}[39m
[35m[HTTP][39m [37m<-- POST /wd/hub/session/c0e3cfaa-5932-4ef8-9845-199714885375/timeouts [39m[32m200[39m [90m2 ms - 14[39m
[35m[HTTP][39m [90m[39m
[35m[HTTP][39m [37m-->[39m [37mPOST[39m [37m/wd/hub/session/c0e3cfaa-5932-4ef8-9845-199714885375/element/00000000-0000-011c-ffff-ffff00000044/click[39m
[35m[HTTP][39m [90m{"id":"00000000-0000-011c-ffff-ffff00000044"}[39m
[35m[HTTP][39m [37m<-- POST /wd/hub/session/c0e3cfaa-5932-4ef8-9845-199714885375/element/00000000-0000-011c-ffff-ffff00000044/click [39m[32m200[39m [90m84 ms - 14[39m
[35m[HTTP][39m [90m[39m
[35m[HTTP][39m [37m-->[39m [37mPOST[39m [37m/wd/hub/session/c0e3cfaa-5932-4ef8-9845-199714885375/timeouts[39m
[35m[HTTP][39m [90m{"implicit":50}[39m
[35m[HTTP][39m [37m<-- POST /wd/hub/session/c0e3cfaa-5932-4ef8-9845-199714885375/timeouts [39m[32m200[39m [90m1 ms - 14[39m
[35m[HTTP][39m [90m[39m
[35m[HTTP][39m [37m-->[39m [37mGET[39m [37m/wd/hub/session/c0e3cfaa-5932-4ef8-9845-199714885375/window/rect[39m
[35m[HTTP][39m [90m{}[39m
[35m[HTTP][39m [37m<-- GET /wd/hub/session/c0e3cfaa-5932-4ef8-9845-199714885375/window/rect [39m[32m200[39m [90m52 ms - 50[39m
[35m[HTTP][39m [90m[39m
[35m[HTTP][39m [37m-->[39m [37mPOST[39m [37m/wd/hub/session/c0e3cfaa-5932-4ef8-9845-199714885375/elements[39m
[35m[HTTP][39m [90m{"using":"xpath","value":"//hierarchy/android.widget.FrameLayout[1]/android.widget.LinearLayout[1]/android.widget.FrameLayout[1]/android.widget.LinearLayout[1]/android.widget.FrameLayout[1]/android.widget.FrameLayout[1]/android.widget.FrameLayout[1]/android.view.ViewGroup[1]/android.widget.LinearLayout[1]/android.view.ViewGroup[1]/androidx.recyclerview.widget.RecyclerView[1]/android.widget.FrameLayout[3]/android.view.ViewGroup[1]"}[39m
[35m[HTTP][39m [37m<-- POST /wd/hub/session/c0e3cfaa-5932-4ef8-9845-199714885375/elements [39m[32m200[39m [90m722 ms - 139[39m
[35m[HTTP][39m [90m[39m
[35m[HTTP][39m [37m-->[39m [37mGET[39m [37m/wd/hub/session/c0e3cfaa-5932-4ef8-9845-199714885375/element/00000000-0000-011c-ffff-ffff00000029/location[39m
[35m[HTTP][39m [90m{}[39m
[35m[W3C (c0e3cfaa)][39m Driver proxy active, passing request on via HTTP proxy
[35m[WD Proxy][39m Replacing sessionId f1a4cf36-a428-4eb2-94c7-f22bae60a6f0 with c0e3cfaa-5932-4ef8-9845-199714885375
[35m[HTTP][39m [37m<-- GET /wd/hub/session/c0e3cfaa-5932-4ef8-9845-199714885375/element/00000000-0000-011c-ffff-ffff00000029/location [39m[32m200[39m [90m27 ms - 78[39m
[35m[HTTP][39m [90m[39m
[35m[HTTP][39m [37m-->[39m [37mPOST[39m [37m/wd/hub/session/c0e3cfaa-5932-4ef8-9845-199714885375/timeouts[39m
[35m[HTTP][39m [90m{"implicit":30000}[39m
[35m[HTTP][39m [37m<-- POST /wd/hub/session/c0e3cfaa-5932-4ef8-9845-199714885375/timeouts [39m[32m200[39m [90m1 ms - 14[39m
[35m[HTTP][39m [90m[39m
[35m[HTTP][39m [37m-->[39m [37mPOST[39m [37m/wd/hub/session/c0e3cfaa-5932-4ef8-9845-199714885375/element/00000000-0000-011c-ffff-ffff00000029/click[39m
[35m[HTTP][39m [90m{"id":"00000000-0000-011c-ffff-ffff00000029"}[39m
[35m[HTTP][39m [37m<-- POST /wd/hub/session/c0e3cfaa-5932-4ef8-9845-199714885375/element/00000000-0000-011c-ffff-ffff00000029/click [39m[32m200[39m [90m61 ms - 14[39m
[35m[HTTP][39m [90m[39m
[35m[HTTP][39m [37m-->[39m [37mGET[39m [37m/wd/hub/session/c0e3cfaa-5932-4ef8-9845-199714885375/context[39m
[35m[HTTP][39m [90m{}[39m
[35m[HTTP][39m [37m<-- GET /wd/hub/session/c0e3cfaa-5932-4ef8-9845-199714885375/context [39m[32m200[39m [90m2 ms - 22[39m
[35m[HTTP][39m [90m[39m
[35m[HTTP][39m [37m-->[39m [37mGET[39m [37m/wd/hub/session/c0e3cfaa-5932-4ef8-9845-199714885375/contexts[39m
[35m[HTTP][39m [90m{}[39m
[35m[HTTP][39m [37m<-- GET /wd/hub/session/c0e3cfaa-5932-4ef8-9845-199714885375/contexts [39m[32m200[39m [90m138 ms - 24[39m
[35m[HTTP][39m [90m[39m
[35m[HTTP][39m [37m-->[39m [37mPOST[39m [37m/wd/hub/session/c0e3cfaa-5932-4ef8-9845-199714885375/context[39m
[35m[HTTP][39m [90m{"name":"NATIVE_APP"}[39m
[35m[HTTP][39m [37m<-- POST /wd/hub/session/c0e3cfaa-5932-4ef8-9845-199714885375/context [39m[32m200[39m [90m1 ms - 14[39m
[35m[HTTP][39m [90m[39m
[35m[HTTP][39m [37m-->[39m [37mGET[39m [37m/wd/hub/session/c0e3cfaa-5932-4ef8-9845-199714885375/window/rect[39m
[35m[HTTP][39m [90m{}[39m
[35m[HTTP][39m [37m<-- GET /wd/hub/session/c0e3cfaa-5932-4ef8-9845-199714885375/window/rect [39m[32m200[39m [90m61 ms - 50[39m
[35m[HTTP][39m [90m[39m
[35m[HTTP][39m [37m-->[39m [37mPOST[39m [37m/wd/hub/session/c0e3cfaa-5932-4ef8-9845-199714885375/execute/sync[39m
[35m[HTTP][39m [90m{"script":"mobile: viewportScreenshot","args":[]}[39m
[35m[AndroidDriver][39m Executing native command 'mobile: viewportScreenshot'
[35m[HTTP][39m [37m<-- POST /wd/hub/session/c0e3cfaa-5932-4ef8-9845-199714885375/execute/sync [39m[32m200[39m [90m1060 ms - 121080[39m
[35m[HTTP][39m [90m[39m
[35m[HTTP][39m [37m-->[39m [37mPOST[39m [37m/wd/hub/session/c0e3cfaa-5932-4ef8-9845-199714885375/context[39m
[35m[HTTP][39m [90m{"name":"NATIVE_APP"}[39m
[35m[HTTP][39m [37m<-- POST /wd/hub/session/c0e3cfaa-5932-4ef8-9845-199714885375/context [39m[32m200[39m [90m1 ms - 14[39m
[35m[HTTP][39m [90m[39m
[35m[HTTP][39m [37m-->[39m [37mPOST[39m [37m/wd/hub/session/c0e3cfaa-5932-4ef8-9845-199714885375/timeouts[39m
[35m[HTTP][39m [90m{"implicit":50}[39m
[35m[HTTP][39m [37m<-- POST /wd/hub/session/c0e3cfaa-5932-4ef8-9845-199714885375/timeouts [39m[32m200[39m [90m1 ms - 14[39m
[35m[HTTP][39m [90m[39m
[35m[HTTP][39m [37m-->[39m [37mGET[39m [37m/wd/hub/session/c0e3cfaa-5932-4ef8-9845-199714885375/window/rect[39m
[35m[HTTP][39m [90m{}[39m
[35m[HTTP][39m [37m<-- GET /wd/hub/session/c0e3cfaa-5932-4ef8-9845-199714885375/window/rect [39m[32m200[39m [90m32 ms - 50[39m
[35m[HTTP][39m [90m[39m
[35m[HTTP][39m [37m-->[39m [37mPOST[39m [37m/wd/hub/session/c0e3cfaa-5932-4ef8-9845-199714885375/elements[39m
[35m[HTTP][39m [90m{"using":"xpath","value":"//*[@class = 'android.widget.ImageButton' and (@text = '' or . = '')]"}[39m
[35m[HTTP][39m [37m<-- POST /wd/hub/session/c0e3cfaa-5932-4ef8-9845-199714885375/elements [39m[32m200[39m [90m210 ms - 139[39m
[35m[HTTP][39m [90m[39m
[35m[HTTP][39m [37m-->[39m [37mGET[39m [37m/wd/hub/session/c0e3cfaa-5932-4ef8-9845-199714885375/element/00000000-0000-011c-ffff-ffff00000069/location[39m
[35m[HTTP][39m [90m{}[39m
[35m[W3C (c0e3cfaa)][39m Driver proxy active, passing request on via HTTP proxy
[35m[WD Proxy][39m Replacing sessionId f1a4cf36-a428-4eb2-94c7-f22bae60a6f0 with c0e3cfaa-5932-4ef8-9845-199714885375
[35m[HTTP][39m [37m<-- GET /wd/hub/session/c0e3cfaa-5932-4ef8-9845-199714885375/element/00000000-0000-011c-ffff-ffff00000069/location [39m[32m200[39m [90m31 ms - 75[39m
[35m[HTTP][39m [90m[39m
[35m[HTTP][39m [37m-->[39m [37mPOST[39m [37m/wd/hub/session/c0e3cfaa-5932-4ef8-9845-199714885375/timeouts[39m
[35m[HTTP][39m [90m{"implicit":30000}[39m
[35m[HTTP][39m [37m<-- POST /wd/hub/session/c0e3cfaa-5932-4ef8-9845-199714885375/timeouts [39m[32m200[39m [90m1 ms - 14[39m
[35m[HTTP][39m [90m[39m
[35m[HTTP][39m [37m-->[39m [37mPOST[39m [37m/wd/hub/session/c0e3cfaa-5932-4ef8-9845-199714885375/element/00000000-0000-011c-ffff-ffff00000069/click[39m
[35m[HTTP][39m [90m{"id":"00000000-0000-011c-ffff-ffff00000069"}[39m
[35m[HTTP][39m [37m<-- POST /wd/hub/session/c0e3cfaa-5932-4ef8-9845-199714885375/element/00000000-0000-011c-ffff-ffff00000069/click [39m[32m200[39m [90m91 ms - 14[39m
[35m[HTTP][39m [90m[39m
[35m[HTTP][39m [37m-->[39m [37mPOST[39m [37m/wd/hub/session/c0e3cfaa-5932-4ef8-9845-199714885375/timeouts[39m
[35m[HTTP][39m [90m{"implicit":50}[39m
[35m[HTTP][39m [37m<-- POST /wd/hub/session/c0e3cfaa-5932-4ef8-9845-199714885375/timeouts [39m[32m200[39m [90m1 ms - 14[39m
[35m[HTTP][39m [90m[39m
[35m[HTTP][39m [37m-->[39m [37mGET[39m [37m/wd/hub/session/c0e3cfaa-5932-4ef8-9845-199714885375/window/rect[39m
[35m[HTTP][39m [90m{}[39m
[35m[HTTP][39m [37m<-- GET /wd/hub/session/c0e3cfaa-5932-4ef8-9845-199714885375/window/rect [39m[32m200[39m [90m49 ms - 50[39m
[35m[HTTP][39m [90m[39m
[35m[HTTP][39m [37m-->[39m [37mPOST[39m [37m/wd/hub/session/c0e3cfaa-5932-4ef8-9845-199714885375/elements[39m
[35m[HTTP][39m [90m{"using":"xpath","value":"//hierarchy/android.widget.FrameLayout[1]/android.widget.LinearLayout[1]/android.widget.FrameLayout[1]/android.widget.LinearLayout[1]/android.widget.FrameLayout[1]/android.widget.FrameLayout[1]/android.widget.FrameLayout[1]/android.view.ViewGroup[1]/android.widget.LinearLayout[1]/android.view.ViewGroup[1]/androidx.recyclerview.widget.RecyclerView[1]/android.widget.FrameLayout[2]/android.view.ViewGroup[1]"}[39m
[35m[HTTP][39m [37m<-- POST /wd/hub/session/c0e3cfaa-5932-4ef8-9845-199714885375/elements [39m[32m200[39m [90m754 ms - 139[39m
[35m[HTTP][39m [90m[39m
[35m[HTTP][39m [37m-->[39m [37mGET[39m [37m/wd/hub/session/c0e3cfaa-5932-4ef8-9845-199714885375/element/00000000-0000-011c-ffff-ffff00000020/location[39m
[35m[HTTP][39m [90m{}[39m
[35m[W3C (c0e3cfaa)][39m Driver proxy active, passing request on via HTTP proxy
[35m[WD Proxy][39m Replacing sessionId f1a4cf36-a428-4eb2-94c7-f22bae60a6f0 with c0e3cfaa-5932-4ef8-9845-199714885375
[35m[HTTP][39m [37m<-- GET /wd/hub/session/c0e3cfaa-5932-4ef8-9845-199714885375/element/00000000-0000-011c-ffff-ffff00000020/location [39m[32m200[39m [90m26 ms - 77[39m
[35m[HTTP][39m [90m[39m
[35m[HTTP][39m [37m-->[39m [37mPOST[39m [37m/wd/hub/session/c0e3cfaa-5932-4ef8-9845-199714885375/timeouts[39m
[35m[HTTP][39m [90m{"implicit":30000}[39m
[35m[HTTP][39m [37m<-- POST /wd/hub/session/c0e3cfaa-5932-4ef8-9845-199714885375/timeouts [39m[32m200[39m [90m1 ms - 14[39m
[35m[HTTP][39m [90m[39m
[35m[HTTP][39m [37m-->[39m [37mPOST[39m [37m/wd/hub/session/c0e3cfaa-5932-4ef8-9845-199714885375/element/00000000-0000-011c-ffff-ffff00000020/click[39m
[35m[HTTP][39m [90m{"id":"00000000-0000-011c-ffff-ffff00000020"}[39m
[35m[HTTP][39m [37m<-- POST /wd/hub/session/c0e3cfaa-5932-4ef8-9845-199714885375/element/00000000-0000-011c-ffff-ffff00000020/click [39m[32m200[39m [90m102 ms - 14[39m
[35m[HTTP][39m [90m[39m
[35m[HTTP][39m [37m-->[39m [37mGET[39m [37m/wd/hub/session/c0e3cfaa-5932-4ef8-9845-199714885375/context[39m
[35m[HTTP][39m [90m{}[39m
[35m[HTTP][39m [37m<-- GET /wd/hub/session/c0e3cfaa-5932-4ef8-9845-199714885375/context [39m[32m200[39m [90m1 ms - 22[39m
[35m[HTTP][39m [90m[39m
[35m[HTTP][39m [37m-->[39m [37mGET[39m [37m/wd/hub/session/c0e3cfaa-5932-4ef8-9845-199714885375/contexts[39m
[35m[HTTP][39m [90m{}[39m
[35m[HTTP][39m [37m<-- GET /wd/hub/session/c0e3cfaa-5932-4ef8-9845-199714885375/contexts [39m[32m200[39m [90m127 ms - 24[39m
[35m[HTTP][39m [90m[39m
[35m[HTTP][39m [37m-->[39m [37mPOST[39m [37m/wd/hub/session/c0e3cfaa-5932-4ef8-9845-199714885375/context[39m
[35m[HTTP][39m [90m{"name":"NATIVE_APP"}[39m
[35m[HTTP][39m [37m<-- POST /wd/hub/session/c0e3cfaa-5932-4ef8-9845-199714885375/context [39m[32m200[39m [90m1 ms - 14[39m
[35m[HTTP][39m [90m[39m
[35m[HTTP][39m [37m-->[39m [37mGET[39m [37m/wd/hub/session/c0e3cfaa-5932-4ef8-9845-199714885375/window/rect[39m
[35m[HTTP][39m [90m{}[39m
[35m[HTTP][39m [37m<-- GET /wd/hub/session/c0e3cfaa-5932-4ef8-9845-199714885375/window/rect [39m[32m200[39m [90m60 ms - 50[39m
[35m[HTTP][39m [90m[39m
[35m[HTTP][39m [37m-->[39m [37mPOST[39m [37m/wd/hub/session/c0e3cfaa-5932-4ef8-9845-199714885375/execute/sync[39m
[35m[HTTP][39m [90m{"script":"mobile: viewportScreenshot","args":[]}[39m
[35m[AndroidDriver][39m Executing native command 'mobile: viewportScreenshot'
[35m[HTTP][39m [37m<-- POST /wd/hub/session/c0e3cfaa-5932-4ef8-9845-199714885375/execute/sync [39m[32m200[39m [90m1344 ms - 310408[39m
[35m[HTTP][39m [90m[39m
[35m[HTTP][39m [37m-->[39m [37mPOST[39m [37m/wd/hub/session/c0e3cfaa-5932-4ef8-9845-199714885375/context[39m
[35m[HTTP][39m [90m{"name":"NATIVE_APP"}[39m
[35m[HTTP][39m [37m<-- POST /wd/hub/session/c0e3cfaa-5932-4ef8-9845-199714885375/context [39m[32m200[39m [90m1 ms - 14[39m
[35m[HTTP][39m [90m[39m
[35m[HTTP][39m [37m-->[39m [37mPOST[39m [37m/wd/hub/session/c0e3cfaa-5932-4ef8-9845-199714885375/timeouts[39m
[35m[HTTP][39m [90m{"implicit":50}[39m
[35m[HTTP][39m [37m<-- POST /wd/hub/session/c0e3cfaa-5932-4ef8-9845-199714885375/timeouts [39m[32m200[39m [90m1 ms - 14[39m
[35m[HTTP][39m [90m[39m
[35m[HTTP][39m [37m-->[39m [37mGET[39m [37m/wd/hub/session/c0e3cfaa-5932-4ef8-9845-199714885375/window/rect[39m
[35m[HTTP][39m [90m{}[39m
[35m[HTTP][39m [37m<-- GET /wd/hub/session/c0e3cfaa-5932-4ef8-9845-199714885375/window/rect [39m[32m200[39m [90m35 ms - 50[39m
[35m[HTTP][39m [90m[39m
[35m[HTTP][39m [37m-->[39m [37mPOST[39m [37m/wd/hub/session/c0e3cfaa-5932-4ef8-9845-199714885375/elements[39m
[35m[HTTP][39m [90m{"using":"xpath","value":"//*[@class = 'android.widget.ImageButton' and (@text = '' or . = '')]"}[39m
[35m[HTTP][39m [37m<-- POST /wd/hub/session/c0e3cfaa-5932-4ef8-9845-199714885375/elements [39m[32m200[39m [90m205 ms - 139[39m
[35m[HTTP][39m [90m[39m
[35m[HTTP][39m [37m-->[39m [37mGET[39m [37m/wd/hub/session/c0e3cfaa-5932-4ef8-9845-199714885375/element/00000000-0000-011c-ffff-ffff0000008e/location[39m
[35m[HTTP][39m [90m{}[39m
[35m[W3C (c0e3cfaa)][39m Driver proxy active, passing request on via HTTP proxy
[35m[WD Proxy][39m Replacing sessionId f1a4cf36-a428-4eb2-94c7-f22bae60a6f0 with c0e3cfaa-5932-4ef8-9845-199714885375
[35m[HTTP][39m [37m<-- GET /wd/hub/session/c0e3cfaa-5932-4ef8-9845-199714885375/element/00000000-0000-011c-ffff-ffff0000008e/location [39m[32m200[39m [90m51 ms - 75[39m
[35m[HTTP][39m [90m[39m
[35m[HTTP][39m [37m-->[39m [37mPOST[39m [37m/wd/hub/session/c0e3cfaa-5932-4ef8-9845-199714885375/timeouts[39m
[35m[HTTP][39m [90m{"implicit":30000}[39m
[35m[HTTP][39m [37m<-- POST /wd/hub/session/c0e3cfaa-5932-4ef8-9845-199714885375/timeouts [39m[32m200[39m [90m2 ms - 14[39m
[35m[HTTP][39m [90m[39m
[35m[HTTP][39m [37m-->[39m [37mPOST[39m [37m/wd/hub/session/c0e3cfaa-5932-4ef8-9845-199714885375/element/00000000-0000-011c-ffff-ffff0000008e/click[39m
[35m[HTTP][39m [90m{"id":"00000000-0000-011c-ffff-ffff0000008e"}[39m
[35m[HTTP][39m [37m<-- POST /wd/hub/session/c0e3cfaa-5932-4ef8-9845-199714885375/element/00000000-0000-011c-ffff-ffff0000008e/click [39m[32m200[39m [90m113 ms - 14[39m
[35m[HTTP][39m [90m[39m
[35m[HTTP][39m [37m-->[39m [37mPOST[39m [37m/wd/hub/session/c0e3cfaa-5932-4ef8-9845-199714885375/timeouts[39m
[35m[HTTP][39m [90m{"implicit":50}[39m
[35m[HTTP][39m [37m<-- POST /wd/hub/session/c0e3cfaa-5932-4ef8-9845-199714885375/timeouts [39m[32m200[39m [90m1 ms - 14[39m
[35m[HTTP][39m [90m[39m
[35m[HTTP][39m [37m-->[39m [37mGET[39m [37m/wd/hub/session/c0e3cfaa-5932-4ef8-9845-199714885375/window/rect[39m
[35m[HTTP][39m [90m{}[39m
[35m[HTTP][39m [37m<-- GET /wd/hub/session/c0e3cfaa-5932-4ef8-9845-199714885375/window/rect [39m[32m200[39m [90m27 ms - 50[39m
[35m[HTTP][39m [90m[39m
[35m[HTTP][39m [37m-->[39m [37mPOST[39m [37m/wd/hub/session/c0e3cfaa-5932-4ef8-9845-199714885375/elements[39m
[35m[HTTP][39m [90m{"using":"xpath","value":"//hierarchy/android.widget.FrameLayout[1]/android.widget.LinearLayout[1]/android.widget.FrameLayout[1]/android.widget.LinearLayout[1]/android.widget.FrameLayout[1]/android.widget.FrameLayout[1]/android.widget.FrameLayout[1]/android.view.ViewGroup[1]/android.widget.LinearLayout[1]/android.view.ViewGroup[1]/androidx.recyclerview.widget.RecyclerView[1]/android.widget.FrameLayout[4]/android.view.ViewGroup[1]"}[39m
[35m[HTTP][39m [37m<-- POST /wd/hub/session/c0e3cfaa-5932-4ef8-9845-199714885375/elements [39m[32m200[39m [90m721 ms - 139[39m
[35m[HTTP][39m [90m[39m
[35m[HTTP][39m [37m-->[39m [37mGET[39m [37m/wd/hub/session/c0e3cfaa-5932-4ef8-9845-199714885375/element/00000000-0000-011c-ffff-ffff00000032/location[39m
[35m[HTTP][39m [90m{}[39m
[35m[W3C (c0e3cfaa)][39m Driver proxy active, passing request on via HTTP proxy
[35m[WD Proxy][39m Replacing sessionId f1a4cf36-a428-4eb2-94c7-f22bae60a6f0 with c0e3cfaa-5932-4ef8-9845-199714885375
[35m[HTTP][39m [37m<-- GET /wd/hub/session/c0e3cfaa-5932-4ef8-9845-199714885375/element/00000000-0000-011c-ffff-ffff00000032/location [39m[32m200[39m [90m36 ms - 78[39m
[35m[HTTP][39m [90m[39m
[35m[HTTP][39m [37m-->[39m [37mPOST[39m [37m/wd/hub/session/c0e3cfaa-5932-4ef8-9845-199714885375/timeouts[39m
[35m[HTTP][39m [90m{"implicit":30000}[39m
[35m[HTTP][39m [37m<-- POST /wd/hub/session/c0e3cfaa-5932-4ef8-9845-199714885375/timeouts [39m[32m200[39m [90m1 ms - 14[39m
[35m[HTTP][39m [90m[39m
[35m[HTTP][39m [37m-->[39m [37mPOST[39m [37m/wd/hub/session/c0e3cfaa-5932-4ef8-9845-199714885375/element/00000000-0000-011c-ffff-ffff00000032/click[39m
[35m[HTTP][39m [90m{"id":"00000000-0000-011c-ffff-ffff00000032"}[39m
[35m[HTTP][39m [37m<-- POST /wd/hub/session/c0e3cfaa-5932-4ef8-9845-199714885375/element/00000000-0000-011c-ffff-ffff00000032/click [39m[32m200[39m [90m102 ms - 14[39m
[35m[HTTP][39m [90m[39m
[35m[HTTP][39m [37m-->[39m [37mGET[39m [37m/wd/hub/session/c0e3cfaa-5932-4ef8-9845-199714885375/context[39m
[35m[HTTP][39m [90m{}[39m
[35m[HTTP][39m [37m<-- GET /wd/hub/session/c0e3cfaa-5932-4ef8-9845-199714885375/context [39m[32m200[39m [90m3 ms - 22[39m
[35m[HTTP][39m [90m[39m
[35m[HTTP][39m [37m-->[39m [37mGET[39m [37m/wd/hub/session/c0e3cfaa-5932-4ef8-9845-199714885375/contexts[39m
[35m[HTTP][39m [90m{}[39m
[35m[HTTP][39m [37m<-- GET /wd/hub/session/c0e3cfaa-5932-4ef8-9845-199714885375/contexts [39m[32m200[39m [90m167 ms - 24[39m
[35m[HTTP][39m [90m[39m
[35m[HTTP][39m [37m-->[39m [37mPOST[39m [37m/wd/hub/session/c0e3cfaa-5932-4ef8-9845-199714885375/context[39m
[35m[HTTP][39m [90m{"name":"NATIVE_APP"}[39m
[35m[HTTP][39m [37m<-- POST /wd/hub/session/c0e3cfaa-5932-4ef8-9845-199714885375/context [39m[32m200[39m [90m1 ms - 14[39m
[35m[HTTP][39m [90m[39m
[35m[HTTP][39m [37m-->[39m [37mGET[39m [37m/wd/hub/session/c0e3cfaa-5932-4ef8-9845-199714885375/window/rect[39m
[35m[HTTP][39m [90m{}[39m
[35m[HTTP][39m [37m<-- GET /wd/hub/session/c0e3cfaa-5932-4ef8-9845-199714885375/window/rect [39m[32m200[39m [90m53 ms - 50[39m
[35m[HTTP][39m [90m[39m
[35m[HTTP][39m [37m-->[39m [37mPOST[39m [37m/wd/hub/session/c0e3cfaa-5932-4ef8-9845-199714885375/execute/sync[39m
[35m[HTTP][39m [90m{"script":"mobile: viewportScreenshot","args":[]}[39m
[35m[AndroidDriver][39m Executing native command 'mobile: viewportScreenshot'
[35m[HTTP][39m [37m<-- POST /wd/hub/session/c0e3cfaa-5932-4ef8-9845-199714885375/execute/sync [39m[32m200[39m [90m1038 ms - 122152[39m
[35m[HTTP][39m [90m[39m
[35m[HTTP][39m [37m-->[39m [37mPOST[39m [37m/wd/hub/session/c0e3cfaa-5932-4ef8-9845-199714885375/context[39m
[35m[HTTP][39m [90m{"name":"NATIVE_APP"}[39m
[35m[HTTP][39m [37m<-- POST /wd/hub/session/c0e3cfaa-5932-4ef8-9845-199714885375/context [39m[32m200[39m [90m1 ms - 14[39m
[35m[HTTP][39m [90m[39m
[35m[HTTP][39m [37m-->[39m [37mPOST[39m [37m/wd/hub/session/c0e3cfaa-5932-4ef8-9845-199714885375/timeouts[39m
[35m[HTTP][39m [90m{"implicit":50}[39m
[35m[HTTP][39m [37m<-- POST /wd/hub/session/c0e3cfaa-5932-4ef8-9845-199714885375/timeouts [39m[32m200[39m [90m1 ms - 14[39m
[35m[HTTP][39m [90m[39m
[35m[HTTP][39m [37m-->[39m [37mGET[39m [37m/wd/hub/session/c0e3cfaa-5932-4ef8-9845-199714885375/window/rect[39m
[35m[HTTP][39m [90m{}[39m
[35m[HTTP][39m [37m<-- GET /wd/hub/session/c0e3cfaa-5932-4ef8-9845-199714885375/window/rect [39m[32m200[39m [90m34 ms - 50[39m
[35m[HTTP][39m [90m[39m
[35m[HTTP][39m [37m-->[39m [37mPOST[39m [37m/wd/hub/session/c0e3cfaa-5932-4ef8-9845-199714885375/elements[39m
[35m[HTTP][39m [90m{"using":"xpath","value":"//*[@class = 'android.widget.ImageButton' and (@text = '' or . = '')]"}[39m
[35m[HTTP][39m [37m<-- POST /wd/hub/session/c0e3cfaa-5932-4ef8-9845-199714885375/elements [39m[32m200[39m [90m239 ms - 139[39m
[35m[HTTP][39m [90m[39m
[35m[HTTP][39m [37m-->[39m [37mGET[39m [37m/wd/hub/session/c0e3cfaa-5932-4ef8-9845-199714885375/element/00000000-0000-011c-ffff-ffff000000b3/location[39m
[35m[HTTP][39m [90m{}[39m
[35m[W3C (c0e3cfaa)][39m Driver proxy active, passing request on via HTTP proxy
[35m[WD Proxy][39m Replacing sessionId f1a4cf36-a428-4eb2-94c7-f22bae60a6f0 with c0e3cfaa-5932-4ef8-9845-199714885375
[35m[HTTP][39m [37m<-- GET /wd/hub/session/c0e3cfaa-5932-4ef8-9845-199714885375/element/00000000-0000-011c-ffff-ffff000000b3/location [39m[32m200[39m [90m36 ms - 75[39m
[35m[HTTP][39m [90m[39m
[35m[HTTP][39m [37m-->[39m [37mPOST[39m [37m/wd/hub/session/c0e3cfaa-5932-4ef8-9845-199714885375/timeouts[39m
[35m[HTTP][39m [90m{"implicit":30000}[39m
[35m[HTTP][39m [37m<-- POST /wd/hub/session/c0e3cfaa-5932-4ef8-9845-199714885375/timeouts [39m[32m200[39m [90m1 ms - 14[39m
[35m[HTTP][39m [90m[39m
[35m[HTTP][39m [37m-->[39m [37mPOST[39m [37m/wd/hub/session/c0e3cfaa-5932-4ef8-9845-199714885375/element/00000000-0000-011c-ffff-ffff000000b3/click[39m
[35m[HTTP][39m [90m{"id":"00000000-0000-011c-ffff-ffff000000b3"}[39m
[35m[HTTP][39m [37m<-- POST /wd/hub/session/c0e3cfaa-5932-4ef8-9845-199714885375/element/00000000-0000-011c-ffff-ffff000000b3/click [39m[32m200[39m [90m108 ms - 14[39m
[35m[HTTP][39m [90m[39m
[35m[HTTP][39m [37m-->[39m [37mPOST[39m [37m/wd/hub/session/c0e3cfaa-5932-4ef8-9845-199714885375/timeouts[39m
[35m[HTTP][39m [90m{"implicit":50}[39m
[35m[HTTP][39m [37m<-- POST /wd/hub/session/c0e3cfaa-5932-4ef8-9845-199714885375/timeouts [39m[32m200[39m [90m1 ms - 14[39m
[35m[HTTP][39m [90m[39m
[35m[HTTP][39m [37m-->[39m [37mGET[39m [37m/wd/hub/session/c0e3cfaa-5932-4ef8-9845-199714885375/window/rect[39m
[35m[HTTP][39m [90m{}[39m
[35m[HTTP][39m [37m<-- GET /wd/hub/session/c0e3cfaa-5932-4ef8-9845-199714885375/window/rect [39m[32m200[39m [90m48 ms - 50[39m
[35m[HTTP][39m [90m[39m
[35m[HTTP][39m [37m-->[39m [37mPOST[39m [37m/wd/hub/session/c0e3cfaa-5932-4ef8-9845-199714885375/elements[39m
[35m[HTTP][39m [90m{"using":"xpath","value":"//hierarchy/android.widget.FrameLayout[1]/android.widget.LinearLayout[1]/android.widget.FrameLayout[1]/android.widget.LinearLayout[1]/android.widget.FrameLayout[1]/android.widget.FrameLayout[1]/android.widget.FrameLayout[1]/android.view.ViewGroup[1]/android.widget.LinearLayout[1]/android.view.ViewGroup[1]/androidx.recyclerview.widget.RecyclerView[1]/android.widget.FrameLayout[3]/android.view.ViewGroup[1]"}[39m
[35m[HTTP][39m [37m<-- POST /wd/hub/session/c0e3cfaa-5932-4ef8-9845-199714885375/elements [39m[32m200[39m [90m731 ms - 139[39m
[35m[HTTP][39m [90m[39m
[35m[HTTP][39m [37m-->[39m [37mGET[39m [37m/wd/hub/session/c0e3cfaa-5932-4ef8-9845-199714885375/element/00000000-0000-011c-ffff-ffff00000029/location[39m
[35m[HTTP][39m [90m{}[39m
[35m[W3C (c0e3cfaa)][39m Driver proxy active, passing request on via HTTP proxy
[35m[WD Proxy][39m Replacing sessionId f1a4cf36-a428-4eb2-94c7-f22bae60a6f0 with c0e3cfaa-5932-4ef8-9845-199714885375
[35m[HTTP][39m [37m<-- GET /wd/hub/session/c0e3cfaa-5932-4ef8-9845-199714885375/element/00000000-0000-011c-ffff-ffff00000029/location [39m[32m200[39m [90m21 ms - 78[39m
[35m[HTTP][39m [90m[39m
[35m[HTTP][39m [37m-->[39m [37mPOST[39m [37m/wd/hub/session/c0e3cfaa-5932-4ef8-9845-199714885375/timeouts[39m
[35m[HTTP][39m [90m{"implicit":30000}[39m
[35m[HTTP][39m [37m<-- POST /wd/hub/session/c0e3cfaa-5932-4ef8-9845-199714885375/timeouts [39m[32m200[39m [90m1 ms - 14[39m
[35m[HTTP][39m [90m[39m
[35m[HTTP][39m [37m-->[39m [37mPOST[39m [37m/wd/hub/session/c0e3cfaa-5932-4ef8-9845-199714885375/element/00000000-0000-011c-ffff-ffff00000029/click[39m
[35m[HTTP][39m [90m{"id":"00000000-0000-011c-ffff-ffff00000029"}[39m
[35m[HTTP][39m [37m<-- POST /wd/hub/session/c0e3cfaa-5932-4ef8-9845-199714885375/element/00000000-0000-011c-ffff-ffff00000029/click [39m[32m200[39m [90m113 ms - 14[39m
[35m[HTTP][39m [90m[39m
[35m[HTTP][39m [37m-->[39m [37mGET[39m [37m/wd/hub/session/c0e3cfaa-5932-4ef8-9845-199714885375/context[39m
[35m[HTTP][39m [90m{}[39m
[35m[HTTP][39m [37m<-- GET /wd/hub/session/c0e3cfaa-5932-4ef8-9845-199714885375/context [39m[32m200[39m [90m1 ms - 22[39m
[35m[HTTP][39m [90m[39m
[35m[HTTP][39m [37m-->[39m [37mGET[39m [37m/wd/hub/session/c0e3cfaa-5932-4ef8-9845-199714885375/contexts[39m
[35m[HTTP][39m [90m{}[39m
[35m[HTTP][39m [37m<-- GET /wd/hub/session/c0e3cfaa-5932-4ef8-9845-199714885375/contexts [39m[32m200[39m [90m110 ms - 24[39m
[35m[HTTP][39m [90m[39m
[35m[HTTP][39m [37m-->[39m [37mPOST[39m [37m/wd/hub/session/c0e3cfaa-5932-4ef8-9845-199714885375/context[39m
[35m[HTTP][39m [90m{"name":"NATIVE_APP"}[39m
[35m[HTTP][39m [37m<-- POST /wd/hub/session/c0e3cfaa-5932-4ef8-9845-199714885375/context [39m[32m200[39m [90m1 ms - 14[39m
[35m[HTTP][39m [90m[39m
[35m[HTTP][39m [37m-->[39m [37mGET[39m [37m/wd/hub/session/c0e3cfaa-5932-4ef8-9845-199714885375/window/rect[39m
[35m[HTTP][39m [90m{}[39m
[35m[HTTP][39m [37m<-- GET /wd/hub/session/c0e3cfaa-5932-4ef8-9845-199714885375/window/rect [39m[32m200[39m [90m55 ms - 50[39m
[35m[HTTP][39m [90m[39m
[35m[HTTP][39m [37m-->[39m [37mPOST[39m [37m/wd/hub/session/c0e3cfaa-5932-4ef8-9845-199714885375/execute/sync[39m
[35m[HTTP][39m [90m{"script":"mobile: viewportScreenshot","args":[]}[39m
[35m[AndroidDriver][39m Executing native command 'mobile: viewportScreenshot'
[35m[HTTP][39m [37m<-- POST /wd/hub/session/c0e3cfaa-5932-4ef8-9845-199714885375/execute/sync [39m[32m200[39m [90m962 ms - 121080[39m
[35m[HTTP][39m [90m[39m
[35m[HTTP][39m [37m-->[39m [37mPOST[39m [37m/wd/hub/session/c0e3cfaa-5932-4ef8-9845-199714885375/context[39m
[35m[HTTP][39m [90m{"name":"NATIVE_APP"}[39m
[35m[HTTP][39m [37m<-- POST /wd/hub/session/c0e3cfaa-5932-4ef8-9845-199714885375/context [39m[32m200[39m [90m1 ms - 14[39m
[35m[HTTP][39m [90m[39m
[35m[HTTP][39m [37m-->[39m [37mPOST[39m [37m/wd/hub/session/c0e3cfaa-5932-4ef8-9845-199714885375/timeouts[39m
[35m[HTTP][39m [90m{"implicit":50}[39m
[35m[HTTP][39m [37m<-- POST /wd/hub/session/c0e3cfaa-5932-4ef8-9845-199714885375/timeouts [39m[32m200[39m [90m1 ms - 14[39m
[35m[HTTP][39m [90m[39m
[35m[HTTP][39m [37m-->[39m [37mGET[39m [37m/wd/hub/session/c0e3cfaa-5932-4ef8-9845-199714885375/window/rect[39m
[35m[HTTP][39m [90m{}[39m
[35m[HTTP][39m [37m<-- GET /wd/hub/session/c0e3cfaa-5932-4ef8-9845-199714885375/window/rect [39m[32m200[39m [90m30 ms - 50[39m
[35m[HTTP][39m [90m[39m
[35m[HTTP][39m [37m-->[39m [37mPOST[39m [37m/wd/hub/session/c0e3cfaa-5932-4ef8-9845-199714885375/elements[39m
[35m[HTTP][39m [90m{"using":"xpath","value":"//*[@class = 'android.widget.ImageButton' and (@text = '' or . = '')]"}[39m
[35m[HTTP][39m [37m<-- POST /wd/hub/session/c0e3cfaa-5932-4ef8-9845-199714885375/elements [39m[32m200[39m [90m207 ms - 139[39m
[35m[HTTP][39m [90m[39m
[35m[HTTP][39m [37m-->[39m [37mGET[39m [37m/wd/hub/session/c0e3cfaa-5932-4ef8-9845-199714885375/element/00000000-0000-011c-ffff-ffff000000d8/location[39m
[35m[HTTP][39m [90m{}[39m
[35m[W3C (c0e3cfaa)][39m Driver proxy active, passing request on via HTTP proxy
[35m[WD Proxy][39m Replacing sessionId f1a4cf36-a428-4eb2-94c7-f22bae60a6f0 with c0e3cfaa-5932-4ef8-9845-199714885375
[35m[HTTP][39m [37m<-- GET /wd/hub/session/c0e3cfaa-5932-4ef8-9845-199714885375/element/00000000-0000-011c-ffff-ffff000000d8/location [39m[32m200[39m [90m26 ms - 75[39m
[35m[HTTP][39m [90m[39m
[35m[HTTP][39m [37m-->[39m [37mPOST[39m [37m/wd/hub/session/c0e3cfaa-5932-4ef8-9845-199714885375/timeouts[39m
[35m[HTTP][39m [90m{"implicit":30000}[39m
[35m[HTTP][39m [37m<-- POST /wd/hub/session/c0e3cfaa-5932-4ef8-9845-199714885375/timeouts [39m[32m200[39m [90m1 ms - 14[39m
[35m[HTTP][39m [90m[39m
[35m[HTTP][39m [37m-->[39m [37mPOST[39m [37m/wd/hub/session/c0e3cfaa-5932-4ef8-9845-199714885375/element/00000000-0000-011c-ffff-ffff000000d8/click[39m
[35m[HTTP][39m [90m{"id":"00000000-0000-011c-ffff-ffff000000d8"}[39m
[35m[HTTP][39m [37m<-- POST /wd/hub/session/c0e3cfaa-5932-4ef8-9845-199714885375/element/00000000-0000-011c-ffff-ffff000000d8/click [39m[32m200[39m [90m124 ms - 14[39m
[35m[HTTP][39m [90m[39m
[35m[HTTP][39m [37m-->[39m [37mDELETE[39m [37m/wd/hub/session/c0e3cfaa-5932-4ef8-9845-199714885375[39m
[35m[HTTP][39m [90m{}[39m
[35m[Appium][39m Removing session c0e3cfaa-5932-4ef8-9845-199714885375 from our master session list
[35m[ADB][39m com.tengyeekong.movieapp was successfully uninstalled
[35m[UiAutomator2][39m Restoring hidden api policy to the device default configuration
[35m[HTTP][39m [37m<-- DELETE /wd/hub/session/c0e3cfaa-5932-4ef8-9845-199714885375 [39m[32m200[39m [90m1954 ms - 14[39m
[35m[HTTP][39m [90m[39m
