[35m[Appium][39m Welcome to Appium v1.22.3
[35m[Appium][39m Non-default server args:
[35m[Appium][39m   port: 57255
[35m[Appium][39m   loglevel: info
[35m[Appium][39m   tmpDir: C:\Users\REG-LP~1\AppData\Local\Temp\\Katalon\Appium\Temp1700123061451
[35m[Appium][39m   chromedriverPort: 57256
[35m[Appium][39m Deprecated server args:
[35m[Appium][39m   [31m--chromedriver-port[39m => --default-capabilities
[35m[Appium][39m Default capabilities, which will be added to each request unless overridden by desired capabilities:
[35m[Appium][39m   chromedriverPort: 57256
[35m[Appium][39m Appium REST http interface listener started on 0.0.0.0:57255
[35m[HTTP][39m [37m-->[39m [37mGET[39m [37m/wd/hub/status[39m
[35m[HTTP][39m [90m{}[39m
[35m[HTTP][39m [37m<-- GET /wd/hub/status [39m[32m200[39m [90m5 ms - 68[39m
[35m[HTTP][39m [90m[39m
[35m[HTTP][39m [37m-->[39m [37mPOST[39m [37m/wd/hub/session[39m
[35m[HTTP][39m [90m{"desiredCapabilities":{"app":"C:\\Users\\REG-LPT-173\\Downloads\\movie-app-release\\movie-app-release.apk","noReset":false,"deviceName":"samsung SM-A725F (Android 13)","fullReset":true,"platform":"ANDROID","newCommandTimeout":1800,"platformVersion":"13","automationName":"uiautomator2","autoGrantPermissions":true,"platformName":"Android","udid":"R58R83Q043W","systemPort":57254},"capabilities":{"firstMatch":[{"appium:app":"C:\\Users\\REG-LPT-173\\Downloads\\movie-app-release\\movie-app-release.apk","appium:autoGrantPermissions":true,"appium:automationName":"uiautomator2","appium:deviceName":"samsung SM-A725F (Android 13)","appium:fullReset":true,"appium:newCommandTimeout":1800,"appium:noReset":false,"platform":"ANDROID","platformName":"android","appium:platformVersion":"13","appium:systemPort":57254,"appium:udid":"R58R83Q043W"}]}}[39m
[35m[BaseDriver][39m The following capabilities are not standard capabilities and should have an extension prefix:
[35m[BaseDriver][39m   platform
[35m[BaseDriver][39m   chromedriverPort
[35m[Appium][39m Appium v1.22.3 creating new AndroidUiautomator2Driver (v1.70.1) session
[35m[BaseDriver][39m The following capabilities were provided, but are not recognized by Appium:
[35m[BaseDriver][39m   platform
[35m[BaseDriver][39m Session created with session id: f82119b9-4b6b-4e8d-b7c7-45a59e20bd87
[35m[BaseDriver][39m Using local app 'C:\Users\REG-LPT-173\Downloads\movie-app-release\movie-app-release.apk'
[35m[ADB][39m Found 1 'build-tools' folders under 'C:\Users\REG-LPT-173\.katalon\tools\android_sdk' (newest first):
[35m[ADB][39m     C:/Users/REG-LPT-173/.katalon/tools/android_sdk/build-tools/29.0.3
[35m[ADB][39m Using 'adb.exe' from 'C:\Users\REG-LPT-173\.katalon\tools\android_sdk\platform-tools\adb.exe'
[35m[AndroidDriver][39m Retrieving device list
[35m[AndroidDriver][39m Using device: R58R83Q043W
[35m[ADB][39m Using 'adb.exe' from 'C:\Users\REG-LPT-173\.katalon\tools\android_sdk\platform-tools\adb.exe'
[35m[ADB][39m Getting device platform version
[35m[UiAutomator2][39m Relaxing hidden api policy
[35m[ADB][39m Package name: 'com.tengyeekong.movieapp'
[35m[ADB][39m Main activity name: 'com.tengyeekong.movieapp.ui.MainActivity'
[35m[ADB][39m Using 'apksigner.jar' from 'C:\Users\REG-LPT-173\.katalon\tools\android_sdk\build-tools\29.0.3\lib\apksigner.jar'
[35m[ADB][39m 'C:\Users\REG-LPT-173\AppData\Roaming\npm\node_modules\appium\node_modules\appium-uiautomator2-server\apks\appium-uiautomator2-server-v4.27.0.apk' is signed with the default certificate
[35m[ADB][39m 'C:\Users\REG-LPT-173\AppData\Roaming\npm\node_modules\appium\node_modules\appium-uiautomator2-server\apks\appium-uiautomator2-server-debug-androidTest.apk' is signed with the default certificate
[35m[UiAutomator2][39m Server packages are not going to be (re)installed
[35m[ADB][39m Adding packages ["io.appium.settings","io.appium.uiautomator2.server","io.appium.uiautomator2.server.test"] to Doze whitelist
[35m[ADB][39m 'C:\Users\REG-LPT-173\Downloads\movie-app-release\movie-app-release.apk' is signed with a non-default certificate
[35m[ADB][39m com.tengyeekong.movieapp was successfully uninstalled
[35m[ADB][39m The application at 'C:\Users\REG-LPT-173\Downloads\movie-app-release\movie-app-release.apk' will not be cached, because the device under test has confirmed the support of streamed installs
[35m[ADB][39m The installation of 'movie-app-release.apk' took 8929ms
[35m[UiAutomator2][39m Starting UIAutomator2 server 4.27.0
[35m[UiAutomator2][39m Using UIAutomator2 server from 'C:\Users\REG-LPT-173\AppData\Roaming\npm\node_modules\appium\node_modules\appium-uiautomator2-server\apks\appium-uiautomator2-server-v4.27.0.apk' and test from 'C:\Users\REG-LPT-173\AppData\Roaming\npm\node_modules\appium\node_modules\appium-uiautomator2-server\apks\appium-uiautomator2-server-debug-androidTest.apk'
[35m[UiAutomator2][39m Waiting up to 30000ms for UiAutomator2 to be online...
[35m[WD Proxy][39m socket hang up
[35m[WD Proxy][39m socket hang up
[35m[WD Proxy][39m socket hang up
[35m[WD Proxy][39m Determined the downstream protocol as 'W3C'
[35m[AndroidDriver][39m Screen already unlocked, doing nothing
[35m[UiAutomator2][39m Starting 'com.tengyeekong.movieapp/com.tengyeekong.movieapp.ui.MainActivity and waiting for 'com.tengyeekong.movieapp/com.tengyeekong.movieapp.ui.MainActivity'
[35m[Appium][39m New AndroidUiautomator2Driver session created successfully, session f82119b9-4b6b-4e8d-b7c7-45a59e20bd87 added to master session list
[35m[HTTP][39m [37m<-- POST /wd/hub/session [39m[32m200[39m [90m21497 ms - 1311[39m
[35m[HTTP][39m [90m[39m
[35m[HTTP][39m [37m-->[39m [37mGET[39m [37m/wd/hub/session/f82119b9-4b6b-4e8d-b7c7-45a59e20bd87[39m
[35m[HTTP][39m [90m{}[39m
[35m[HTTP][39m [37m<-- GET /wd/hub/session/f82119b9-4b6b-4e8d-b7c7-45a59e20bd87 [39m[32m200[39m [90m37 ms - 1265[39m
[35m[HTTP][39m [90m[39m
[35m[HTTP][39m [37m-->[39m [37mGET[39m [37m/wd/hub/session/f82119b9-4b6b-4e8d-b7c7-45a59e20bd87[39m
[35m[HTTP][39m [90m{}[39m
[35m[HTTP][39m [37m<-- GET /wd/hub/session/f82119b9-4b6b-4e8d-b7c7-45a59e20bd87 [39m[32m200[39m [90m30 ms - 1265[39m
[35m[HTTP][39m [90m[39m
[35m[HTTP][39m [37m-->[39m [37mGET[39m [37m/wd/hub/status[39m
[35m[HTTP][39m [90m{}[39m
[35m[HTTP][39m [37m<-- GET /wd/hub/status [39m[32m200[39m [90m1 ms - 68[39m
[35m[HTTP][39m [90m[39m
[35m[HTTP][39m [37m-->[39m [37mPOST[39m [37m/wd/hub/session/f82119b9-4b6b-4e8d-b7c7-45a59e20bd87/timeouts[39m
[35m[HTTP][39m [90m{"implicit":30000}[39m
[35m[HTTP][39m [37m<-- POST /wd/hub/session/f82119b9-4b6b-4e8d-b7c7-45a59e20bd87/timeouts [39m[32m200[39m [90m2 ms - 14[39m
[35m[HTTP][39m [90m[39m
[35m[HTTP][39m [37m-->[39m [37mGET[39m [37m/wd/hub/session/f82119b9-4b6b-4e8d-b7c7-45a59e20bd87/screenshot[39m
[35m[HTTP][39m [90m{}[39m
[35m[HTTP][39m [37m<-- GET /wd/hub/session/f82119b9-4b6b-4e8d-b7c7-45a59e20bd87/screenshot [39m[32m200[39m [90m1309 ms - 879784[39m
[35m[HTTP][39m [90m[39m
[35m[HTTP][39m [37m-->[39m [37mGET[39m [37m/wd/hub/session/f82119b9-4b6b-4e8d-b7c7-45a59e20bd87/window/rect[39m
[35m[HTTP][39m [90m{}[39m
[35m[HTTP][39m [37m<-- GET /wd/hub/session/f82119b9-4b6b-4e8d-b7c7-45a59e20bd87/window/rect [39m[32m200[39m [90m42 ms - 50[39m
[35m[HTTP][39m [90m[39m
[35m[HTTP][39m [37m-->[39m [37mGET[39m [37m/wd/hub/session/f82119b9-4b6b-4e8d-b7c7-45a59e20bd87/appium/device/system_bars[39m
[35m[HTTP][39m [90m{}[39m
[35m[HTTP][39m [37m<-- GET /wd/hub/session/f82119b9-4b6b-4e8d-b7c7-45a59e20bd87/appium/device/system_bars [39m[32m200[39m [90m209 ms - 145[39m
[35m[HTTP][39m [90m[39m
[35m[HTTP][39m [37m-->[39m [37mPOST[39m [37m/wd/hub/session/f82119b9-4b6b-4e8d-b7c7-45a59e20bd87/timeouts[39m
[35m[HTTP][39m [90m{"implicit":50}[39m
[35m[HTTP][39m [37m<-- POST /wd/hub/session/f82119b9-4b6b-4e8d-b7c7-45a59e20bd87/timeouts [39m[32m200[39m [90m2 ms - 14[39m
[35m[HTTP][39m [90m[39m
[35m[HTTP][39m [37m-->[39m [37mGET[39m [37m/wd/hub/session/f82119b9-4b6b-4e8d-b7c7-45a59e20bd87/window/rect[39m
[35m[HTTP][39m [90m{}[39m
[35m[HTTP][39m [37m<-- GET /wd/hub/session/f82119b9-4b6b-4e8d-b7c7-45a59e20bd87/window/rect [39m[32m200[39m [90m38 ms - 50[39m
[35m[HTTP][39m [90m[39m
[35m[HTTP][39m [37m-->[39m [37mPOST[39m [37m/wd/hub/session/f82119b9-4b6b-4e8d-b7c7-45a59e20bd87/elements[39m
[35m[HTTP][39m [90m{"using":"xpath","value":"//*[@class = 'android.widget.TextView' and @resource-id = 'com.tengyeekong.movieapp:id/actionSort' and (@text = '' or . = '')]"}[39m
[35m[HTTP][39m [37m<-- POST /wd/hub/session/f82119b9-4b6b-4e8d-b7c7-45a59e20bd87/elements [39m[32m200[39m [90m778 ms - 139[39m
[35m[HTTP][39m [90m[39m
[35m[HTTP][39m [37m-->[39m [37mGET[39m [37m/wd/hub/session/f82119b9-4b6b-4e8d-b7c7-45a59e20bd87/element/00000000-0000-0063-ffff-ffff00000015/location[39m
[35m[HTTP][39m [90m{}[39m
[35m[W3C (f82119b9)][39m Driver proxy active, passing request on via HTTP proxy
[35m[WD Proxy][39m Replacing sessionId ca71fb33-9a80-4434-b68e-82aeabfdc789 with f82119b9-4b6b-4e8d-b7c7-45a59e20bd87
[35m[HTTP][39m [37m<-- GET /wd/hub/session/f82119b9-4b6b-4e8d-b7c7-45a59e20bd87/element/00000000-0000-0063-ffff-ffff00000015/location [39m[32m200[39m [90m48 ms - 77[39m
[35m[HTTP][39m [90m[39m
[35m[HTTP][39m [37m-->[39m [37mPOST[39m [37m/wd/hub/session/f82119b9-4b6b-4e8d-b7c7-45a59e20bd87/timeouts[39m
[35m[HTTP][39m [90m{"implicit":30000}[39m
[35m[HTTP][39m [37m<-- POST /wd/hub/session/f82119b9-4b6b-4e8d-b7c7-45a59e20bd87/timeouts [39m[32m200[39m [90m1 ms - 14[39m
[35m[HTTP][39m [90m[39m
[35m[HTTP][39m [37m-->[39m [37mPOST[39m [37m/wd/hub/session/f82119b9-4b6b-4e8d-b7c7-45a59e20bd87/element/00000000-0000-0063-ffff-ffff00000015/click[39m
[35m[HTTP][39m [90m{"id":"00000000-0000-0063-ffff-ffff00000015"}[39m
[35m[HTTP][39m [37m<-- POST /wd/hub/session/f82119b9-4b6b-4e8d-b7c7-45a59e20bd87/element/00000000-0000-0063-ffff-ffff00000015/click [39m[32m200[39m [90m125 ms - 14[39m
[35m[HTTP][39m [90m[39m
[35m[HTTP][39m [37m-->[39m [37mPOST[39m [37m/wd/hub/session/f82119b9-4b6b-4e8d-b7c7-45a59e20bd87/timeouts[39m
[35m[HTTP][39m [90m{"implicit":50}[39m
[35m[HTTP][39m [37m<-- POST /wd/hub/session/f82119b9-4b6b-4e8d-b7c7-45a59e20bd87/timeouts [39m[32m200[39m [90m3 ms - 14[39m
[35m[HTTP][39m [90m[39m
[35m[HTTP][39m [37m-->[39m [37mGET[39m [37m/wd/hub/session/f82119b9-4b6b-4e8d-b7c7-45a59e20bd87/window/rect[39m
[35m[HTTP][39m [90m{}[39m
[35m[HTTP][39m [37m<-- GET /wd/hub/session/f82119b9-4b6b-4e8d-b7c7-45a59e20bd87/window/rect [39m[32m200[39m [90m41 ms - 50[39m
[35m[HTTP][39m [90m[39m
[35m[HTTP][39m [37m-->[39m [37mPOST[39m [37m/wd/hub/session/f82119b9-4b6b-4e8d-b7c7-45a59e20bd87/elements[39m
[35m[HTTP][39m [90m{"using":"xpath","value":"//*[@class = 'android.widget.TextView' and (@text = 'Release date' or . = 'Release date')]"}[39m
[35m[HTTP][39m [37m<-- POST /wd/hub/session/f82119b9-4b6b-4e8d-b7c7-45a59e20bd87/elements [39m[32m200[39m [90m533 ms - 139[39m
[35m[HTTP][39m [90m[39m
[35m[HTTP][39m [37m-->[39m [37mGET[39m [37m/wd/hub/session/f82119b9-4b6b-4e8d-b7c7-45a59e20bd87/element/00000000-0000-0064-ffff-ffff0000004a/location[39m
[35m[HTTP][39m [90m{}[39m
[35m[W3C (f82119b9)][39m Driver proxy active, passing request on via HTTP proxy
[35m[WD Proxy][39m Replacing sessionId ca71fb33-9a80-4434-b68e-82aeabfdc789 with f82119b9-4b6b-4e8d-b7c7-45a59e20bd87
[35m[HTTP][39m [37m<-- GET /wd/hub/session/f82119b9-4b6b-4e8d-b7c7-45a59e20bd87/element/00000000-0000-0064-ffff-ffff0000004a/location [39m[32m200[39m [90m24 ms - 79[39m
[35m[HTTP][39m [90m[39m
[35m[HTTP][39m [37m-->[39m [37mPOST[39m [37m/wd/hub/session/f82119b9-4b6b-4e8d-b7c7-45a59e20bd87/timeouts[39m
[35m[HTTP][39m [90m{"implicit":30000}[39m
[35m[HTTP][39m [37m<-- POST /wd/hub/session/f82119b9-4b6b-4e8d-b7c7-45a59e20bd87/timeouts [39m[32m200[39m [90m1 ms - 14[39m
[35m[HTTP][39m [90m[39m
[35m[HTTP][39m [37m-->[39m [37mPOST[39m [37m/wd/hub/session/f82119b9-4b6b-4e8d-b7c7-45a59e20bd87/element/00000000-0000-0064-ffff-ffff0000004a/click[39m
[35m[HTTP][39m [90m{"id":"00000000-0000-0064-ffff-ffff0000004a"}[39m
[35m[HTTP][39m [37m<-- POST /wd/hub/session/f82119b9-4b6b-4e8d-b7c7-45a59e20bd87/element/00000000-0000-0064-ffff-ffff0000004a/click [39m[32m200[39m [90m94 ms - 14[39m
[35m[HTTP][39m [90m[39m
[35m[HTTP][39m [37m-->[39m [37mPOST[39m [37m/wd/hub/session/f82119b9-4b6b-4e8d-b7c7-45a59e20bd87/timeouts[39m
[35m[HTTP][39m [90m{"implicit":50}[39m
[35m[HTTP][39m [37m<-- POST /wd/hub/session/f82119b9-4b6b-4e8d-b7c7-45a59e20bd87/timeouts [39m[32m200[39m [90m1 ms - 14[39m
[35m[HTTP][39m [90m[39m
[35m[HTTP][39m [37m-->[39m [37mGET[39m [37m/wd/hub/session/f82119b9-4b6b-4e8d-b7c7-45a59e20bd87/window/rect[39m
[35m[HTTP][39m [90m{}[39m
[35m[HTTP][39m [37m<-- GET /wd/hub/session/f82119b9-4b6b-4e8d-b7c7-45a59e20bd87/window/rect [39m[32m200[39m [90m40 ms - 50[39m
[35m[HTTP][39m [90m[39m
[35m[HTTP][39m [37m-->[39m [37mPOST[39m [37m/wd/hub/session/f82119b9-4b6b-4e8d-b7c7-45a59e20bd87/elements[39m
[35m[HTTP][39m [90m{"using":"xpath","value":"//*[@class = 'android.widget.ImageView' and (@text = '' or . = '')]"}[39m
[35m[HTTP][39m [37m<-- POST /wd/hub/session/f82119b9-4b6b-4e8d-b7c7-45a59e20bd87/elements [39m[32m200[39m [90m800 ms - 139[39m
[35m[HTTP][39m [90m[39m
[35m[HTTP][39m [37m-->[39m [37mGET[39m [37m/wd/hub/session/f82119b9-4b6b-4e8d-b7c7-45a59e20bd87/element/00000000-0000-0064-ffff-ffff00000052/location[39m
[35m[HTTP][39m [90m{}[39m
[35m[W3C (f82119b9)][39m Driver proxy active, passing request on via HTTP proxy
[35m[WD Proxy][39m Replacing sessionId ca71fb33-9a80-4434-b68e-82aeabfdc789 with f82119b9-4b6b-4e8d-b7c7-45a59e20bd87
[35m[HTTP][39m [37m<-- GET /wd/hub/session/f82119b9-4b6b-4e8d-b7c7-45a59e20bd87/element/00000000-0000-0064-ffff-ffff00000052/location [39m[32m200[39m [90m26 ms - 78[39m
[35m[HTTP][39m [90m[39m
[35m[HTTP][39m [37m-->[39m [37mPOST[39m [37m/wd/hub/session/f82119b9-4b6b-4e8d-b7c7-45a59e20bd87/timeouts[39m
[35m[HTTP][39m [90m{"implicit":30000}[39m
[35m[HTTP][39m [37m<-- POST /wd/hub/session/f82119b9-4b6b-4e8d-b7c7-45a59e20bd87/timeouts [39m[32m200[39m [90m1 ms - 14[39m
[35m[HTTP][39m [90m[39m
[35m[HTTP][39m [37m-->[39m [37mPOST[39m [37m/wd/hub/session/f82119b9-4b6b-4e8d-b7c7-45a59e20bd87/element/00000000-0000-0064-ffff-ffff00000052/click[39m
[35m[HTTP][39m [90m{"id":"00000000-0000-0064-ffff-ffff00000052"}[39m
[35m[HTTP][39m [37m<-- POST /wd/hub/session/f82119b9-4b6b-4e8d-b7c7-45a59e20bd87/element/00000000-0000-0064-ffff-ffff00000052/click [39m[32m200[39m [90m101 ms - 14[39m
[35m[HTTP][39m [90m[39m
[35m[HTTP][39m [37m-->[39m [37mGET[39m [37m/wd/hub/session/f82119b9-4b6b-4e8d-b7c7-45a59e20bd87/context[39m
[35m[HTTP][39m [90m{}[39m
[35m[HTTP][39m [37m<-- GET /wd/hub/session/f82119b9-4b6b-4e8d-b7c7-45a59e20bd87/context [39m[32m200[39m [90m1 ms - 22[39m
[35m[HTTP][39m [90m[39m
[35m[HTTP][39m [37m-->[39m [37mGET[39m [37m/wd/hub/session/f82119b9-4b6b-4e8d-b7c7-45a59e20bd87/contexts[39m
[35m[HTTP][39m [90m{}[39m
[35m[HTTP][39m [37m<-- GET /wd/hub/session/f82119b9-4b6b-4e8d-b7c7-45a59e20bd87/contexts [39m[32m200[39m [90m147 ms - 24[39m
[35m[HTTP][39m [90m[39m
[35m[HTTP][39m [37m-->[39m [37mPOST[39m [37m/wd/hub/session/f82119b9-4b6b-4e8d-b7c7-45a59e20bd87/context[39m
[35m[HTTP][39m [90m{"name":"NATIVE_APP"}[39m
[35m[HTTP][39m [37m<-- POST /wd/hub/session/f82119b9-4b6b-4e8d-b7c7-45a59e20bd87/context [39m[32m200[39m [90m6 ms - 14[39m
[35m[HTTP][39m [90m[39m
[35m[HTTP][39m [37m-->[39m [37mGET[39m [37m/wd/hub/session/f82119b9-4b6b-4e8d-b7c7-45a59e20bd87/window/rect[39m
[35m[HTTP][39m [90m{}[39m
[35m[HTTP][39m [37m<-- GET /wd/hub/session/f82119b9-4b6b-4e8d-b7c7-45a59e20bd87/window/rect [39m[32m200[39m [90m48 ms - 50[39m
[35m[HTTP][39m [90m[39m
[35m[HTTP][39m [37m-->[39m [37mPOST[39m [37m/wd/hub/session/f82119b9-4b6b-4e8d-b7c7-45a59e20bd87/execute/sync[39m
[35m[HTTP][39m [90m{"script":"mobile: viewportScreenshot","args":[]}[39m
[35m[AndroidDriver][39m Executing native command 'mobile: viewportScreenshot'
[35m[HTTP][39m [37m<-- POST /wd/hub/session/f82119b9-4b6b-4e8d-b7c7-45a59e20bd87/execute/sync [39m[32m200[39m [90m1472 ms - 320348[39m
[35m[HTTP][39m [90m[39m
[35m[HTTP][39m [37m-->[39m [37mPOST[39m [37m/wd/hub/session/f82119b9-4b6b-4e8d-b7c7-45a59e20bd87/context[39m
[35m[HTTP][39m [90m{"name":"NATIVE_APP"}[39m
[35m[HTTP][39m [37m<-- POST /wd/hub/session/f82119b9-4b6b-4e8d-b7c7-45a59e20bd87/context [39m[32m200[39m [90m1 ms - 14[39m
[35m[HTTP][39m [90m[39m
[35m[HTTP][39m [37m-->[39m [37mPOST[39m [37m/wd/hub/session/f82119b9-4b6b-4e8d-b7c7-45a59e20bd87/timeouts[39m
[35m[HTTP][39m [90m{"implicit":50}[39m
[35m[HTTP][39m [37m<-- POST /wd/hub/session/f82119b9-4b6b-4e8d-b7c7-45a59e20bd87/timeouts [39m[32m200[39m [90m1 ms - 14[39m
[35m[HTTP][39m [90m[39m
[35m[HTTP][39m [37m-->[39m [37mGET[39m [37m/wd/hub/session/f82119b9-4b6b-4e8d-b7c7-45a59e20bd87/window/rect[39m
[35m[HTTP][39m [90m{}[39m
[35m[HTTP][39m [37m<-- GET /wd/hub/session/f82119b9-4b6b-4e8d-b7c7-45a59e20bd87/window/rect [39m[32m200[39m [90m36 ms - 50[39m
[35m[HTTP][39m [90m[39m
[35m[HTTP][39m [37m-->[39m [37mPOST[39m [37m/wd/hub/session/f82119b9-4b6b-4e8d-b7c7-45a59e20bd87/elements[39m
[35m[HTTP][39m [90m{"using":"xpath","value":"//*[@class = 'android.widget.ImageView' and (@text = '' or . = '')]"}[39m
[35m[HTTP][39m [37m<-- POST /wd/hub/session/f82119b9-4b6b-4e8d-b7c7-45a59e20bd87/elements [39m[32m200[39m [90m270 ms - 139[39m
[35m[HTTP][39m [90m[39m
[35m[HTTP][39m [37m-->[39m [37mGET[39m [37m/wd/hub/session/f82119b9-4b6b-4e8d-b7c7-45a59e20bd87/element/00000000-0000-0064-ffff-ffff00000049/location[39m
[35m[HTTP][39m [90m{}[39m
[35m[W3C (f82119b9)][39m Driver proxy active, passing request on via HTTP proxy
[35m[WD Proxy][39m Replacing sessionId ca71fb33-9a80-4434-b68e-82aeabfdc789 with f82119b9-4b6b-4e8d-b7c7-45a59e20bd87
[35m[HTTP][39m [37m<-- GET /wd/hub/session/f82119b9-4b6b-4e8d-b7c7-45a59e20bd87/element/00000000-0000-0064-ffff-ffff00000049/location [39m[32m200[39m [90m24 ms - 78[39m
[35m[HTTP][39m [90m[39m
[35m[HTTP][39m [37m-->[39m [37mPOST[39m [37m/wd/hub/session/f82119b9-4b6b-4e8d-b7c7-45a59e20bd87/timeouts[39m
[35m[HTTP][39m [90m{"implicit":30000}[39m
[35m[HTTP][39m [37m<-- POST /wd/hub/session/f82119b9-4b6b-4e8d-b7c7-45a59e20bd87/timeouts [39m[32m200[39m [90m1 ms - 14[39m
[35m[HTTP][39m [90m[39m
[35m[HTTP][39m [37m-->[39m [37mPOST[39m [37m/wd/hub/session/f82119b9-4b6b-4e8d-b7c7-45a59e20bd87/element/00000000-0000-0064-ffff-ffff00000049/click[39m
[35m[HTTP][39m [90m{"id":"00000000-0000-0064-ffff-ffff00000049"}[39m
[35m[HTTP][39m [37m<-- POST /wd/hub/session/f82119b9-4b6b-4e8d-b7c7-45a59e20bd87/element/00000000-0000-0064-ffff-ffff00000049/click [39m[32m200[39m [90m92 ms - 14[39m
[35m[HTTP][39m [90m[39m
[35m[HTTP][39m [37m-->[39m [37mGET[39m [37m/wd/hub/session/f82119b9-4b6b-4e8d-b7c7-45a59e20bd87/context[39m
[35m[HTTP][39m [90m{}[39m
[35m[HTTP][39m [37m<-- GET /wd/hub/session/f82119b9-4b6b-4e8d-b7c7-45a59e20bd87/context [39m[32m200[39m [90m1 ms - 22[39m
[35m[HTTP][39m [90m[39m
[35m[HTTP][39m [37m-->[39m [37mGET[39m [37m/wd/hub/session/f82119b9-4b6b-4e8d-b7c7-45a59e20bd87/contexts[39m
[35m[HTTP][39m [90m{}[39m
[35m[HTTP][39m [37m<-- GET /wd/hub/session/f82119b9-4b6b-4e8d-b7c7-45a59e20bd87/contexts [39m[32m200[39m [90m124 ms - 24[39m
[35m[HTTP][39m [90m[39m
[35m[HTTP][39m [37m-->[39m [37mPOST[39m [37m/wd/hub/session/f82119b9-4b6b-4e8d-b7c7-45a59e20bd87/context[39m
[35m[HTTP][39m [90m{"name":"NATIVE_APP"}[39m
[35m[HTTP][39m [37m<-- POST /wd/hub/session/f82119b9-4b6b-4e8d-b7c7-45a59e20bd87/context [39m[32m200[39m [90m2 ms - 14[39m
[35m[HTTP][39m [90m[39m
[35m[HTTP][39m [37m-->[39m [37mGET[39m [37m/wd/hub/session/f82119b9-4b6b-4e8d-b7c7-45a59e20bd87/window/rect[39m
[35m[HTTP][39m [90m{}[39m
[35m[HTTP][39m [37m<-- GET /wd/hub/session/f82119b9-4b6b-4e8d-b7c7-45a59e20bd87/window/rect [39m[32m200[39m [90m36 ms - 50[39m
[35m[HTTP][39m [90m[39m
[35m[HTTP][39m [37m-->[39m [37mPOST[39m [37m/wd/hub/session/f82119b9-4b6b-4e8d-b7c7-45a59e20bd87/execute/sync[39m
[35m[HTTP][39m [90m{"script":"mobile: viewportScreenshot","args":[]}[39m
[35m[AndroidDriver][39m Executing native command 'mobile: viewportScreenshot'
[35m[HTTP][39m [37m<-- POST /wd/hub/session/f82119b9-4b6b-4e8d-b7c7-45a59e20bd87/execute/sync [39m[32m200[39m [90m1099 ms - 48284[39m
[35m[HTTP][39m [90m[39m
[35m[HTTP][39m [37m-->[39m [37mPOST[39m [37m/wd/hub/session/f82119b9-4b6b-4e8d-b7c7-45a59e20bd87/context[39m
[35m[HTTP][39m [90m{"name":"NATIVE_APP"}[39m
[35m[HTTP][39m [37m<-- POST /wd/hub/session/f82119b9-4b6b-4e8d-b7c7-45a59e20bd87/context [39m[32m200[39m [90m2 ms - 14[39m
[35m[HTTP][39m [90m[39m
[35m[HTTP][39m [37m-->[39m [37mDELETE[39m [37m/wd/hub/session/f82119b9-4b6b-4e8d-b7c7-45a59e20bd87[39m
[35m[HTTP][39m [90m{}[39m
[35m[Appium][39m Removing session f82119b9-4b6b-4e8d-b7c7-45a59e20bd87 from our master session list
[35m[ADB][39m com.tengyeekong.movieapp was successfully uninstalled
[35m[UiAutomator2][39m Restoring hidden api policy to the device default configuration
[35m[HTTP][39m [37m<-- DELETE /wd/hub/session/f82119b9-4b6b-4e8d-b7c7-45a59e20bd87 [39m[32m200[39m [90m2212 ms - 14[39m
[35m[HTTP][39m [90m[39m
