[35m[Appium][39m Welcome to Appium v1.22.3
[35m[Appium][39m Non-default server args:
[35m[Appium][39m   port: 50557
[35m[Appium][39m   loglevel: info
[35m[Appium][39m   tmpDir: C:\Users\REG-LP~1\AppData\Local\Temp\\Katalon\Appium\Temp1700188832288
[35m[Appium][39m   chromedriverPort: 50558
[35m[Appium][39m Deprecated server args:
[35m[Appium][39m   [31m--chromedriver-port[39m => --default-capabilities
[35m[Appium][39m Default capabilities, which will be added to each request unless overridden by desired capabilities:
[35m[Appium][39m   chromedriverPort: 50558
[35m[Appium][39m Appium REST http interface listener started on 0.0.0.0:50557
[35m[HTTP][39m [37m-->[39m [37mGET[39m [37m/wd/hub/status[39m
[35m[HTTP][39m [90m{}[39m
[35m[HTTP][39m [37m<-- GET /wd/hub/status [39m[32m200[39m [90m5 ms - 68[39m
[35m[HTTP][39m [90m[39m
[35m[HTTP][39m [37m-->[39m [37mPOST[39m [37m/wd/hub/session[39m
[35m[HTTP][39m [90m{"desiredCapabilities":{"app":"C:\\Users\\REG-LPT-173\\Downloads\\movie-app-release\\movie-app-release.apk","noReset":false,"deviceName":"samsung SM-A725F (Android 13)","fullReset":true,"platform":"ANDROID","newCommandTimeout":1800,"platformVersion":"13","automationName":"uiautomator2","autoGrantPermissions":true,"platformName":"Android","udid":"R58R83Q043W","systemPort":50556},"capabilities":{"firstMatch":[{"appium:app":"C:\\Users\\REG-LPT-173\\Downloads\\movie-app-release\\movie-app-release.apk","appium:autoGrantPermissions":true,"appium:automationName":"uiautomator2","appium:deviceName":"samsung SM-A725F (Android 13)","appium:fullReset":true,"appium:newCommandTimeout":1800,"appium:noReset":false,"platform":"ANDROID","platformName":"android","appium:platformVersion":"13","appium:systemPort":50556,"appium:udid":"R58R83Q043W"}]}}[39m
[35m[BaseDriver][39m The following capabilities are not standard capabilities and should have an extension prefix:
[35m[BaseDriver][39m   platform
[35m[BaseDriver][39m   chromedriverPort
[35m[Appium][39m Appium v1.22.3 creating new AndroidUiautomator2Driver (v1.70.1) session
[35m[BaseDriver][39m The following capabilities were provided, but are not recognized by Appium:
[35m[BaseDriver][39m   platform
[35m[BaseDriver][39m Session created with session id: 8c652f01-4718-4a48-9430-02538b433752
[35m[BaseDriver][39m Using local app 'C:\Users\REG-LPT-173\Downloads\movie-app-release\movie-app-release.apk'
[35m[ADB][39m Found 1 'build-tools' folders under 'C:\Users\REG-LPT-173\.katalon\tools\android_sdk' (newest first):
[35m[ADB][39m     C:/Users/REG-LPT-173/.katalon/tools/android_sdk/build-tools/29.0.3
[35m[ADB][39m Using 'adb.exe' from 'C:\Users\REG-LPT-173\.katalon\tools\android_sdk\platform-tools\adb.exe'
[35m[AndroidDriver][39m Retrieving device list
[35m[AndroidDriver][39m Using device: R58R83Q043W
[35m[ADB][39m Using 'adb.exe' from 'C:\Users\REG-LPT-173\.katalon\tools\android_sdk\platform-tools\adb.exe'
[35m[ADB][39m Getting device platform version
[35m[UiAutomator2][39m Relaxing hidden api policy
[35m[ADB][39m Package name: 'com.tengyeekong.movieapp'
[35m[ADB][39m Main activity name: 'com.tengyeekong.movieapp.ui.MainActivity'
[35m[ADB][39m Using 'apksigner.jar' from 'C:\Users\REG-LPT-173\.katalon\tools\android_sdk\build-tools\29.0.3\lib\apksigner.jar'
[35m[ADB][39m 'C:\Users\REG-LPT-173\AppData\Roaming\npm\node_modules\appium\node_modules\appium-uiautomator2-server\apks\appium-uiautomator2-server-v4.27.0.apk' is signed with the default certificate
[35m[ADB][39m 'C:\Users\REG-LPT-173\AppData\Roaming\npm\node_modules\appium\node_modules\appium-uiautomator2-server\apks\appium-uiautomator2-server-debug-androidTest.apk' is signed with the default certificate
[35m[UiAutomator2][39m Server packages are not going to be (re)installed
[35m[ADB][39m Adding packages ["io.appium.settings","io.appium.uiautomator2.server","io.appium.uiautomator2.server.test"] to Doze whitelist
[35m[ADB][39m 'C:\Users\REG-LPT-173\Downloads\movie-app-release\movie-app-release.apk' is signed with a non-default certificate
[35m[ADB][39m com.tengyeekong.movieapp was not uninstalled, because it was not present on the device
[35m[ADB][39m The application at 'C:\Users\REG-LPT-173\Downloads\movie-app-release\movie-app-release.apk' will not be cached, because the device under test has confirmed the support of streamed installs
[35m[ADB][39m The installation of 'movie-app-release.apk' took 7985ms
[35m[UiAutomator2][39m Starting UIAutomator2 server 4.27.0
[35m[UiAutomator2][39m Using UIAutomator2 server from 'C:\Users\REG-LPT-173\AppData\Roaming\npm\node_modules\appium\node_modules\appium-uiautomator2-server\apks\appium-uiautomator2-server-v4.27.0.apk' and test from 'C:\Users\REG-LPT-173\AppData\Roaming\npm\node_modules\appium\node_modules\appium-uiautomator2-server\apks\appium-uiautomator2-server-debug-androidTest.apk'
[35m[UiAutomator2][39m Waiting up to 30000ms for UiAutomator2 to be online...
[35m[WD Proxy][39m socket hang up
[35m[WD Proxy][39m socket hang up
[35m[WD Proxy][39m socket hang up
[35m[WD Proxy][39m Determined the downstream protocol as 'W3C'
[35m[AndroidDriver][39m Screen already unlocked, doing nothing
[35m[UiAutomator2][39m Starting 'com.tengyeekong.movieapp/com.tengyeekong.movieapp.ui.MainActivity and waiting for 'com.tengyeekong.movieapp/com.tengyeekong.movieapp.ui.MainActivity'
[35m[Appium][39m New AndroidUiautomator2Driver session created successfully, session 8c652f01-4718-4a48-9430-02538b433752 added to master session list
[35m[HTTP][39m [37m<-- POST /wd/hub/session [39m[32m200[39m [90m17847 ms - 1311[39m
[35m[HTTP][39m [90m[39m
[35m[HTTP][39m [37m-->[39m [37mGET[39m [37m/wd/hub/session/8c652f01-4718-4a48-9430-02538b433752[39m
[35m[HTTP][39m [90m{}[39m
[35m[HTTP][39m [37m<-- GET /wd/hub/session/8c652f01-4718-4a48-9430-02538b433752 [39m[32m200[39m [90m30 ms - 1265[39m
[35m[HTTP][39m [90m[39m
[35m[HTTP][39m [37m-->[39m [37mGET[39m [37m/wd/hub/session/8c652f01-4718-4a48-9430-02538b433752[39m
[35m[HTTP][39m [90m{}[39m
[35m[HTTP][39m [37m<-- GET /wd/hub/session/8c652f01-4718-4a48-9430-02538b433752 [39m[32m200[39m [90m29 ms - 1265[39m
[35m[HTTP][39m [90m[39m
[35m[HTTP][39m [37m-->[39m [37mGET[39m [37m/wd/hub/status[39m
[35m[HTTP][39m [90m{}[39m
[35m[HTTP][39m [37m<-- GET /wd/hub/status [39m[32m200[39m [90m1 ms - 68[39m
[35m[HTTP][39m [90m[39m
[35m[HTTP][39m [37m-->[39m [37mPOST[39m [37m/wd/hub/session/8c652f01-4718-4a48-9430-02538b433752/timeouts[39m
[35m[HTTP][39m [90m{"implicit":30000}[39m
[35m[HTTP][39m [37m<-- POST /wd/hub/session/8c652f01-4718-4a48-9430-02538b433752/timeouts [39m[32m200[39m [90m2 ms - 14[39m
[35m[HTTP][39m [90m[39m
[35m[HTTP][39m [37m-->[39m [37mGET[39m [37m/wd/hub/session/8c652f01-4718-4a48-9430-02538b433752/screenshot[39m
[35m[HTTP][39m [90m{}[39m
[35m[HTTP][39m [37m<-- GET /wd/hub/session/8c652f01-4718-4a48-9430-02538b433752/screenshot [39m[32m200[39m [90m1607 ms - 834210[39m
[35m[HTTP][39m [90m[39m
[35m[HTTP][39m [37m-->[39m [37mGET[39m [37m/wd/hub/session/8c652f01-4718-4a48-9430-02538b433752/window/rect[39m
[35m[HTTP][39m [90m{}[39m
[35m[HTTP][39m [37m<-- GET /wd/hub/session/8c652f01-4718-4a48-9430-02538b433752/window/rect [39m[32m200[39m [90m44 ms - 50[39m
[35m[HTTP][39m [90m[39m
[35m[HTTP][39m [37m-->[39m [37mGET[39m [37m/wd/hub/session/8c652f01-4718-4a48-9430-02538b433752/appium/device/system_bars[39m
[35m[HTTP][39m [90m{}[39m
[35m[HTTP][39m [37m<-- GET /wd/hub/session/8c652f01-4718-4a48-9430-02538b433752/appium/device/system_bars [39m[32m200[39m [90m189 ms - 145[39m
[35m[HTTP][39m [90m[39m
[35m[HTTP][39m [37m-->[39m [37mPOST[39m [37m/wd/hub/session/8c652f01-4718-4a48-9430-02538b433752/timeouts[39m
[35m[HTTP][39m [90m{"implicit":50}[39m
[35m[HTTP][39m [37m<-- POST /wd/hub/session/8c652f01-4718-4a48-9430-02538b433752/timeouts [39m[32m200[39m [90m2 ms - 14[39m
[35m[HTTP][39m [90m[39m
[35m[HTTP][39m [37m-->[39m [37mGET[39m [37m/wd/hub/session/8c652f01-4718-4a48-9430-02538b433752/window/rect[39m
[35m[HTTP][39m [90m{}[39m
[35m[HTTP][39m [37m<-- GET /wd/hub/session/8c652f01-4718-4a48-9430-02538b433752/window/rect [39m[32m200[39m [90m34 ms - 50[39m
[35m[HTTP][39m [90m[39m
[35m[HTTP][39m [37m-->[39m [37mPOST[39m [37m/wd/hub/session/8c652f01-4718-4a48-9430-02538b433752/elements[39m
[35m[HTTP][39m [90m{"using":"xpath","value":"//hierarchy/android.widget.FrameLayout[1]/android.widget.LinearLayout[1]/android.widget.FrameLayout[1]/android.widget.LinearLayout[1]/android.widget.FrameLayout[1]/android.widget.FrameLayout[1]/android.widget.FrameLayout[1]/android.view.ViewGroup[1]/android.widget.LinearLayout[1]/android.view.ViewGroup[1]/androidx.recyclerview.widget.RecyclerView[1]/android.widget.FrameLayout[1]/android.view.ViewGroup[1]"}[39m
[35m[HTTP][39m [37m<-- POST /wd/hub/session/8c652f01-4718-4a48-9430-02538b433752/elements [39m[32m200[39m [90m756 ms - 139[39m
[35m[HTTP][39m [90m[39m
[35m[HTTP][39m [37m-->[39m [37mGET[39m [37m/wd/hub/session/8c652f01-4718-4a48-9430-02538b433752/element/00000000-0000-01b8-ffff-ffff00000017/location[39m
[35m[HTTP][39m [90m{}[39m
[35m[W3C (8c652f01)][39m Driver proxy active, passing request on via HTTP proxy
[35m[WD Proxy][39m Replacing sessionId 45723f2b-5b73-4bf4-9fed-fc2ed32bdc5e with 8c652f01-4718-4a48-9430-02538b433752
[35m[HTTP][39m [37m<-- GET /wd/hub/session/8c652f01-4718-4a48-9430-02538b433752/element/00000000-0000-01b8-ffff-ffff00000017/location [39m[32m200[39m [90m47 ms - 77[39m
[35m[HTTP][39m [90m[39m
[35m[HTTP][39m [37m-->[39m [37mPOST[39m [37m/wd/hub/session/8c652f01-4718-4a48-9430-02538b433752/timeouts[39m
[35m[HTTP][39m [90m{"implicit":30000}[39m
[35m[HTTP][39m [37m<-- POST /wd/hub/session/8c652f01-4718-4a48-9430-02538b433752/timeouts [39m[32m200[39m [90m1 ms - 14[39m
[35m[HTTP][39m [90m[39m
[35m[HTTP][39m [37m-->[39m [37mPOST[39m [37m/wd/hub/session/8c652f01-4718-4a48-9430-02538b433752/element/00000000-0000-01b8-ffff-ffff00000017/click[39m
[35m[HTTP][39m [90m{"id":"00000000-0000-01b8-ffff-ffff00000017"}[39m
[35m[HTTP][39m [37m<-- POST /wd/hub/session/8c652f01-4718-4a48-9430-02538b433752/element/00000000-0000-01b8-ffff-ffff00000017/click [39m[32m200[39m [90m128 ms - 14[39m
[35m[HTTP][39m [90m[39m
[35m[HTTP][39m [37m-->[39m [37mGET[39m [37m/wd/hub/session/8c652f01-4718-4a48-9430-02538b433752/context[39m
[35m[HTTP][39m [90m{}[39m
[35m[HTTP][39m [37m<-- GET /wd/hub/session/8c652f01-4718-4a48-9430-02538b433752/context [39m[32m200[39m [90m2 ms - 22[39m
[35m[HTTP][39m [90m[39m
[35m[HTTP][39m [37m-->[39m [37mGET[39m [37m/wd/hub/session/8c652f01-4718-4a48-9430-02538b433752/contexts[39m
[35m[HTTP][39m [90m{}[39m
[35m[HTTP][39m [37m<-- GET /wd/hub/session/8c652f01-4718-4a48-9430-02538b433752/contexts [39m[32m200[39m [90m145 ms - 24[39m
[35m[HTTP][39m [90m[39m
[35m[HTTP][39m [37m-->[39m [37mPOST[39m [37m/wd/hub/session/8c652f01-4718-4a48-9430-02538b433752/context[39m
[35m[HTTP][39m [90m{"name":"NATIVE_APP"}[39m
[35m[HTTP][39m [37m<-- POST /wd/hub/session/8c652f01-4718-4a48-9430-02538b433752/context [39m[32m200[39m [90m1 ms - 14[39m
[35m[HTTP][39m [90m[39m
[35m[HTTP][39m [37m-->[39m [37mGET[39m [37m/wd/hub/session/8c652f01-4718-4a48-9430-02538b433752/screenshot[39m
[35m[HTTP][39m [90m{}[39m
[35m[HTTP][39m [37m<-- GET /wd/hub/session/8c652f01-4718-4a48-9430-02538b433752/screenshot [39m[32m200[39m [90m646 ms - 336440[39m
[35m[HTTP][39m [90m[39m
[35m[HTTP][39m [37m-->[39m [37mPOST[39m [37m/wd/hub/session/8c652f01-4718-4a48-9430-02538b433752/context[39m
[35m[HTTP][39m [90m{"name":"NATIVE_APP"}[39m
[35m[HTTP][39m [37m<-- POST /wd/hub/session/8c652f01-4718-4a48-9430-02538b433752/context [39m[32m200[39m [90m1 ms - 14[39m
[35m[HTTP][39m [90m[39m
[35m[HTTP][39m [37m-->[39m [37mPOST[39m [37m/wd/hub/session/8c652f01-4718-4a48-9430-02538b433752/timeouts[39m
[35m[HTTP][39m [90m{"implicit":50}[39m
[35m[HTTP][39m [37m<-- POST /wd/hub/session/8c652f01-4718-4a48-9430-02538b433752/timeouts [39m[32m200[39m [90m2 ms - 14[39m
[35m[HTTP][39m [90m[39m
[35m[HTTP][39m [37m-->[39m [37mGET[39m [37m/wd/hub/session/8c652f01-4718-4a48-9430-02538b433752/window/rect[39m
[35m[HTTP][39m [90m{}[39m
[35m[HTTP][39m [37m<-- GET /wd/hub/session/8c652f01-4718-4a48-9430-02538b433752/window/rect [39m[32m200[39m [90m33 ms - 50[39m
[35m[HTTP][39m [90m[39m
[35m[HTTP][39m [37m-->[39m [37mPOST[39m [37m/wd/hub/session/8c652f01-4718-4a48-9430-02538b433752/elements[39m
[35m[HTTP][39m [90m{"using":"xpath","value":"//*[@class = 'android.widget.ImageButton' and (@text = '' or . = '')]"}[39m
[35m[HTTP][39m [37m<-- POST /wd/hub/session/8c652f01-4718-4a48-9430-02538b433752/elements [39m[32m200[39m [90m369 ms - 139[39m
[35m[HTTP][39m [90m[39m
[35m[HTTP][39m [37m-->[39m [37mGET[39m [37m/wd/hub/session/8c652f01-4718-4a48-9430-02538b433752/element/00000000-0000-01b8-ffff-ffff00000044/location[39m
[35m[HTTP][39m [90m{}[39m
[35m[W3C (8c652f01)][39m Driver proxy active, passing request on via HTTP proxy
[35m[WD Proxy][39m Replacing sessionId 45723f2b-5b73-4bf4-9fed-fc2ed32bdc5e with 8c652f01-4718-4a48-9430-02538b433752
[35m[HTTP][39m [37m<-- GET /wd/hub/session/8c652f01-4718-4a48-9430-02538b433752/element/00000000-0000-01b8-ffff-ffff00000044/location [39m[32m200[39m [90m36 ms - 75[39m
[35m[HTTP][39m [90m[39m
[35m[HTTP][39m [37m-->[39m [37mPOST[39m [37m/wd/hub/session/8c652f01-4718-4a48-9430-02538b433752/timeouts[39m
[35m[HTTP][39m [90m{"implicit":30000}[39m
[35m[HTTP][39m [37m<-- POST /wd/hub/session/8c652f01-4718-4a48-9430-02538b433752/timeouts [39m[32m200[39m [90m1 ms - 14[39m
[35m[HTTP][39m [90m[39m
[35m[HTTP][39m [37m-->[39m [37mPOST[39m [37m/wd/hub/session/8c652f01-4718-4a48-9430-02538b433752/element/00000000-0000-01b8-ffff-ffff00000044/click[39m
[35m[HTTP][39m [90m{"id":"00000000-0000-01b8-ffff-ffff00000044"}[39m
[35m[HTTP][39m [37m<-- POST /wd/hub/session/8c652f01-4718-4a48-9430-02538b433752/element/00000000-0000-01b8-ffff-ffff00000044/click [39m[32m200[39m [90m112 ms - 14[39m
[35m[HTTP][39m [90m[39m
[35m[HTTP][39m [37m-->[39m [37mPOST[39m [37m/wd/hub/session/8c652f01-4718-4a48-9430-02538b433752/timeouts[39m
[35m[HTTP][39m [90m{"implicit":50}[39m
[35m[HTTP][39m [37m<-- POST /wd/hub/session/8c652f01-4718-4a48-9430-02538b433752/timeouts [39m[32m200[39m [90m1 ms - 14[39m
[35m[HTTP][39m [90m[39m
[35m[HTTP][39m [37m-->[39m [37mGET[39m [37m/wd/hub/session/8c652f01-4718-4a48-9430-02538b433752/window/rect[39m
[35m[HTTP][39m [90m{}[39m
[35m[HTTP][39m [37m<-- GET /wd/hub/session/8c652f01-4718-4a48-9430-02538b433752/window/rect [39m[32m200[39m [90m49 ms - 50[39m
[35m[HTTP][39m [90m[39m
[35m[HTTP][39m [37m-->[39m [37mPOST[39m [37m/wd/hub/session/8c652f01-4718-4a48-9430-02538b433752/elements[39m
[35m[HTTP][39m [90m{"using":"xpath","value":"//hierarchy/android.widget.FrameLayout[1]/android.widget.LinearLayout[1]/android.widget.FrameLayout[1]/android.widget.LinearLayout[1]/android.widget.FrameLayout[1]/android.widget.FrameLayout[1]/android.widget.FrameLayout[1]/android.view.ViewGroup[1]/android.widget.LinearLayout[1]/android.view.ViewGroup[1]/androidx.recyclerview.widget.RecyclerView[1]/android.widget.FrameLayout[3]/android.view.ViewGroup[1]"}[39m
[35m[HTTP][39m [37m<-- POST /wd/hub/session/8c652f01-4718-4a48-9430-02538b433752/elements [39m[32m200[39m [90m721 ms - 139[39m
[35m[HTTP][39m [90m[39m
[35m[HTTP][39m [37m-->[39m [37mGET[39m [37m/wd/hub/session/8c652f01-4718-4a48-9430-02538b433752/element/00000000-0000-01b8-ffff-ffff00000029/location[39m
[35m[HTTP][39m [90m{}[39m
[35m[W3C (8c652f01)][39m Driver proxy active, passing request on via HTTP proxy
[35m[WD Proxy][39m Replacing sessionId 45723f2b-5b73-4bf4-9fed-fc2ed32bdc5e with 8c652f01-4718-4a48-9430-02538b433752
[35m[HTTP][39m [37m<-- GET /wd/hub/session/8c652f01-4718-4a48-9430-02538b433752/element/00000000-0000-01b8-ffff-ffff00000029/location [39m[32m200[39m [90m34 ms - 78[39m
[35m[HTTP][39m [90m[39m
[35m[HTTP][39m [37m-->[39m [37mPOST[39m [37m/wd/hub/session/8c652f01-4718-4a48-9430-02538b433752/timeouts[39m
[35m[HTTP][39m [90m{"implicit":30000}[39m
[35m[HTTP][39m [37m<-- POST /wd/hub/session/8c652f01-4718-4a48-9430-02538b433752/timeouts [39m[32m200[39m [90m1 ms - 14[39m
[35m[HTTP][39m [90m[39m
[35m[HTTP][39m [37m-->[39m [37mPOST[39m [37m/wd/hub/session/8c652f01-4718-4a48-9430-02538b433752/element/00000000-0000-01b8-ffff-ffff00000029/click[39m
[35m[HTTP][39m [90m{"id":"00000000-0000-01b8-ffff-ffff00000029"}[39m
[35m[HTTP][39m [37m<-- POST /wd/hub/session/8c652f01-4718-4a48-9430-02538b433752/element/00000000-0000-01b8-ffff-ffff00000029/click [39m[32m200[39m [90m92 ms - 14[39m
[35m[HTTP][39m [90m[39m
[35m[HTTP][39m [37m-->[39m [37mGET[39m [37m/wd/hub/session/8c652f01-4718-4a48-9430-02538b433752/context[39m
[35m[HTTP][39m [90m{}[39m
[35m[HTTP][39m [37m<-- GET /wd/hub/session/8c652f01-4718-4a48-9430-02538b433752/context [39m[32m200[39m [90m1 ms - 22[39m
[35m[HTTP][39m [90m[39m
[35m[HTTP][39m [37m-->[39m [37mGET[39m [37m/wd/hub/session/8c652f01-4718-4a48-9430-02538b433752/contexts[39m
[35m[HTTP][39m [90m{}[39m
[35m[HTTP][39m [37m<-- GET /wd/hub/session/8c652f01-4718-4a48-9430-02538b433752/contexts [39m[32m200[39m [90m116 ms - 24[39m
[35m[HTTP][39m [90m[39m
[35m[HTTP][39m [37m-->[39m [37mPOST[39m [37m/wd/hub/session/8c652f01-4718-4a48-9430-02538b433752/context[39m
[35m[HTTP][39m [90m{"name":"NATIVE_APP"}[39m
[35m[HTTP][39m [37m<-- POST /wd/hub/session/8c652f01-4718-4a48-9430-02538b433752/context [39m[32m200[39m [90m1 ms - 14[39m
[35m[HTTP][39m [90m[39m
[35m[HTTP][39m [37m-->[39m [37mGET[39m [37m/wd/hub/session/8c652f01-4718-4a48-9430-02538b433752/screenshot[39m
[35m[HTTP][39m [90m{}[39m
[35m[HTTP][39m [37m<-- GET /wd/hub/session/8c652f01-4718-4a48-9430-02538b433752/screenshot [39m[32m200[39m [90m550 ms - 104710[39m
[35m[HTTP][39m [90m[39m
[35m[HTTP][39m [37m-->[39m [37mPOST[39m [37m/wd/hub/session/8c652f01-4718-4a48-9430-02538b433752/context[39m
[35m[HTTP][39m [90m{"name":"NATIVE_APP"}[39m
[35m[HTTP][39m [37m<-- POST /wd/hub/session/8c652f01-4718-4a48-9430-02538b433752/context [39m[32m200[39m [90m1 ms - 14[39m
[35m[HTTP][39m [90m[39m
[35m[HTTP][39m [37m-->[39m [37mPOST[39m [37m/wd/hub/session/8c652f01-4718-4a48-9430-02538b433752/timeouts[39m
[35m[HTTP][39m [90m{"implicit":50}[39m
[35m[HTTP][39m [37m<-- POST /wd/hub/session/8c652f01-4718-4a48-9430-02538b433752/timeouts [39m[32m200[39m [90m3 ms - 14[39m
[35m[HTTP][39m [90m[39m
[35m[HTTP][39m [37m-->[39m [37mGET[39m [37m/wd/hub/session/8c652f01-4718-4a48-9430-02538b433752/window/rect[39m
[35m[HTTP][39m [90m{}[39m
[35m[HTTP][39m [37m<-- GET /wd/hub/session/8c652f01-4718-4a48-9430-02538b433752/window/rect [39m[32m200[39m [90m55 ms - 50[39m
[35m[HTTP][39m [90m[39m
[35m[HTTP][39m [37m-->[39m [37mPOST[39m [37m/wd/hub/session/8c652f01-4718-4a48-9430-02538b433752/elements[39m
[35m[HTTP][39m [90m{"using":"xpath","value":"//*[@class = 'android.widget.ImageButton' and (@text = '' or . = '')]"}[39m
[35m[HTTP][39m [37m<-- POST /wd/hub/session/8c652f01-4718-4a48-9430-02538b433752/elements [39m[32m200[39m [90m188 ms - 139[39m
[35m[HTTP][39m [90m[39m
[35m[HTTP][39m [37m-->[39m [37mGET[39m [37m/wd/hub/session/8c652f01-4718-4a48-9430-02538b433752/element/00000000-0000-01b8-ffff-ffff00000069/location[39m
[35m[HTTP][39m [90m{}[39m
[35m[W3C (8c652f01)][39m Driver proxy active, passing request on via HTTP proxy
[35m[WD Proxy][39m Replacing sessionId 45723f2b-5b73-4bf4-9fed-fc2ed32bdc5e with 8c652f01-4718-4a48-9430-02538b433752
[35m[HTTP][39m [37m<-- GET /wd/hub/session/8c652f01-4718-4a48-9430-02538b433752/element/00000000-0000-01b8-ffff-ffff00000069/location [39m[32m200[39m [90m37 ms - 75[39m
[35m[HTTP][39m [90m[39m
[35m[HTTP][39m [37m-->[39m [37mPOST[39m [37m/wd/hub/session/8c652f01-4718-4a48-9430-02538b433752/timeouts[39m
[35m[HTTP][39m [90m{"implicit":30000}[39m
[35m[HTTP][39m [37m<-- POST /wd/hub/session/8c652f01-4718-4a48-9430-02538b433752/timeouts [39m[32m200[39m [90m1 ms - 14[39m
[35m[HTTP][39m [90m[39m
[35m[HTTP][39m [37m-->[39m [37mPOST[39m [37m/wd/hub/session/8c652f01-4718-4a48-9430-02538b433752/element/00000000-0000-01b8-ffff-ffff00000069/click[39m
[35m[HTTP][39m [90m{"id":"00000000-0000-01b8-ffff-ffff00000069"}[39m
[35m[HTTP][39m [37m<-- POST /wd/hub/session/8c652f01-4718-4a48-9430-02538b433752/element/00000000-0000-01b8-ffff-ffff00000069/click [39m[32m200[39m [90m114 ms - 14[39m
[35m[HTTP][39m [90m[39m
[35m[HTTP][39m [37m-->[39m [37mPOST[39m [37m/wd/hub/session/8c652f01-4718-4a48-9430-02538b433752/timeouts[39m
[35m[HTTP][39m [90m{"implicit":50}[39m
[35m[HTTP][39m [37m<-- POST /wd/hub/session/8c652f01-4718-4a48-9430-02538b433752/timeouts [39m[32m200[39m [90m1 ms - 14[39m
[35m[HTTP][39m [90m[39m
[35m[HTTP][39m [37m-->[39m [37mGET[39m [37m/wd/hub/session/8c652f01-4718-4a48-9430-02538b433752/window/rect[39m
[35m[HTTP][39m [90m{}[39m
[35m[HTTP][39m [37m<-- GET /wd/hub/session/8c652f01-4718-4a48-9430-02538b433752/window/rect [39m[32m200[39m [90m45 ms - 50[39m
[35m[HTTP][39m [90m[39m
[35m[HTTP][39m [37m-->[39m [37mPOST[39m [37m/wd/hub/session/8c652f01-4718-4a48-9430-02538b433752/elements[39m
[35m[HTTP][39m [90m{"using":"xpath","value":"//hierarchy/android.widget.FrameLayout[1]/android.widget.LinearLayout[1]/android.widget.FrameLayout[1]/android.widget.LinearLayout[1]/android.widget.FrameLayout[1]/android.widget.FrameLayout[1]/android.widget.FrameLayout[1]/android.view.ViewGroup[1]/android.widget.LinearLayout[1]/android.view.ViewGroup[1]/androidx.recyclerview.widget.RecyclerView[1]/android.widget.FrameLayout[2]/android.view.ViewGroup[1]"}[39m
[35m[HTTP][39m [37m<-- POST /wd/hub/session/8c652f01-4718-4a48-9430-02538b433752/elements [39m[32m200[39m [90m600 ms - 139[39m
[35m[HTTP][39m [90m[39m
[35m[HTTP][39m [37m-->[39m [37mGET[39m [37m/wd/hub/session/8c652f01-4718-4a48-9430-02538b433752/element/00000000-0000-01b8-ffff-ffff00000020/location[39m
[35m[HTTP][39m [90m{}[39m
[35m[W3C (8c652f01)][39m Driver proxy active, passing request on via HTTP proxy
[35m[WD Proxy][39m Replacing sessionId 45723f2b-5b73-4bf4-9fed-fc2ed32bdc5e with 8c652f01-4718-4a48-9430-02538b433752
[35m[HTTP][39m [37m<-- GET /wd/hub/session/8c652f01-4718-4a48-9430-02538b433752/element/00000000-0000-01b8-ffff-ffff00000020/location [39m[32m200[39m [90m34 ms - 77[39m
[35m[HTTP][39m [90m[39m
[35m[HTTP][39m [37m-->[39m [37mPOST[39m [37m/wd/hub/session/8c652f01-4718-4a48-9430-02538b433752/timeouts[39m
[35m[HTTP][39m [90m{"implicit":30000}[39m
[35m[HTTP][39m [37m<-- POST /wd/hub/session/8c652f01-4718-4a48-9430-02538b433752/timeouts [39m[32m200[39m [90m1 ms - 14[39m
[35m[HTTP][39m [90m[39m
[35m[HTTP][39m [37m-->[39m [37mPOST[39m [37m/wd/hub/session/8c652f01-4718-4a48-9430-02538b433752/element/00000000-0000-01b8-ffff-ffff00000020/click[39m
[35m[HTTP][39m [90m{"id":"00000000-0000-01b8-ffff-ffff00000020"}[39m
[35m[HTTP][39m [37m<-- POST /wd/hub/session/8c652f01-4718-4a48-9430-02538b433752/element/00000000-0000-01b8-ffff-ffff00000020/click [39m[32m200[39m [90m95 ms - 14[39m
[35m[HTTP][39m [90m[39m
[35m[HTTP][39m [37m-->[39m [37mGET[39m [37m/wd/hub/session/8c652f01-4718-4a48-9430-02538b433752/context[39m
[35m[HTTP][39m [90m{}[39m
[35m[HTTP][39m [37m<-- GET /wd/hub/session/8c652f01-4718-4a48-9430-02538b433752/context [39m[32m200[39m [90m1 ms - 22[39m
[35m[HTTP][39m [90m[39m
[35m[HTTP][39m [37m-->[39m [37mGET[39m [37m/wd/hub/session/8c652f01-4718-4a48-9430-02538b433752/contexts[39m
[35m[HTTP][39m [90m{}[39m
[35m[HTTP][39m [37m<-- GET /wd/hub/session/8c652f01-4718-4a48-9430-02538b433752/contexts [39m[32m200[39m [90m136 ms - 24[39m
[35m[HTTP][39m [90m[39m
[35m[HTTP][39m [37m-->[39m [37mPOST[39m [37m/wd/hub/session/8c652f01-4718-4a48-9430-02538b433752/context[39m
[35m[HTTP][39m [90m{"name":"NATIVE_APP"}[39m
[35m[HTTP][39m [37m<-- POST /wd/hub/session/8c652f01-4718-4a48-9430-02538b433752/context [39m[32m200[39m [90m1 ms - 14[39m
[35m[HTTP][39m [90m[39m
[35m[HTTP][39m [37m-->[39m [37mGET[39m [37m/wd/hub/session/8c652f01-4718-4a48-9430-02538b433752/screenshot[39m
[35m[HTTP][39m [90m{}[39m
[35m[HTTP][39m [37m<-- GET /wd/hub/session/8c652f01-4718-4a48-9430-02538b433752/screenshot [39m[32m200[39m [90m633 ms - 294972[39m
[35m[HTTP][39m [90m[39m
[35m[HTTP][39m [37m-->[39m [37mPOST[39m [37m/wd/hub/session/8c652f01-4718-4a48-9430-02538b433752/context[39m
[35m[HTTP][39m [90m{"name":"NATIVE_APP"}[39m
[35m[HTTP][39m [37m<-- POST /wd/hub/session/8c652f01-4718-4a48-9430-02538b433752/context [39m[32m200[39m [90m1 ms - 14[39m
[35m[HTTP][39m [90m[39m
[35m[HTTP][39m [37m-->[39m [37mPOST[39m [37m/wd/hub/session/8c652f01-4718-4a48-9430-02538b433752/timeouts[39m
[35m[HTTP][39m [90m{"implicit":50}[39m
[35m[HTTP][39m [37m<-- POST /wd/hub/session/8c652f01-4718-4a48-9430-02538b433752/timeouts [39m[32m200[39m [90m1 ms - 14[39m
[35m[HTTP][39m [90m[39m
[35m[HTTP][39m [37m-->[39m [37mGET[39m [37m/wd/hub/session/8c652f01-4718-4a48-9430-02538b433752/window/rect[39m
[35m[HTTP][39m [90m{}[39m
[35m[HTTP][39m [37m<-- GET /wd/hub/session/8c652f01-4718-4a48-9430-02538b433752/window/rect [39m[32m200[39m [90m33 ms - 50[39m
[35m[HTTP][39m [90m[39m
[35m[HTTP][39m [37m-->[39m [37mPOST[39m [37m/wd/hub/session/8c652f01-4718-4a48-9430-02538b433752/elements[39m
[35m[HTTP][39m [90m{"using":"xpath","value":"//*[@class = 'android.widget.ImageButton' and (@text = '' or . = '')]"}[39m
[35m[HTTP][39m [37m<-- POST /wd/hub/session/8c652f01-4718-4a48-9430-02538b433752/elements [39m[32m200[39m [90m228 ms - 139[39m
[35m[HTTP][39m [90m[39m
[35m[HTTP][39m [37m-->[39m [37mGET[39m [37m/wd/hub/session/8c652f01-4718-4a48-9430-02538b433752/element/00000000-0000-01b8-ffff-ffff0000008e/location[39m
[35m[HTTP][39m [90m{}[39m
[35m[W3C (8c652f01)][39m Driver proxy active, passing request on via HTTP proxy
[35m[WD Proxy][39m Replacing sessionId 45723f2b-5b73-4bf4-9fed-fc2ed32bdc5e with 8c652f01-4718-4a48-9430-02538b433752
[35m[HTTP][39m [37m<-- GET /wd/hub/session/8c652f01-4718-4a48-9430-02538b433752/element/00000000-0000-01b8-ffff-ffff0000008e/location [39m[32m200[39m [90m41 ms - 75[39m
[35m[HTTP][39m [90m[39m
[35m[HTTP][39m [37m-->[39m [37mPOST[39m [37m/wd/hub/session/8c652f01-4718-4a48-9430-02538b433752/timeouts[39m
[35m[HTTP][39m [90m{"implicit":30000}[39m
[35m[HTTP][39m [37m<-- POST /wd/hub/session/8c652f01-4718-4a48-9430-02538b433752/timeouts [39m[32m200[39m [90m1 ms - 14[39m
[35m[HTTP][39m [90m[39m
[35m[HTTP][39m [37m-->[39m [37mPOST[39m [37m/wd/hub/session/8c652f01-4718-4a48-9430-02538b433752/element/00000000-0000-01b8-ffff-ffff0000008e/click[39m
[35m[HTTP][39m [90m{"id":"00000000-0000-01b8-ffff-ffff0000008e"}[39m
[35m[HTTP][39m [37m<-- POST /wd/hub/session/8c652f01-4718-4a48-9430-02538b433752/element/00000000-0000-01b8-ffff-ffff0000008e/click [39m[32m200[39m [90m95 ms - 14[39m
[35m[HTTP][39m [90m[39m
[35m[HTTP][39m [37m-->[39m [37mPOST[39m [37m/wd/hub/session/8c652f01-4718-4a48-9430-02538b433752/timeouts[39m
[35m[HTTP][39m [90m{"implicit":50}[39m
[35m[HTTP][39m [37m<-- POST /wd/hub/session/8c652f01-4718-4a48-9430-02538b433752/timeouts [39m[32m200[39m [90m1 ms - 14[39m
[35m[HTTP][39m [90m[39m
[35m[HTTP][39m [37m-->[39m [37mGET[39m [37m/wd/hub/session/8c652f01-4718-4a48-9430-02538b433752/window/rect[39m
[35m[HTTP][39m [90m{}[39m
[35m[HTTP][39m [37m<-- GET /wd/hub/session/8c652f01-4718-4a48-9430-02538b433752/window/rect [39m[32m200[39m [90m47 ms - 50[39m
[35m[HTTP][39m [90m[39m
[35m[HTTP][39m [37m-->[39m [37mPOST[39m [37m/wd/hub/session/8c652f01-4718-4a48-9430-02538b433752/elements[39m
[35m[HTTP][39m [90m{"using":"xpath","value":"//hierarchy/android.widget.FrameLayout[1]/android.widget.LinearLayout[1]/android.widget.FrameLayout[1]/android.widget.LinearLayout[1]/android.widget.FrameLayout[1]/android.widget.FrameLayout[1]/android.widget.FrameLayout[1]/android.view.ViewGroup[1]/android.widget.LinearLayout[1]/android.view.ViewGroup[1]/androidx.recyclerview.widget.RecyclerView[1]/android.widget.FrameLayout[4]/android.view.ViewGroup[1]"}[39m
[35m[HTTP][39m [37m<-- POST /wd/hub/session/8c652f01-4718-4a48-9430-02538b433752/elements [39m[32m200[39m [90m711 ms - 139[39m
[35m[HTTP][39m [90m[39m
[35m[HTTP][39m [37m-->[39m [37mGET[39m [37m/wd/hub/session/8c652f01-4718-4a48-9430-02538b433752/element/00000000-0000-01b8-ffff-ffff00000032/location[39m
[35m[HTTP][39m [90m{}[39m
[35m[W3C (8c652f01)][39m Driver proxy active, passing request on via HTTP proxy
[35m[WD Proxy][39m Replacing sessionId 45723f2b-5b73-4bf4-9fed-fc2ed32bdc5e with 8c652f01-4718-4a48-9430-02538b433752
[35m[HTTP][39m [37m<-- GET /wd/hub/session/8c652f01-4718-4a48-9430-02538b433752/element/00000000-0000-01b8-ffff-ffff00000032/location [39m[32m200[39m [90m36 ms - 78[39m
[35m[HTTP][39m [90m[39m
[35m[HTTP][39m [37m-->[39m [37mPOST[39m [37m/wd/hub/session/8c652f01-4718-4a48-9430-02538b433752/timeouts[39m
[35m[HTTP][39m [90m{"implicit":30000}[39m
[35m[HTTP][39m [37m<-- POST /wd/hub/session/8c652f01-4718-4a48-9430-02538b433752/timeouts [39m[32m200[39m [90m1 ms - 14[39m
[35m[HTTP][39m [90m[39m
[35m[HTTP][39m [37m-->[39m [37mPOST[39m [37m/wd/hub/session/8c652f01-4718-4a48-9430-02538b433752/element/00000000-0000-01b8-ffff-ffff00000032/click[39m
[35m[HTTP][39m [90m{"id":"00000000-0000-01b8-ffff-ffff00000032"}[39m
[35m[HTTP][39m [37m<-- POST /wd/hub/session/8c652f01-4718-4a48-9430-02538b433752/element/00000000-0000-01b8-ffff-ffff00000032/click [39m[32m200[39m [90m109 ms - 14[39m
[35m[HTTP][39m [90m[39m
[35m[HTTP][39m [37m-->[39m [37mGET[39m [37m/wd/hub/session/8c652f01-4718-4a48-9430-02538b433752/context[39m
[35m[HTTP][39m [90m{}[39m
[35m[HTTP][39m [37m<-- GET /wd/hub/session/8c652f01-4718-4a48-9430-02538b433752/context [39m[32m200[39m [90m1 ms - 22[39m
[35m[HTTP][39m [90m[39m
[35m[HTTP][39m [37m-->[39m [37mGET[39m [37m/wd/hub/session/8c652f01-4718-4a48-9430-02538b433752/contexts[39m
[35m[HTTP][39m [90m{}[39m
[35m[HTTP][39m [37m<-- GET /wd/hub/session/8c652f01-4718-4a48-9430-02538b433752/contexts [39m[32m200[39m [90m134 ms - 24[39m
[35m[HTTP][39m [90m[39m
[35m[HTTP][39m [37m-->[39m [37mPOST[39m [37m/wd/hub/session/8c652f01-4718-4a48-9430-02538b433752/context[39m
[35m[HTTP][39m [90m{"name":"NATIVE_APP"}[39m
[35m[HTTP][39m [37m<-- POST /wd/hub/session/8c652f01-4718-4a48-9430-02538b433752/context [39m[32m200[39m [90m2 ms - 14[39m
[35m[HTTP][39m [90m[39m
[35m[HTTP][39m [37m-->[39m [37mGET[39m [37m/wd/hub/session/8c652f01-4718-4a48-9430-02538b433752/screenshot[39m
[35m[HTTP][39m [90m{}[39m
[35m[HTTP][39m [37m<-- GET /wd/hub/session/8c652f01-4718-4a48-9430-02538b433752/screenshot [39m[32m200[39m [90m583 ms - 128488[39m
[35m[HTTP][39m [90m[39m
[35m[HTTP][39m [37m-->[39m [37mPOST[39m [37m/wd/hub/session/8c652f01-4718-4a48-9430-02538b433752/context[39m
[35m[HTTP][39m [90m{"name":"NATIVE_APP"}[39m
[35m[HTTP][39m [37m<-- POST /wd/hub/session/8c652f01-4718-4a48-9430-02538b433752/context [39m[32m200[39m [90m1 ms - 14[39m
[35m[HTTP][39m [90m[39m
[35m[HTTP][39m [37m-->[39m [37mPOST[39m [37m/wd/hub/session/8c652f01-4718-4a48-9430-02538b433752/timeouts[39m
[35m[HTTP][39m [90m{"implicit":50}[39m
[35m[HTTP][39m [37m<-- POST /wd/hub/session/8c652f01-4718-4a48-9430-02538b433752/timeouts [39m[32m200[39m [90m1 ms - 14[39m
[35m[HTTP][39m [90m[39m
[35m[HTTP][39m [37m-->[39m [37mGET[39m [37m/wd/hub/session/8c652f01-4718-4a48-9430-02538b433752/window/rect[39m
[35m[HTTP][39m [90m{}[39m
[35m[HTTP][39m [37m<-- GET /wd/hub/session/8c652f01-4718-4a48-9430-02538b433752/window/rect [39m[32m200[39m [90m30 ms - 50[39m
[35m[HTTP][39m [90m[39m
[35m[HTTP][39m [37m-->[39m [37mPOST[39m [37m/wd/hub/session/8c652f01-4718-4a48-9430-02538b433752/elements[39m
[35m[HTTP][39m [90m{"using":"xpath","value":"//*[@class = 'android.widget.ImageButton' and (@text = '' or . = '')]"}[39m
[35m[HTTP][39m [37m<-- POST /wd/hub/session/8c652f01-4718-4a48-9430-02538b433752/elements [39m[32m200[39m [90m249 ms - 139[39m
[35m[HTTP][39m [90m[39m
[35m[HTTP][39m [37m-->[39m [37mGET[39m [37m/wd/hub/session/8c652f01-4718-4a48-9430-02538b433752/element/00000000-0000-01b8-ffff-ffff000000b3/location[39m
[35m[HTTP][39m [90m{}[39m
[35m[W3C (8c652f01)][39m Driver proxy active, passing request on via HTTP proxy
[35m[WD Proxy][39m Replacing sessionId 45723f2b-5b73-4bf4-9fed-fc2ed32bdc5e with 8c652f01-4718-4a48-9430-02538b433752
[35m[HTTP][39m [37m<-- GET /wd/hub/session/8c652f01-4718-4a48-9430-02538b433752/element/00000000-0000-01b8-ffff-ffff000000b3/location [39m[32m200[39m [90m42 ms - 75[39m
[35m[HTTP][39m [90m[39m
[35m[HTTP][39m [37m-->[39m [37mPOST[39m [37m/wd/hub/session/8c652f01-4718-4a48-9430-02538b433752/timeouts[39m
[35m[HTTP][39m [90m{"implicit":30000}[39m
[35m[HTTP][39m [37m<-- POST /wd/hub/session/8c652f01-4718-4a48-9430-02538b433752/timeouts [39m[32m200[39m [90m1 ms - 14[39m
[35m[HTTP][39m [90m[39m
[35m[HTTP][39m [37m-->[39m [37mPOST[39m [37m/wd/hub/session/8c652f01-4718-4a48-9430-02538b433752/element/00000000-0000-01b8-ffff-ffff000000b3/click[39m
[35m[HTTP][39m [90m{"id":"00000000-0000-01b8-ffff-ffff000000b3"}[39m
[35m[HTTP][39m [37m<-- POST /wd/hub/session/8c652f01-4718-4a48-9430-02538b433752/element/00000000-0000-01b8-ffff-ffff000000b3/click [39m[32m200[39m [90m109 ms - 14[39m
[35m[HTTP][39m [90m[39m
[35m[HTTP][39m [37m-->[39m [37mPOST[39m [37m/wd/hub/session/8c652f01-4718-4a48-9430-02538b433752/timeouts[39m
[35m[HTTP][39m [90m{"implicit":50}[39m
[35m[HTTP][39m [37m<-- POST /wd/hub/session/8c652f01-4718-4a48-9430-02538b433752/timeouts [39m[32m200[39m [90m1 ms - 14[39m
[35m[HTTP][39m [90m[39m
[35m[HTTP][39m [37m-->[39m [37mGET[39m [37m/wd/hub/session/8c652f01-4718-4a48-9430-02538b433752/window/rect[39m
[35m[HTTP][39m [90m{}[39m
[35m[HTTP][39m [37m<-- GET /wd/hub/session/8c652f01-4718-4a48-9430-02538b433752/window/rect [39m[32m200[39m [90m47 ms - 50[39m
[35m[HTTP][39m [90m[39m
[35m[HTTP][39m [37m-->[39m [37mPOST[39m [37m/wd/hub/session/8c652f01-4718-4a48-9430-02538b433752/elements[39m
[35m[HTTP][39m [90m{"using":"xpath","value":"//hierarchy/android.widget.FrameLayout[1]/android.widget.LinearLayout[1]/android.widget.FrameLayout[1]/android.widget.LinearLayout[1]/android.widget.FrameLayout[1]/android.widget.FrameLayout[1]/android.widget.FrameLayout[1]/android.view.ViewGroup[1]/android.widget.LinearLayout[1]/android.view.ViewGroup[1]/androidx.recyclerview.widget.RecyclerView[1]/android.widget.FrameLayout[3]/android.view.ViewGroup[1]"}[39m
[35m[HTTP][39m [37m<-- POST /wd/hub/session/8c652f01-4718-4a48-9430-02538b433752/elements [39m[32m200[39m [90m743 ms - 139[39m
[35m[HTTP][39m [90m[39m
[35m[HTTP][39m [37m-->[39m [37mGET[39m [37m/wd/hub/session/8c652f01-4718-4a48-9430-02538b433752/element/00000000-0000-01b8-ffff-ffff00000029/location[39m
[35m[HTTP][39m [90m{}[39m
[35m[W3C (8c652f01)][39m Driver proxy active, passing request on via HTTP proxy
[35m[WD Proxy][39m Replacing sessionId 45723f2b-5b73-4bf4-9fed-fc2ed32bdc5e with 8c652f01-4718-4a48-9430-02538b433752
[35m[HTTP][39m [37m<-- GET /wd/hub/session/8c652f01-4718-4a48-9430-02538b433752/element/00000000-0000-01b8-ffff-ffff00000029/location [39m[32m200[39m [90m39 ms - 78[39m
[35m[HTTP][39m [90m[39m
[35m[HTTP][39m [37m-->[39m [37mPOST[39m [37m/wd/hub/session/8c652f01-4718-4a48-9430-02538b433752/timeouts[39m
[35m[HTTP][39m [90m{"implicit":30000}[39m
[35m[HTTP][39m [37m<-- POST /wd/hub/session/8c652f01-4718-4a48-9430-02538b433752/timeouts [39m[32m200[39m [90m1 ms - 14[39m
[35m[HTTP][39m [90m[39m
[35m[HTTP][39m [37m-->[39m [37mPOST[39m [37m/wd/hub/session/8c652f01-4718-4a48-9430-02538b433752/element/00000000-0000-01b8-ffff-ffff00000029/click[39m
[35m[HTTP][39m [90m{"id":"00000000-0000-01b8-ffff-ffff00000029"}[39m
[35m[HTTP][39m [37m<-- POST /wd/hub/session/8c652f01-4718-4a48-9430-02538b433752/element/00000000-0000-01b8-ffff-ffff00000029/click [39m[32m200[39m [90m96 ms - 14[39m
[35m[HTTP][39m [90m[39m
[35m[HTTP][39m [37m-->[39m [37mGET[39m [37m/wd/hub/session/8c652f01-4718-4a48-9430-02538b433752/context[39m
[35m[HTTP][39m [90m{}[39m
[35m[HTTP][39m [37m<-- GET /wd/hub/session/8c652f01-4718-4a48-9430-02538b433752/context [39m[32m200[39m [90m1 ms - 22[39m
[35m[HTTP][39m [90m[39m
[35m[HTTP][39m [37m-->[39m [37mGET[39m [37m/wd/hub/session/8c652f01-4718-4a48-9430-02538b433752/contexts[39m
[35m[HTTP][39m [90m{}[39m
[35m[HTTP][39m [37m<-- GET /wd/hub/session/8c652f01-4718-4a48-9430-02538b433752/contexts [39m[32m200[39m [90m122 ms - 24[39m
[35m[HTTP][39m [90m[39m
[35m[HTTP][39m [37m-->[39m [37mPOST[39m [37m/wd/hub/session/8c652f01-4718-4a48-9430-02538b433752/context[39m
[35m[HTTP][39m [90m{"name":"NATIVE_APP"}[39m
[35m[HTTP][39m [37m<-- POST /wd/hub/session/8c652f01-4718-4a48-9430-02538b433752/context [39m[32m200[39m [90m1 ms - 14[39m
[35m[HTTP][39m [90m[39m
[35m[HTTP][39m [37m-->[39m [37mGET[39m [37m/wd/hub/session/8c652f01-4718-4a48-9430-02538b433752/screenshot[39m
[35m[HTTP][39m [90m{}[39m
[35m[HTTP][39m [37m<-- GET /wd/hub/session/8c652f01-4718-4a48-9430-02538b433752/screenshot [39m[32m200[39m [90m549 ms - 104710[39m
[35m[HTTP][39m [90m[39m
[35m[HTTP][39m [37m-->[39m [37mPOST[39m [37m/wd/hub/session/8c652f01-4718-4a48-9430-02538b433752/context[39m
[35m[HTTP][39m [90m{"name":"NATIVE_APP"}[39m
[35m[HTTP][39m [37m<-- POST /wd/hub/session/8c652f01-4718-4a48-9430-02538b433752/context [39m[32m200[39m [90m1 ms - 14[39m
[35m[HTTP][39m [90m[39m
[35m[HTTP][39m [37m-->[39m [37mPOST[39m [37m/wd/hub/session/8c652f01-4718-4a48-9430-02538b433752/timeouts[39m
[35m[HTTP][39m [90m{"implicit":50}[39m
[35m[HTTP][39m [37m<-- POST /wd/hub/session/8c652f01-4718-4a48-9430-02538b433752/timeouts [39m[32m200[39m [90m1 ms - 14[39m
[35m[HTTP][39m [90m[39m
[35m[HTTP][39m [37m-->[39m [37mGET[39m [37m/wd/hub/session/8c652f01-4718-4a48-9430-02538b433752/window/rect[39m
[35m[HTTP][39m [90m{}[39m
[35m[HTTP][39m [37m<-- GET /wd/hub/session/8c652f01-4718-4a48-9430-02538b433752/window/rect [39m[32m200[39m [90m30 ms - 50[39m
[35m[HTTP][39m [90m[39m
[35m[HTTP][39m [37m-->[39m [37mPOST[39m [37m/wd/hub/session/8c652f01-4718-4a48-9430-02538b433752/elements[39m
[35m[HTTP][39m [90m{"using":"xpath","value":"//*[@class = 'android.widget.ImageButton' and (@text = '' or . = '')]"}[39m
[35m[HTTP][39m [37m<-- POST /wd/hub/session/8c652f01-4718-4a48-9430-02538b433752/elements [39m[32m200[39m [90m259 ms - 139[39m
[35m[HTTP][39m [90m[39m
[35m[HTTP][39m [37m-->[39m [37mGET[39m [37m/wd/hub/session/8c652f01-4718-4a48-9430-02538b433752/element/00000000-0000-01b8-ffff-ffff000000d8/location[39m
[35m[HTTP][39m [90m{}[39m
[35m[W3C (8c652f01)][39m Driver proxy active, passing request on via HTTP proxy
[35m[WD Proxy][39m Replacing sessionId 45723f2b-5b73-4bf4-9fed-fc2ed32bdc5e with 8c652f01-4718-4a48-9430-02538b433752
[35m[HTTP][39m [37m<-- GET /wd/hub/session/8c652f01-4718-4a48-9430-02538b433752/element/00000000-0000-01b8-ffff-ffff000000d8/location [39m[32m200[39m [90m41 ms - 75[39m
[35m[HTTP][39m [90m[39m
[35m[HTTP][39m [37m-->[39m [37mPOST[39m [37m/wd/hub/session/8c652f01-4718-4a48-9430-02538b433752/timeouts[39m
[35m[HTTP][39m [90m{"implicit":30000}[39m
[35m[HTTP][39m [37m<-- POST /wd/hub/session/8c652f01-4718-4a48-9430-02538b433752/timeouts [39m[32m200[39m [90m1 ms - 14[39m
[35m[HTTP][39m [90m[39m
[35m[HTTP][39m [37m-->[39m [37mPOST[39m [37m/wd/hub/session/8c652f01-4718-4a48-9430-02538b433752/element/00000000-0000-01b8-ffff-ffff000000d8/click[39m
[35m[HTTP][39m [90m{"id":"00000000-0000-01b8-ffff-ffff000000d8"}[39m
[35m[HTTP][39m [37m<-- POST /wd/hub/session/8c652f01-4718-4a48-9430-02538b433752/element/00000000-0000-01b8-ffff-ffff000000d8/click [39m[32m200[39m [90m99 ms - 14[39m
[35m[HTTP][39m [90m[39m
[35m[HTTP][39m [37m-->[39m [37mDELETE[39m [37m/wd/hub/session/8c652f01-4718-4a48-9430-02538b433752[39m
[35m[HTTP][39m [90m{}[39m
[35m[Appium][39m Removing session 8c652f01-4718-4a48-9430-02538b433752 from our master session list
[35m[ADB][39m com.tengyeekong.movieapp was successfully uninstalled
[35m[UiAutomator2][39m Restoring hidden api policy to the device default configuration
[35m[HTTP][39m [37m<-- DELETE /wd/hub/session/8c652f01-4718-4a48-9430-02538b433752 [39m[32m200[39m [90m1637 ms - 14[39m
[35m[HTTP][39m [90m[39m
