[35m[Appium][39m Welcome to Appium v1.22.3
[35m[Appium][39m Non-default server args:
[35m[Appium][39m   port: 65016
[35m[Appium][39m   loglevel: info
[35m[Appium][39m   tmpDir: C:\Users\REG-LP~1\AppData\Local\Temp\\Katalon\Appium\Temp1700188254024
[35m[Appium][39m   chromedriverPort: 65017
[35m[Appium][39m Deprecated server args:
[35m[Appium][39m   [31m--chromedriver-port[39m => --default-capabilities
[35m[Appium][39m Default capabilities, which will be added to each request unless overridden by desired capabilities:
[35m[Appium][39m   chromedriverPort: 65017
[35m[Appium][39m Appium REST http interface listener started on 0.0.0.0:65016
[35m[HTTP][39m [37m-->[39m [37mGET[39m [37m/wd/hub/status[39m
[35m[HTTP][39m [90m{}[39m
[35m[HTTP][39m [37m<-- GET /wd/hub/status [39m[32m200[39m [90m5 ms - 68[39m
[35m[HTTP][39m [90m[39m
[35m[HTTP][39m [37m-->[39m [37mPOST[39m [37m/wd/hub/session[39m
[35m[HTTP][39m [90m{"desiredCapabilities":{"app":"C:\\Users\\REG-LPT-173\\Downloads\\movie-app-release\\movie-app-release.apk","noReset":false,"deviceName":"samsung SM-A725F (Android 13)","fullReset":true,"platform":"ANDROID","newCommandTimeout":1800,"platformVersion":"13","automationName":"uiautomator2","autoGrantPermissions":true,"platformName":"Android","udid":"R58R83Q043W","systemPort":65015},"capabilities":{"firstMatch":[{"appium:app":"C:\\Users\\REG-LPT-173\\Downloads\\movie-app-release\\movie-app-release.apk","appium:autoGrantPermissions":true,"appium:automationName":"uiautomator2","appium:deviceName":"samsung SM-A725F (Android 13)","appium:fullReset":true,"appium:newCommandTimeout":1800,"appium:noReset":false,"platform":"ANDROID","platformName":"android","appium:platformVersion":"13","appium:systemPort":65015,"appium:udid":"R58R83Q043W"}]}}[39m
[35m[BaseDriver][39m The following capabilities are not standard capabilities and should have an extension prefix:
[35m[BaseDriver][39m   platform
[35m[BaseDriver][39m   chromedriverPort
[35m[Appium][39m Appium v1.22.3 creating new AndroidUiautomator2Driver (v1.70.1) session
[35m[BaseDriver][39m The following capabilities were provided, but are not recognized by Appium:
[35m[BaseDriver][39m   platform
[35m[BaseDriver][39m Session created with session id: d33072f9-a4a0-4aa2-89e3-cfcd39dd4b8e
[35m[BaseDriver][39m Using local app 'C:\Users\REG-LPT-173\Downloads\movie-app-release\movie-app-release.apk'
[35m[ADB][39m Found 1 'build-tools' folders under 'C:\Users\REG-LPT-173\.katalon\tools\android_sdk' (newest first):
[35m[ADB][39m     C:/Users/REG-LPT-173/.katalon/tools/android_sdk/build-tools/29.0.3
[35m[ADB][39m Using 'adb.exe' from 'C:\Users\REG-LPT-173\.katalon\tools\android_sdk\platform-tools\adb.exe'
[35m[AndroidDriver][39m Retrieving device list
[35m[AndroidDriver][39m Using device: R58R83Q043W
[35m[ADB][39m Using 'adb.exe' from 'C:\Users\REG-LPT-173\.katalon\tools\android_sdk\platform-tools\adb.exe'
[35m[ADB][39m Getting device platform version
[35m[UiAutomator2][39m Relaxing hidden api policy
[35m[ADB][39m Package name: 'com.tengyeekong.movieapp'
[35m[ADB][39m Main activity name: 'com.tengyeekong.movieapp.ui.MainActivity'
[35m[ADB][39m Using 'apksigner.jar' from 'C:\Users\REG-LPT-173\.katalon\tools\android_sdk\build-tools\29.0.3\lib\apksigner.jar'
[35m[ADB][39m 'C:\Users\REG-LPT-173\AppData\Roaming\npm\node_modules\appium\node_modules\appium-uiautomator2-server\apks\appium-uiautomator2-server-v4.27.0.apk' is signed with the default certificate
[35m[ADB][39m 'C:\Users\REG-LPT-173\AppData\Roaming\npm\node_modules\appium\node_modules\appium-uiautomator2-server\apks\appium-uiautomator2-server-debug-androidTest.apk' is signed with the default certificate
[35m[UiAutomator2][39m Server packages are not going to be (re)installed
[35m[ADB][39m Adding packages ["io.appium.settings","io.appium.uiautomator2.server","io.appium.uiautomator2.server.test"] to Doze whitelist
[35m[ADB][39m 'C:\Users\REG-LPT-173\Downloads\movie-app-release\movie-app-release.apk' is signed with a non-default certificate
[35m[ADB][39m com.tengyeekong.movieapp was not uninstalled, because it was not present on the device
[35m[ADB][39m The application at 'C:\Users\REG-LPT-173\Downloads\movie-app-release\movie-app-release.apk' will not be cached, because the device under test has confirmed the support of streamed installs
[35m[ADB][39m The installation of 'movie-app-release.apk' took 2249ms
[35m[UiAutomator2][39m Starting UIAutomator2 server 4.27.0
[35m[UiAutomator2][39m Using UIAutomator2 server from 'C:\Users\REG-LPT-173\AppData\Roaming\npm\node_modules\appium\node_modules\appium-uiautomator2-server\apks\appium-uiautomator2-server-v4.27.0.apk' and test from 'C:\Users\REG-LPT-173\AppData\Roaming\npm\node_modules\appium\node_modules\appium-uiautomator2-server\apks\appium-uiautomator2-server-debug-androidTest.apk'
[35m[UiAutomator2][39m Waiting up to 30000ms for UiAutomator2 to be online...
[35m[WD Proxy][39m socket hang up
[35m[WD Proxy][39m socket hang up
[35m[WD Proxy][39m socket hang up
[35m[WD Proxy][39m Determined the downstream protocol as 'W3C'
[35m[AndroidDriver][39m Screen already unlocked, doing nothing
[35m[UiAutomator2][39m Starting 'com.tengyeekong.movieapp/com.tengyeekong.movieapp.ui.MainActivity and waiting for 'com.tengyeekong.movieapp/com.tengyeekong.movieapp.ui.MainActivity'
[35m[Appium][39m New AndroidUiautomator2Driver session created successfully, session d33072f9-a4a0-4aa2-89e3-cfcd39dd4b8e added to master session list
[35m[HTTP][39m [37m<-- POST /wd/hub/session [39m[32m200[39m [90m12195 ms - 1311[39m
[35m[HTTP][39m [90m[39m
[35m[HTTP][39m [37m-->[39m [37mGET[39m [37m/wd/hub/session/d33072f9-a4a0-4aa2-89e3-cfcd39dd4b8e[39m
[35m[HTTP][39m [90m{}[39m
[35m[HTTP][39m [37m<-- GET /wd/hub/session/d33072f9-a4a0-4aa2-89e3-cfcd39dd4b8e [39m[32m200[39m [90m30 ms - 1265[39m
[35m[HTTP][39m [90m[39m
[35m[HTTP][39m [37m-->[39m [37mGET[39m [37m/wd/hub/session/d33072f9-a4a0-4aa2-89e3-cfcd39dd4b8e[39m
[35m[HTTP][39m [90m{}[39m
[35m[HTTP][39m [37m<-- GET /wd/hub/session/d33072f9-a4a0-4aa2-89e3-cfcd39dd4b8e [39m[32m200[39m [90m30 ms - 1265[39m
[35m[HTTP][39m [90m[39m
[35m[HTTP][39m [37m-->[39m [37mGET[39m [37m/wd/hub/status[39m
[35m[HTTP][39m [90m{}[39m
[35m[HTTP][39m [37m<-- GET /wd/hub/status [39m[32m200[39m [90m1 ms - 68[39m
[35m[HTTP][39m [90m[39m
[35m[HTTP][39m [37m-->[39m [37mPOST[39m [37m/wd/hub/session/d33072f9-a4a0-4aa2-89e3-cfcd39dd4b8e/timeouts[39m
[35m[HTTP][39m [90m{"implicit":30000}[39m
[35m[HTTP][39m [37m<-- POST /wd/hub/session/d33072f9-a4a0-4aa2-89e3-cfcd39dd4b8e/timeouts [39m[32m200[39m [90m2 ms - 14[39m
[35m[HTTP][39m [90m[39m
[35m[HTTP][39m [37m-->[39m [37mGET[39m [37m/wd/hub/session/d33072f9-a4a0-4aa2-89e3-cfcd39dd4b8e/screenshot[39m
[35m[HTTP][39m [90m{}[39m
[35m[HTTP][39m [37m<-- GET /wd/hub/session/d33072f9-a4a0-4aa2-89e3-cfcd39dd4b8e/screenshot [39m[32m200[39m [90m1566 ms - 880872[39m
[35m[HTTP][39m [90m[39m
[35m[HTTP][39m [37m-->[39m [37mGET[39m [37m/wd/hub/session/d33072f9-a4a0-4aa2-89e3-cfcd39dd4b8e/window/rect[39m
[35m[HTTP][39m [90m{}[39m
[35m[HTTP][39m [37m<-- GET /wd/hub/session/d33072f9-a4a0-4aa2-89e3-cfcd39dd4b8e/window/rect [39m[32m200[39m [90m38 ms - 50[39m
[35m[HTTP][39m [90m[39m
[35m[HTTP][39m [37m-->[39m [37mGET[39m [37m/wd/hub/session/d33072f9-a4a0-4aa2-89e3-cfcd39dd4b8e/appium/device/system_bars[39m
[35m[HTTP][39m [90m{}[39m
[35m[HTTP][39m [37m<-- GET /wd/hub/session/d33072f9-a4a0-4aa2-89e3-cfcd39dd4b8e/appium/device/system_bars [39m[32m200[39m [90m188 ms - 145[39m
[35m[HTTP][39m [90m[39m
[35m[HTTP][39m [37m-->[39m [37mPOST[39m [37m/wd/hub/session/d33072f9-a4a0-4aa2-89e3-cfcd39dd4b8e/timeouts[39m
[35m[HTTP][39m [90m{"implicit":50}[39m
[35m[HTTP][39m [37m<-- POST /wd/hub/session/d33072f9-a4a0-4aa2-89e3-cfcd39dd4b8e/timeouts [39m[32m200[39m [90m2 ms - 14[39m
[35m[HTTP][39m [90m[39m
[35m[HTTP][39m [37m-->[39m [37mGET[39m [37m/wd/hub/session/d33072f9-a4a0-4aa2-89e3-cfcd39dd4b8e/window/rect[39m
[35m[HTTP][39m [90m{}[39m
[35m[HTTP][39m [37m<-- GET /wd/hub/session/d33072f9-a4a0-4aa2-89e3-cfcd39dd4b8e/window/rect [39m[32m200[39m [90m33 ms - 50[39m
[35m[HTTP][39m [90m[39m
[35m[HTTP][39m [37m-->[39m [37mPOST[39m [37m/wd/hub/session/d33072f9-a4a0-4aa2-89e3-cfcd39dd4b8e/elements[39m
[35m[HTTP][39m [90m{"using":"xpath","value":"//hierarchy/android.widget.FrameLayout[1]/android.widget.LinearLayout[1]/android.widget.FrameLayout[1]/android.widget.LinearLayout[1]/android.widget.FrameLayout[1]/android.widget.FrameLayout[1]/android.widget.FrameLayout[1]/android.view.ViewGroup[1]/android.widget.LinearLayout[1]/android.view.ViewGroup[1]/androidx.recyclerview.widget.RecyclerView[1]/android.widget.FrameLayout[1]/android.view.ViewGroup[1]"}[39m
[35m[HTTP][39m [37m<-- POST /wd/hub/session/d33072f9-a4a0-4aa2-89e3-cfcd39dd4b8e/elements [39m[32m200[39m [90m761 ms - 139[39m
[35m[HTTP][39m [90m[39m
[35m[HTTP][39m [37m-->[39m [37mGET[39m [37m/wd/hub/session/d33072f9-a4a0-4aa2-89e3-cfcd39dd4b8e/element/00000000-0000-0138-ffff-ffff00000017/location[39m
[35m[HTTP][39m [90m{}[39m
[35m[W3C (d33072f9)][39m Driver proxy active, passing request on via HTTP proxy
[35m[WD Proxy][39m Replacing sessionId 086ddfae-882f-4bf5-925b-fd076bd9663f with d33072f9-a4a0-4aa2-89e3-cfcd39dd4b8e
[35m[HTTP][39m [37m<-- GET /wd/hub/session/d33072f9-a4a0-4aa2-89e3-cfcd39dd4b8e/element/00000000-0000-0138-ffff-ffff00000017/location [39m[32m200[39m [90m50 ms - 77[39m
[35m[HTTP][39m [90m[39m
[35m[HTTP][39m [37m-->[39m [37mPOST[39m [37m/wd/hub/session/d33072f9-a4a0-4aa2-89e3-cfcd39dd4b8e/timeouts[39m
[35m[HTTP][39m [90m{"implicit":30000}[39m
[35m[HTTP][39m [37m<-- POST /wd/hub/session/d33072f9-a4a0-4aa2-89e3-cfcd39dd4b8e/timeouts [39m[32m200[39m [90m1 ms - 14[39m
[35m[HTTP][39m [90m[39m
[35m[HTTP][39m [37m-->[39m [37mPOST[39m [37m/wd/hub/session/d33072f9-a4a0-4aa2-89e3-cfcd39dd4b8e/element/00000000-0000-0138-ffff-ffff00000017/click[39m
[35m[HTTP][39m [90m{"id":"00000000-0000-0138-ffff-ffff00000017"}[39m
[35m[HTTP][39m [37m<-- POST /wd/hub/session/d33072f9-a4a0-4aa2-89e3-cfcd39dd4b8e/element/00000000-0000-0138-ffff-ffff00000017/click [39m[32m200[39m [90m102 ms - 14[39m
[35m[HTTP][39m [90m[39m
[35m[HTTP][39m [37m-->[39m [37mGET[39m [37m/wd/hub/session/d33072f9-a4a0-4aa2-89e3-cfcd39dd4b8e/context[39m
[35m[HTTP][39m [90m{}[39m
[35m[HTTP][39m [37m<-- GET /wd/hub/session/d33072f9-a4a0-4aa2-89e3-cfcd39dd4b8e/context [39m[32m200[39m [90m1 ms - 22[39m
[35m[HTTP][39m [90m[39m
[35m[HTTP][39m [37m-->[39m [37mGET[39m [37m/wd/hub/session/d33072f9-a4a0-4aa2-89e3-cfcd39dd4b8e/contexts[39m
[35m[HTTP][39m [90m{}[39m
[35m[HTTP][39m [37m<-- GET /wd/hub/session/d33072f9-a4a0-4aa2-89e3-cfcd39dd4b8e/contexts [39m[32m200[39m [90m120 ms - 24[39m
[35m[HTTP][39m [90m[39m
[35m[HTTP][39m [37m-->[39m [37mPOST[39m [37m/wd/hub/session/d33072f9-a4a0-4aa2-89e3-cfcd39dd4b8e/context[39m
[35m[HTTP][39m [90m{"name":"NATIVE_APP"}[39m
[35m[HTTP][39m [37m<-- POST /wd/hub/session/d33072f9-a4a0-4aa2-89e3-cfcd39dd4b8e/context [39m[32m200[39m [90m1 ms - 14[39m
[35m[HTTP][39m [90m[39m
[35m[HTTP][39m [37m-->[39m [37mGET[39m [37m/wd/hub/session/d33072f9-a4a0-4aa2-89e3-cfcd39dd4b8e/window/rect[39m
[35m[HTTP][39m [90m{}[39m
[35m[HTTP][39m [37m<-- GET /wd/hub/session/d33072f9-a4a0-4aa2-89e3-cfcd39dd4b8e/window/rect [39m[32m200[39m [90m61 ms - 50[39m
[35m[HTTP][39m [90m[39m
[35m[HTTP][39m [37m-->[39m [37mPOST[39m [37m/wd/hub/session/d33072f9-a4a0-4aa2-89e3-cfcd39dd4b8e/execute/sync[39m
[35m[HTTP][39m [90m{"script":"mobile: viewportScreenshot","args":[]}[39m
[35m[AndroidDriver][39m Executing native command 'mobile: viewportScreenshot'
[35m[HTTP][39m [37m<-- POST /wd/hub/session/d33072f9-a4a0-4aa2-89e3-cfcd39dd4b8e/execute/sync [39m[32m200[39m [90m1192 ms - 373872[39m
[35m[HTTP][39m [90m[39m
[35m[HTTP][39m [37m-->[39m [37mPOST[39m [37m/wd/hub/session/d33072f9-a4a0-4aa2-89e3-cfcd39dd4b8e/context[39m
[35m[HTTP][39m [90m{"name":"NATIVE_APP"}[39m
[35m[HTTP][39m [37m<-- POST /wd/hub/session/d33072f9-a4a0-4aa2-89e3-cfcd39dd4b8e/context [39m[32m200[39m [90m1 ms - 14[39m
[35m[HTTP][39m [90m[39m
[35m[HTTP][39m [37m-->[39m [37mPOST[39m [37m/wd/hub/session/d33072f9-a4a0-4aa2-89e3-cfcd39dd4b8e/timeouts[39m
[35m[HTTP][39m [90m{"implicit":50}[39m
[35m[HTTP][39m [37m<-- POST /wd/hub/session/d33072f9-a4a0-4aa2-89e3-cfcd39dd4b8e/timeouts [39m[32m200[39m [90m1 ms - 14[39m
[35m[HTTP][39m [90m[39m
[35m[HTTP][39m [37m-->[39m [37mGET[39m [37m/wd/hub/session/d33072f9-a4a0-4aa2-89e3-cfcd39dd4b8e/window/rect[39m
[35m[HTTP][39m [90m{}[39m
[35m[HTTP][39m [37m<-- GET /wd/hub/session/d33072f9-a4a0-4aa2-89e3-cfcd39dd4b8e/window/rect [39m[32m200[39m [90m30 ms - 50[39m
[35m[HTTP][39m [90m[39m
[35m[HTTP][39m [37m-->[39m [37mPOST[39m [37m/wd/hub/session/d33072f9-a4a0-4aa2-89e3-cfcd39dd4b8e/elements[39m
[35m[HTTP][39m [90m{"using":"xpath","value":"//*[@class = 'android.widget.ImageButton' and (@text = '' or . = '')]"}[39m
[35m[HTTP][39m [37m<-- POST /wd/hub/session/d33072f9-a4a0-4aa2-89e3-cfcd39dd4b8e/elements [39m[32m200[39m [90m221 ms - 139[39m
[35m[HTTP][39m [90m[39m
[35m[HTTP][39m [37m-->[39m [37mGET[39m [37m/wd/hub/session/d33072f9-a4a0-4aa2-89e3-cfcd39dd4b8e/element/00000000-0000-0138-ffff-ffff00000044/location[39m
[35m[HTTP][39m [90m{}[39m
[35m[W3C (d33072f9)][39m Driver proxy active, passing request on via HTTP proxy
[35m[WD Proxy][39m Replacing sessionId 086ddfae-882f-4bf5-925b-fd076bd9663f with d33072f9-a4a0-4aa2-89e3-cfcd39dd4b8e
[35m[HTTP][39m [37m<-- GET /wd/hub/session/d33072f9-a4a0-4aa2-89e3-cfcd39dd4b8e/element/00000000-0000-0138-ffff-ffff00000044/location [39m[32m200[39m [90m32 ms - 75[39m
[35m[HTTP][39m [90m[39m
[35m[HTTP][39m [37m-->[39m [37mPOST[39m [37m/wd/hub/session/d33072f9-a4a0-4aa2-89e3-cfcd39dd4b8e/timeouts[39m
[35m[HTTP][39m [90m{"implicit":30000}[39m
[35m[HTTP][39m [37m<-- POST /wd/hub/session/d33072f9-a4a0-4aa2-89e3-cfcd39dd4b8e/timeouts [39m[32m200[39m [90m1 ms - 14[39m
[35m[HTTP][39m [90m[39m
[35m[HTTP][39m [37m-->[39m [37mPOST[39m [37m/wd/hub/session/d33072f9-a4a0-4aa2-89e3-cfcd39dd4b8e/element/00000000-0000-0138-ffff-ffff00000044/click[39m
[35m[HTTP][39m [90m{"id":"00000000-0000-0138-ffff-ffff00000044"}[39m
[35m[HTTP][39m [37m<-- POST /wd/hub/session/d33072f9-a4a0-4aa2-89e3-cfcd39dd4b8e/element/00000000-0000-0138-ffff-ffff00000044/click [39m[32m200[39m [90m106 ms - 14[39m
[35m[HTTP][39m [90m[39m
[35m[HTTP][39m [37m-->[39m [37mPOST[39m [37m/wd/hub/session/d33072f9-a4a0-4aa2-89e3-cfcd39dd4b8e/timeouts[39m
[35m[HTTP][39m [90m{"implicit":50}[39m
[35m[HTTP][39m [37m<-- POST /wd/hub/session/d33072f9-a4a0-4aa2-89e3-cfcd39dd4b8e/timeouts [39m[32m200[39m [90m1 ms - 14[39m
[35m[HTTP][39m [90m[39m
[35m[HTTP][39m [37m-->[39m [37mGET[39m [37m/wd/hub/session/d33072f9-a4a0-4aa2-89e3-cfcd39dd4b8e/window/rect[39m
[35m[HTTP][39m [90m{}[39m
[35m[HTTP][39m [37m<-- GET /wd/hub/session/d33072f9-a4a0-4aa2-89e3-cfcd39dd4b8e/window/rect [39m[32m200[39m [90m56 ms - 50[39m
[35m[HTTP][39m [90m[39m
[35m[HTTP][39m [37m-->[39m [37mPOST[39m [37m/wd/hub/session/d33072f9-a4a0-4aa2-89e3-cfcd39dd4b8e/elements[39m
[35m[HTTP][39m [90m{"using":"xpath","value":"//hierarchy/android.widget.FrameLayout[1]/android.widget.LinearLayout[1]/android.widget.FrameLayout[1]/android.widget.LinearLayout[1]/android.widget.FrameLayout[1]/android.widget.FrameLayout[1]/android.widget.FrameLayout[1]/android.view.ViewGroup[1]/android.widget.LinearLayout[1]/android.view.ViewGroup[1]/androidx.recyclerview.widget.RecyclerView[1]/android.widget.FrameLayout[3]/android.view.ViewGroup[1]"}[39m
[35m[HTTP][39m [37m<-- POST /wd/hub/session/d33072f9-a4a0-4aa2-89e3-cfcd39dd4b8e/elements [39m[32m200[39m [90m759 ms - 139[39m
[35m[HTTP][39m [90m[39m
[35m[HTTP][39m [37m-->[39m [37mGET[39m [37m/wd/hub/session/d33072f9-a4a0-4aa2-89e3-cfcd39dd4b8e/element/00000000-0000-0138-ffff-ffff00000029/location[39m
[35m[HTTP][39m [90m{}[39m
[35m[W3C (d33072f9)][39m Driver proxy active, passing request on via HTTP proxy
[35m[WD Proxy][39m Replacing sessionId 086ddfae-882f-4bf5-925b-fd076bd9663f with d33072f9-a4a0-4aa2-89e3-cfcd39dd4b8e
[35m[HTTP][39m [37m<-- GET /wd/hub/session/d33072f9-a4a0-4aa2-89e3-cfcd39dd4b8e/element/00000000-0000-0138-ffff-ffff00000029/location [39m[32m200[39m [90m38 ms - 78[39m
[35m[HTTP][39m [90m[39m
[35m[HTTP][39m [37m-->[39m [37mPOST[39m [37m/wd/hub/session/d33072f9-a4a0-4aa2-89e3-cfcd39dd4b8e/timeouts[39m
[35m[HTTP][39m [90m{"implicit":30000}[39m
[35m[HTTP][39m [37m<-- POST /wd/hub/session/d33072f9-a4a0-4aa2-89e3-cfcd39dd4b8e/timeouts [39m[32m200[39m [90m1 ms - 14[39m
[35m[HTTP][39m [90m[39m
[35m[HTTP][39m [37m-->[39m [37mPOST[39m [37m/wd/hub/session/d33072f9-a4a0-4aa2-89e3-cfcd39dd4b8e/element/00000000-0000-0138-ffff-ffff00000029/click[39m
[35m[HTTP][39m [90m{"id":"00000000-0000-0138-ffff-ffff00000029"}[39m
[35m[HTTP][39m [37m<-- POST /wd/hub/session/d33072f9-a4a0-4aa2-89e3-cfcd39dd4b8e/element/00000000-0000-0138-ffff-ffff00000029/click [39m[32m200[39m [90m103 ms - 14[39m
[35m[HTTP][39m [90m[39m
[35m[HTTP][39m [37m-->[39m [37mGET[39m [37m/wd/hub/session/d33072f9-a4a0-4aa2-89e3-cfcd39dd4b8e/context[39m
[35m[HTTP][39m [90m{}[39m
[35m[HTTP][39m [37m<-- GET /wd/hub/session/d33072f9-a4a0-4aa2-89e3-cfcd39dd4b8e/context [39m[32m200[39m [90m1 ms - 22[39m
[35m[HTTP][39m [90m[39m
[35m[HTTP][39m [37m-->[39m [37mGET[39m [37m/wd/hub/session/d33072f9-a4a0-4aa2-89e3-cfcd39dd4b8e/contexts[39m
[35m[HTTP][39m [90m{}[39m
[35m[HTTP][39m [37m<-- GET /wd/hub/session/d33072f9-a4a0-4aa2-89e3-cfcd39dd4b8e/contexts [39m[32m200[39m [90m135 ms - 24[39m
[35m[HTTP][39m [90m[39m
[35m[HTTP][39m [37m-->[39m [37mPOST[39m [37m/wd/hub/session/d33072f9-a4a0-4aa2-89e3-cfcd39dd4b8e/context[39m
[35m[HTTP][39m [90m{"name":"NATIVE_APP"}[39m
[35m[HTTP][39m [37m<-- POST /wd/hub/session/d33072f9-a4a0-4aa2-89e3-cfcd39dd4b8e/context [39m[32m200[39m [90m1 ms - 14[39m
[35m[HTTP][39m [90m[39m
[35m[HTTP][39m [37m-->[39m [37mGET[39m [37m/wd/hub/session/d33072f9-a4a0-4aa2-89e3-cfcd39dd4b8e/window/rect[39m
[35m[HTTP][39m [90m{}[39m
[35m[HTTP][39m [37m<-- GET /wd/hub/session/d33072f9-a4a0-4aa2-89e3-cfcd39dd4b8e/window/rect [39m[32m200[39m [90m65 ms - 50[39m
[35m[HTTP][39m [90m[39m
[35m[HTTP][39m [37m-->[39m [37mPOST[39m [37m/wd/hub/session/d33072f9-a4a0-4aa2-89e3-cfcd39dd4b8e/execute/sync[39m
[35m[HTTP][39m [90m{"script":"mobile: viewportScreenshot","args":[]}[39m
[35m[AndroidDriver][39m Executing native command 'mobile: viewportScreenshot'
[35m[HTTP][39m [37m<-- POST /wd/hub/session/d33072f9-a4a0-4aa2-89e3-cfcd39dd4b8e/execute/sync [39m[32m200[39m [90m982 ms - 121080[39m
[35m[HTTP][39m [90m[39m
[35m[HTTP][39m [37m-->[39m [37mPOST[39m [37m/wd/hub/session/d33072f9-a4a0-4aa2-89e3-cfcd39dd4b8e/context[39m
[35m[HTTP][39m [90m{"name":"NATIVE_APP"}[39m
[35m[HTTP][39m [37m<-- POST /wd/hub/session/d33072f9-a4a0-4aa2-89e3-cfcd39dd4b8e/context [39m[32m200[39m [90m1 ms - 14[39m
[35m[HTTP][39m [90m[39m
[35m[HTTP][39m [37m-->[39m [37mPOST[39m [37m/wd/hub/session/d33072f9-a4a0-4aa2-89e3-cfcd39dd4b8e/timeouts[39m
[35m[HTTP][39m [90m{"implicit":50}[39m
[35m[HTTP][39m [37m<-- POST /wd/hub/session/d33072f9-a4a0-4aa2-89e3-cfcd39dd4b8e/timeouts [39m[32m200[39m [90m1 ms - 14[39m
[35m[HTTP][39m [90m[39m
[35m[HTTP][39m [37m-->[39m [37mGET[39m [37m/wd/hub/session/d33072f9-a4a0-4aa2-89e3-cfcd39dd4b8e/window/rect[39m
[35m[HTTP][39m [90m{}[39m
[35m[HTTP][39m [37m<-- GET /wd/hub/session/d33072f9-a4a0-4aa2-89e3-cfcd39dd4b8e/window/rect [39m[32m200[39m [90m33 ms - 50[39m
[35m[HTTP][39m [90m[39m
[35m[HTTP][39m [37m-->[39m [37mPOST[39m [37m/wd/hub/session/d33072f9-a4a0-4aa2-89e3-cfcd39dd4b8e/elements[39m
[35m[HTTP][39m [90m{"using":"xpath","value":"//*[@class = 'android.widget.ImageButton' and (@text = '' or . = '')]"}[39m
[35m[HTTP][39m [37m<-- POST /wd/hub/session/d33072f9-a4a0-4aa2-89e3-cfcd39dd4b8e/elements [39m[32m200[39m [90m208 ms - 139[39m
[35m[HTTP][39m [90m[39m
[35m[HTTP][39m [37m-->[39m [37mGET[39m [37m/wd/hub/session/d33072f9-a4a0-4aa2-89e3-cfcd39dd4b8e/element/00000000-0000-0138-ffff-ffff00000069/location[39m
[35m[HTTP][39m [90m{}[39m
[35m[W3C (d33072f9)][39m Driver proxy active, passing request on via HTTP proxy
[35m[WD Proxy][39m Replacing sessionId 086ddfae-882f-4bf5-925b-fd076bd9663f with d33072f9-a4a0-4aa2-89e3-cfcd39dd4b8e
[35m[HTTP][39m [37m<-- GET /wd/hub/session/d33072f9-a4a0-4aa2-89e3-cfcd39dd4b8e/element/00000000-0000-0138-ffff-ffff00000069/location [39m[32m200[39m [90m39 ms - 75[39m
[35m[HTTP][39m [90m[39m
[35m[HTTP][39m [37m-->[39m [37mPOST[39m [37m/wd/hub/session/d33072f9-a4a0-4aa2-89e3-cfcd39dd4b8e/timeouts[39m
[35m[HTTP][39m [90m{"implicit":30000}[39m
[35m[HTTP][39m [37m<-- POST /wd/hub/session/d33072f9-a4a0-4aa2-89e3-cfcd39dd4b8e/timeouts [39m[32m200[39m [90m1 ms - 14[39m
[35m[HTTP][39m [90m[39m
[35m[HTTP][39m [37m-->[39m [37mPOST[39m [37m/wd/hub/session/d33072f9-a4a0-4aa2-89e3-cfcd39dd4b8e/element/00000000-0000-0138-ffff-ffff00000069/click[39m
[35m[HTTP][39m [90m{"id":"00000000-0000-0138-ffff-ffff00000069"}[39m
[35m[HTTP][39m [37m<-- POST /wd/hub/session/d33072f9-a4a0-4aa2-89e3-cfcd39dd4b8e/element/00000000-0000-0138-ffff-ffff00000069/click [39m[32m200[39m [90m91 ms - 14[39m
[35m[HTTP][39m [90m[39m
[35m[HTTP][39m [37m-->[39m [37mPOST[39m [37m/wd/hub/session/d33072f9-a4a0-4aa2-89e3-cfcd39dd4b8e/timeouts[39m
[35m[HTTP][39m [90m{"implicit":50}[39m
[35m[HTTP][39m [37m<-- POST /wd/hub/session/d33072f9-a4a0-4aa2-89e3-cfcd39dd4b8e/timeouts [39m[32m200[39m [90m1 ms - 14[39m
[35m[HTTP][39m [90m[39m
[35m[HTTP][39m [37m-->[39m [37mGET[39m [37m/wd/hub/session/d33072f9-a4a0-4aa2-89e3-cfcd39dd4b8e/window/rect[39m
[35m[HTTP][39m [90m{}[39m
[35m[HTTP][39m [37m<-- GET /wd/hub/session/d33072f9-a4a0-4aa2-89e3-cfcd39dd4b8e/window/rect [39m[32m200[39m [90m44 ms - 50[39m
[35m[HTTP][39m [90m[39m
[35m[HTTP][39m [37m-->[39m [37mPOST[39m [37m/wd/hub/session/d33072f9-a4a0-4aa2-89e3-cfcd39dd4b8e/elements[39m
[35m[HTTP][39m [90m{"using":"xpath","value":"//hierarchy/android.widget.FrameLayout[1]/android.widget.LinearLayout[1]/android.widget.FrameLayout[1]/android.widget.LinearLayout[1]/android.widget.FrameLayout[1]/android.widget.FrameLayout[1]/android.widget.FrameLayout[1]/android.view.ViewGroup[1]/android.widget.LinearLayout[1]/android.view.ViewGroup[1]/androidx.recyclerview.widget.RecyclerView[1]/android.widget.FrameLayout[2]/android.view.ViewGroup[1]"}[39m
[35m[HTTP][39m [37m<-- POST /wd/hub/session/d33072f9-a4a0-4aa2-89e3-cfcd39dd4b8e/elements [39m[32m200[39m [90m649 ms - 139[39m
[35m[HTTP][39m [90m[39m
[35m[HTTP][39m [37m-->[39m [37mGET[39m [37m/wd/hub/session/d33072f9-a4a0-4aa2-89e3-cfcd39dd4b8e/element/00000000-0000-0138-ffff-ffff00000020/location[39m
[35m[HTTP][39m [90m{}[39m
[35m[W3C (d33072f9)][39m Driver proxy active, passing request on via HTTP proxy
[35m[WD Proxy][39m Replacing sessionId 086ddfae-882f-4bf5-925b-fd076bd9663f with d33072f9-a4a0-4aa2-89e3-cfcd39dd4b8e
[35m[HTTP][39m [37m<-- GET /wd/hub/session/d33072f9-a4a0-4aa2-89e3-cfcd39dd4b8e/element/00000000-0000-0138-ffff-ffff00000020/location [39m[32m200[39m [90m24 ms - 77[39m
[35m[HTTP][39m [90m[39m
[35m[HTTP][39m [37m-->[39m [37mPOST[39m [37m/wd/hub/session/d33072f9-a4a0-4aa2-89e3-cfcd39dd4b8e/timeouts[39m
[35m[HTTP][39m [90m{"implicit":30000}[39m
[35m[HTTP][39m [37m<-- POST /wd/hub/session/d33072f9-a4a0-4aa2-89e3-cfcd39dd4b8e/timeouts [39m[32m200[39m [90m1 ms - 14[39m
[35m[HTTP][39m [90m[39m
[35m[HTTP][39m [37m-->[39m [37mPOST[39m [37m/wd/hub/session/d33072f9-a4a0-4aa2-89e3-cfcd39dd4b8e/element/00000000-0000-0138-ffff-ffff00000020/click[39m
[35m[HTTP][39m [90m{"id":"00000000-0000-0138-ffff-ffff00000020"}[39m
[35m[HTTP][39m [37m<-- POST /wd/hub/session/d33072f9-a4a0-4aa2-89e3-cfcd39dd4b8e/element/00000000-0000-0138-ffff-ffff00000020/click [39m[32m200[39m [90m133 ms - 14[39m
[35m[HTTP][39m [90m[39m
[35m[HTTP][39m [37m-->[39m [37mGET[39m [37m/wd/hub/session/d33072f9-a4a0-4aa2-89e3-cfcd39dd4b8e/context[39m
[35m[HTTP][39m [90m{}[39m
[35m[HTTP][39m [37m<-- GET /wd/hub/session/d33072f9-a4a0-4aa2-89e3-cfcd39dd4b8e/context [39m[32m200[39m [90m1 ms - 22[39m
[35m[HTTP][39m [90m[39m
[35m[HTTP][39m [37m-->[39m [37mGET[39m [37m/wd/hub/session/d33072f9-a4a0-4aa2-89e3-cfcd39dd4b8e/contexts[39m
[35m[HTTP][39m [90m{}[39m
[35m[HTTP][39m [37m<-- GET /wd/hub/session/d33072f9-a4a0-4aa2-89e3-cfcd39dd4b8e/contexts [39m[32m200[39m [90m138 ms - 24[39m
[35m[HTTP][39m [90m[39m
[35m[HTTP][39m [37m-->[39m [37mPOST[39m [37m/wd/hub/session/d33072f9-a4a0-4aa2-89e3-cfcd39dd4b8e/context[39m
[35m[HTTP][39m [90m{"name":"NATIVE_APP"}[39m
[35m[HTTP][39m [37m<-- POST /wd/hub/session/d33072f9-a4a0-4aa2-89e3-cfcd39dd4b8e/context [39m[32m200[39m [90m1 ms - 14[39m
[35m[HTTP][39m [90m[39m
[35m[HTTP][39m [37m-->[39m [37mGET[39m [37m/wd/hub/session/d33072f9-a4a0-4aa2-89e3-cfcd39dd4b8e/window/rect[39m
[35m[HTTP][39m [90m{}[39m
[35m[HTTP][39m [37m<-- GET /wd/hub/session/d33072f9-a4a0-4aa2-89e3-cfcd39dd4b8e/window/rect [39m[32m200[39m [90m32 ms - 50[39m
[35m[HTTP][39m [90m[39m
[35m[HTTP][39m [37m-->[39m [37mPOST[39m [37m/wd/hub/session/d33072f9-a4a0-4aa2-89e3-cfcd39dd4b8e/execute/sync[39m
[35m[HTTP][39m [90m{"script":"mobile: viewportScreenshot","args":[]}[39m
[35m[AndroidDriver][39m Executing native command 'mobile: viewportScreenshot'
[35m[HTTP][39m [37m<-- POST /wd/hub/session/d33072f9-a4a0-4aa2-89e3-cfcd39dd4b8e/execute/sync [39m[32m200[39m [90m1108 ms - 310408[39m
[35m[HTTP][39m [90m[39m
[35m[HTTP][39m [37m-->[39m [37mPOST[39m [37m/wd/hub/session/d33072f9-a4a0-4aa2-89e3-cfcd39dd4b8e/context[39m
[35m[HTTP][39m [90m{"name":"NATIVE_APP"}[39m
[35m[HTTP][39m [37m<-- POST /wd/hub/session/d33072f9-a4a0-4aa2-89e3-cfcd39dd4b8e/context [39m[32m200[39m [90m1 ms - 14[39m
[35m[HTTP][39m [90m[39m
[35m[HTTP][39m [37m-->[39m [37mPOST[39m [37m/wd/hub/session/d33072f9-a4a0-4aa2-89e3-cfcd39dd4b8e/timeouts[39m
[35m[HTTP][39m [90m{"implicit":50}[39m
[35m[HTTP][39m [37m<-- POST /wd/hub/session/d33072f9-a4a0-4aa2-89e3-cfcd39dd4b8e/timeouts [39m[32m200[39m [90m1 ms - 14[39m
[35m[HTTP][39m [90m[39m
[35m[HTTP][39m [37m-->[39m [37mGET[39m [37m/wd/hub/session/d33072f9-a4a0-4aa2-89e3-cfcd39dd4b8e/window/rect[39m
[35m[HTTP][39m [90m{}[39m
[35m[HTTP][39m [37m<-- GET /wd/hub/session/d33072f9-a4a0-4aa2-89e3-cfcd39dd4b8e/window/rect [39m[32m200[39m [90m33 ms - 50[39m
[35m[HTTP][39m [90m[39m
[35m[HTTP][39m [37m-->[39m [37mPOST[39m [37m/wd/hub/session/d33072f9-a4a0-4aa2-89e3-cfcd39dd4b8e/elements[39m
[35m[HTTP][39m [90m{"using":"xpath","value":"//*[@class = 'android.widget.ImageButton' and (@text = '' or . = '')]"}[39m
[35m[HTTP][39m [37m<-- POST /wd/hub/session/d33072f9-a4a0-4aa2-89e3-cfcd39dd4b8e/elements [39m[32m200[39m [90m213 ms - 139[39m
[35m[HTTP][39m [90m[39m
[35m[HTTP][39m [37m-->[39m [37mGET[39m [37m/wd/hub/session/d33072f9-a4a0-4aa2-89e3-cfcd39dd4b8e/element/00000000-0000-0138-ffff-ffff0000008e/location[39m
[35m[HTTP][39m [90m{}[39m
[35m[W3C (d33072f9)][39m Driver proxy active, passing request on via HTTP proxy
[35m[WD Proxy][39m Replacing sessionId 086ddfae-882f-4bf5-925b-fd076bd9663f with d33072f9-a4a0-4aa2-89e3-cfcd39dd4b8e
[35m[HTTP][39m [37m<-- GET /wd/hub/session/d33072f9-a4a0-4aa2-89e3-cfcd39dd4b8e/element/00000000-0000-0138-ffff-ffff0000008e/location [39m[32m200[39m [90m38 ms - 75[39m
[35m[HTTP][39m [90m[39m
[35m[HTTP][39m [37m-->[39m [37mPOST[39m [37m/wd/hub/session/d33072f9-a4a0-4aa2-89e3-cfcd39dd4b8e/timeouts[39m
[35m[HTTP][39m [90m{"implicit":30000}[39m
[35m[HTTP][39m [37m<-- POST /wd/hub/session/d33072f9-a4a0-4aa2-89e3-cfcd39dd4b8e/timeouts [39m[32m200[39m [90m1 ms - 14[39m
[35m[HTTP][39m [90m[39m
[35m[HTTP][39m [37m-->[39m [37mPOST[39m [37m/wd/hub/session/d33072f9-a4a0-4aa2-89e3-cfcd39dd4b8e/element/00000000-0000-0138-ffff-ffff0000008e/click[39m
[35m[HTTP][39m [90m{"id":"00000000-0000-0138-ffff-ffff0000008e"}[39m
[35m[HTTP][39m [37m<-- POST /wd/hub/session/d33072f9-a4a0-4aa2-89e3-cfcd39dd4b8e/element/00000000-0000-0138-ffff-ffff0000008e/click [39m[32m200[39m [90m110 ms - 14[39m
[35m[HTTP][39m [90m[39m
[35m[HTTP][39m [37m-->[39m [37mPOST[39m [37m/wd/hub/session/d33072f9-a4a0-4aa2-89e3-cfcd39dd4b8e/timeouts[39m
[35m[HTTP][39m [90m{"implicit":50}[39m
[35m[HTTP][39m [37m<-- POST /wd/hub/session/d33072f9-a4a0-4aa2-89e3-cfcd39dd4b8e/timeouts [39m[32m200[39m [90m1 ms - 14[39m
[35m[HTTP][39m [90m[39m
[35m[HTTP][39m [37m-->[39m [37mGET[39m [37m/wd/hub/session/d33072f9-a4a0-4aa2-89e3-cfcd39dd4b8e/window/rect[39m
[35m[HTTP][39m [90m{}[39m
[35m[HTTP][39m [37m<-- GET /wd/hub/session/d33072f9-a4a0-4aa2-89e3-cfcd39dd4b8e/window/rect [39m[32m200[39m [90m27 ms - 50[39m
[35m[HTTP][39m [90m[39m
[35m[HTTP][39m [37m-->[39m [37mPOST[39m [37m/wd/hub/session/d33072f9-a4a0-4aa2-89e3-cfcd39dd4b8e/elements[39m
[35m[HTTP][39m [90m{"using":"xpath","value":"//hierarchy/android.widget.FrameLayout[1]/android.widget.LinearLayout[1]/android.widget.FrameLayout[1]/android.widget.LinearLayout[1]/android.widget.FrameLayout[1]/android.widget.FrameLayout[1]/android.widget.FrameLayout[1]/android.view.ViewGroup[1]/android.widget.LinearLayout[1]/android.view.ViewGroup[1]/androidx.recyclerview.widget.RecyclerView[1]/android.widget.FrameLayout[4]/android.view.ViewGroup[1]"}[39m
[35m[HTTP][39m [37m<-- POST /wd/hub/session/d33072f9-a4a0-4aa2-89e3-cfcd39dd4b8e/elements [39m[32m200[39m [90m749 ms - 139[39m
[35m[HTTP][39m [90m[39m
[35m[HTTP][39m [37m-->[39m [37mGET[39m [37m/wd/hub/session/d33072f9-a4a0-4aa2-89e3-cfcd39dd4b8e/element/00000000-0000-0138-ffff-ffff00000032/location[39m
[35m[HTTP][39m [90m{}[39m
[35m[W3C (d33072f9)][39m Driver proxy active, passing request on via HTTP proxy
[35m[WD Proxy][39m Replacing sessionId 086ddfae-882f-4bf5-925b-fd076bd9663f with d33072f9-a4a0-4aa2-89e3-cfcd39dd4b8e
[35m[HTTP][39m [37m<-- GET /wd/hub/session/d33072f9-a4a0-4aa2-89e3-cfcd39dd4b8e/element/00000000-0000-0138-ffff-ffff00000032/location [39m[32m200[39m [90m34 ms - 78[39m
[35m[HTTP][39m [90m[39m
[35m[HTTP][39m [37m-->[39m [37mPOST[39m [37m/wd/hub/session/d33072f9-a4a0-4aa2-89e3-cfcd39dd4b8e/timeouts[39m
[35m[HTTP][39m [90m{"implicit":30000}[39m
[35m[HTTP][39m [37m<-- POST /wd/hub/session/d33072f9-a4a0-4aa2-89e3-cfcd39dd4b8e/timeouts [39m[32m200[39m [90m1 ms - 14[39m
[35m[HTTP][39m [90m[39m
[35m[HTTP][39m [37m-->[39m [37mPOST[39m [37m/wd/hub/session/d33072f9-a4a0-4aa2-89e3-cfcd39dd4b8e/element/00000000-0000-0138-ffff-ffff00000032/click[39m
[35m[HTTP][39m [90m{"id":"00000000-0000-0138-ffff-ffff00000032"}[39m
[35m[HTTP][39m [37m<-- POST /wd/hub/session/d33072f9-a4a0-4aa2-89e3-cfcd39dd4b8e/element/00000000-0000-0138-ffff-ffff00000032/click [39m[32m200[39m [90m91 ms - 14[39m
[35m[HTTP][39m [90m[39m
[35m[HTTP][39m [37m-->[39m [37mGET[39m [37m/wd/hub/session/d33072f9-a4a0-4aa2-89e3-cfcd39dd4b8e/context[39m
[35m[HTTP][39m [90m{}[39m
[35m[HTTP][39m [37m<-- GET /wd/hub/session/d33072f9-a4a0-4aa2-89e3-cfcd39dd4b8e/context [39m[32m200[39m [90m1 ms - 22[39m
[35m[HTTP][39m [90m[39m
[35m[HTTP][39m [37m-->[39m [37mGET[39m [37m/wd/hub/session/d33072f9-a4a0-4aa2-89e3-cfcd39dd4b8e/contexts[39m
[35m[HTTP][39m [90m{}[39m
[35m[HTTP][39m [37m<-- GET /wd/hub/session/d33072f9-a4a0-4aa2-89e3-cfcd39dd4b8e/contexts [39m[32m200[39m [90m143 ms - 24[39m
[35m[HTTP][39m [90m[39m
[35m[HTTP][39m [37m-->[39m [37mPOST[39m [37m/wd/hub/session/d33072f9-a4a0-4aa2-89e3-cfcd39dd4b8e/context[39m
[35m[HTTP][39m [90m{"name":"NATIVE_APP"}[39m
[35m[HTTP][39m [37m<-- POST /wd/hub/session/d33072f9-a4a0-4aa2-89e3-cfcd39dd4b8e/context [39m[32m200[39m [90m1 ms - 14[39m
[35m[HTTP][39m [90m[39m
[35m[HTTP][39m [37m-->[39m [37mGET[39m [37m/wd/hub/session/d33072f9-a4a0-4aa2-89e3-cfcd39dd4b8e/window/rect[39m
[35m[HTTP][39m [90m{}[39m
[35m[HTTP][39m [37m<-- GET /wd/hub/session/d33072f9-a4a0-4aa2-89e3-cfcd39dd4b8e/window/rect [39m[32m200[39m [90m59 ms - 50[39m
[35m[HTTP][39m [90m[39m
[35m[HTTP][39m [37m-->[39m [37mPOST[39m [37m/wd/hub/session/d33072f9-a4a0-4aa2-89e3-cfcd39dd4b8e/execute/sync[39m
[35m[HTTP][39m [90m{"script":"mobile: viewportScreenshot","args":[]}[39m
[35m[AndroidDriver][39m Executing native command 'mobile: viewportScreenshot'
[35m[HTTP][39m [37m<-- POST /wd/hub/session/d33072f9-a4a0-4aa2-89e3-cfcd39dd4b8e/execute/sync [39m[32m200[39m [90m1034 ms - 122152[39m
[35m[HTTP][39m [90m[39m
[35m[HTTP][39m [37m-->[39m [37mPOST[39m [37m/wd/hub/session/d33072f9-a4a0-4aa2-89e3-cfcd39dd4b8e/context[39m
[35m[HTTP][39m [90m{"name":"NATIVE_APP"}[39m
[35m[HTTP][39m [37m<-- POST /wd/hub/session/d33072f9-a4a0-4aa2-89e3-cfcd39dd4b8e/context [39m[32m200[39m [90m1 ms - 14[39m
[35m[HTTP][39m [90m[39m
[35m[HTTP][39m [37m-->[39m [37mPOST[39m [37m/wd/hub/session/d33072f9-a4a0-4aa2-89e3-cfcd39dd4b8e/timeouts[39m
[35m[HTTP][39m [90m{"implicit":50}[39m
[35m[HTTP][39m [37m<-- POST /wd/hub/session/d33072f9-a4a0-4aa2-89e3-cfcd39dd4b8e/timeouts [39m[32m200[39m [90m1 ms - 14[39m
[35m[HTTP][39m [90m[39m
[35m[HTTP][39m [37m-->[39m [37mGET[39m [37m/wd/hub/session/d33072f9-a4a0-4aa2-89e3-cfcd39dd4b8e/window/rect[39m
[35m[HTTP][39m [90m{}[39m
[35m[HTTP][39m [37m<-- GET /wd/hub/session/d33072f9-a4a0-4aa2-89e3-cfcd39dd4b8e/window/rect [39m[32m200[39m [90m29 ms - 50[39m
[35m[HTTP][39m [90m[39m
[35m[HTTP][39m [37m-->[39m [37mPOST[39m [37m/wd/hub/session/d33072f9-a4a0-4aa2-89e3-cfcd39dd4b8e/elements[39m
[35m[HTTP][39m [90m{"using":"xpath","value":"//*[@class = 'android.widget.ImageButton' and (@text = '' or . = '')]"}[39m
[35m[HTTP][39m [37m<-- POST /wd/hub/session/d33072f9-a4a0-4aa2-89e3-cfcd39dd4b8e/elements [39m[32m200[39m [90m243 ms - 139[39m
[35m[HTTP][39m [90m[39m
[35m[HTTP][39m [37m-->[39m [37mGET[39m [37m/wd/hub/session/d33072f9-a4a0-4aa2-89e3-cfcd39dd4b8e/element/00000000-0000-0138-ffff-ffff000000b3/location[39m
[35m[HTTP][39m [90m{}[39m
[35m[W3C (d33072f9)][39m Driver proxy active, passing request on via HTTP proxy
[35m[WD Proxy][39m Replacing sessionId 086ddfae-882f-4bf5-925b-fd076bd9663f with d33072f9-a4a0-4aa2-89e3-cfcd39dd4b8e
[35m[HTTP][39m [37m<-- GET /wd/hub/session/d33072f9-a4a0-4aa2-89e3-cfcd39dd4b8e/element/00000000-0000-0138-ffff-ffff000000b3/location [39m[32m200[39m [90m39 ms - 75[39m
[35m[HTTP][39m [90m[39m
[35m[HTTP][39m [37m-->[39m [37mPOST[39m [37m/wd/hub/session/d33072f9-a4a0-4aa2-89e3-cfcd39dd4b8e/timeouts[39m
[35m[HTTP][39m [90m{"implicit":30000}[39m
[35m[HTTP][39m [37m<-- POST /wd/hub/session/d33072f9-a4a0-4aa2-89e3-cfcd39dd4b8e/timeouts [39m[32m200[39m [90m1 ms - 14[39m
[35m[HTTP][39m [90m[39m
[35m[HTTP][39m [37m-->[39m [37mPOST[39m [37m/wd/hub/session/d33072f9-a4a0-4aa2-89e3-cfcd39dd4b8e/element/00000000-0000-0138-ffff-ffff000000b3/click[39m
[35m[HTTP][39m [90m{"id":"00000000-0000-0138-ffff-ffff000000b3"}[39m
[35m[HTTP][39m [37m<-- POST /wd/hub/session/d33072f9-a4a0-4aa2-89e3-cfcd39dd4b8e/element/00000000-0000-0138-ffff-ffff000000b3/click [39m[32m200[39m [90m127 ms - 14[39m
[35m[HTTP][39m [90m[39m
[35m[HTTP][39m [37m-->[39m [37mPOST[39m [37m/wd/hub/session/d33072f9-a4a0-4aa2-89e3-cfcd39dd4b8e/timeouts[39m
[35m[HTTP][39m [90m{"implicit":50}[39m
[35m[HTTP][39m [37m<-- POST /wd/hub/session/d33072f9-a4a0-4aa2-89e3-cfcd39dd4b8e/timeouts [39m[32m200[39m [90m1 ms - 14[39m
[35m[HTTP][39m [90m[39m
[35m[HTTP][39m [37m-->[39m [37mGET[39m [37m/wd/hub/session/d33072f9-a4a0-4aa2-89e3-cfcd39dd4b8e/window/rect[39m
[35m[HTTP][39m [90m{}[39m
[35m[HTTP][39m [37m<-- GET /wd/hub/session/d33072f9-a4a0-4aa2-89e3-cfcd39dd4b8e/window/rect [39m[32m200[39m [90m55 ms - 50[39m
[35m[HTTP][39m [90m[39m
[35m[HTTP][39m [37m-->[39m [37mPOST[39m [37m/wd/hub/session/d33072f9-a4a0-4aa2-89e3-cfcd39dd4b8e/elements[39m
[35m[HTTP][39m [90m{"using":"xpath","value":"//hierarchy/android.widget.FrameLayout[1]/android.widget.LinearLayout[1]/android.widget.FrameLayout[1]/android.widget.LinearLayout[1]/android.widget.FrameLayout[1]/android.widget.FrameLayout[1]/android.widget.FrameLayout[1]/android.view.ViewGroup[1]/android.widget.LinearLayout[1]/android.view.ViewGroup[1]/androidx.recyclerview.widget.RecyclerView[1]/android.widget.FrameLayout[3]/android.view.ViewGroup[1]"}[39m
[35m[HTTP][39m [37m<-- POST /wd/hub/session/d33072f9-a4a0-4aa2-89e3-cfcd39dd4b8e/elements [39m[32m200[39m [90m589 ms - 139[39m
[35m[HTTP][39m [90m[39m
[35m[HTTP][39m [37m-->[39m [37mGET[39m [37m/wd/hub/session/d33072f9-a4a0-4aa2-89e3-cfcd39dd4b8e/element/00000000-0000-0138-ffff-ffff00000029/location[39m
[35m[HTTP][39m [90m{}[39m
[35m[W3C (d33072f9)][39m Driver proxy active, passing request on via HTTP proxy
[35m[WD Proxy][39m Replacing sessionId 086ddfae-882f-4bf5-925b-fd076bd9663f with d33072f9-a4a0-4aa2-89e3-cfcd39dd4b8e
[35m[HTTP][39m [37m<-- GET /wd/hub/session/d33072f9-a4a0-4aa2-89e3-cfcd39dd4b8e/element/00000000-0000-0138-ffff-ffff00000029/location [39m[32m200[39m [90m23 ms - 78[39m
[35m[HTTP][39m [90m[39m
[35m[HTTP][39m [37m-->[39m [37mPOST[39m [37m/wd/hub/session/d33072f9-a4a0-4aa2-89e3-cfcd39dd4b8e/timeouts[39m
[35m[HTTP][39m [90m{"implicit":30000}[39m
[35m[HTTP][39m [37m<-- POST /wd/hub/session/d33072f9-a4a0-4aa2-89e3-cfcd39dd4b8e/timeouts [39m[32m200[39m [90m1 ms - 14[39m
[35m[HTTP][39m [90m[39m
[35m[HTTP][39m [37m-->[39m [37mPOST[39m [37m/wd/hub/session/d33072f9-a4a0-4aa2-89e3-cfcd39dd4b8e/element/00000000-0000-0138-ffff-ffff00000029/click[39m
[35m[HTTP][39m [90m{"id":"00000000-0000-0138-ffff-ffff00000029"}[39m
[35m[HTTP][39m [37m<-- POST /wd/hub/session/d33072f9-a4a0-4aa2-89e3-cfcd39dd4b8e/element/00000000-0000-0138-ffff-ffff00000029/click [39m[32m200[39m [90m104 ms - 14[39m
[35m[HTTP][39m [90m[39m
[35m[HTTP][39m [37m-->[39m [37mGET[39m [37m/wd/hub/session/d33072f9-a4a0-4aa2-89e3-cfcd39dd4b8e/context[39m
[35m[HTTP][39m [90m{}[39m
[35m[HTTP][39m [37m<-- GET /wd/hub/session/d33072f9-a4a0-4aa2-89e3-cfcd39dd4b8e/context [39m[32m200[39m [90m1 ms - 22[39m
[35m[HTTP][39m [90m[39m
[35m[HTTP][39m [37m-->[39m [37mGET[39m [37m/wd/hub/session/d33072f9-a4a0-4aa2-89e3-cfcd39dd4b8e/contexts[39m
[35m[HTTP][39m [90m{}[39m
[35m[HTTP][39m [37m<-- GET /wd/hub/session/d33072f9-a4a0-4aa2-89e3-cfcd39dd4b8e/contexts [39m[32m200[39m [90m140 ms - 24[39m
[35m[HTTP][39m [90m[39m
[35m[HTTP][39m [37m-->[39m [37mPOST[39m [37m/wd/hub/session/d33072f9-a4a0-4aa2-89e3-cfcd39dd4b8e/context[39m
[35m[HTTP][39m [90m{"name":"NATIVE_APP"}[39m
[35m[HTTP][39m [37m<-- POST /wd/hub/session/d33072f9-a4a0-4aa2-89e3-cfcd39dd4b8e/context [39m[32m200[39m [90m1 ms - 14[39m
[35m[HTTP][39m [90m[39m
[35m[HTTP][39m [37m-->[39m [37mGET[39m [37m/wd/hub/session/d33072f9-a4a0-4aa2-89e3-cfcd39dd4b8e/window/rect[39m
[35m[HTTP][39m [90m{}[39m
[35m[HTTP][39m [37m<-- GET /wd/hub/session/d33072f9-a4a0-4aa2-89e3-cfcd39dd4b8e/window/rect [39m[32m200[39m [90m58 ms - 50[39m
[35m[HTTP][39m [90m[39m
[35m[HTTP][39m [37m-->[39m [37mPOST[39m [37m/wd/hub/session/d33072f9-a4a0-4aa2-89e3-cfcd39dd4b8e/execute/sync[39m
[35m[HTTP][39m [90m{"script":"mobile: viewportScreenshot","args":[]}[39m
[35m[AndroidDriver][39m Executing native command 'mobile: viewportScreenshot'
[35m[HTTP][39m [37m<-- POST /wd/hub/session/d33072f9-a4a0-4aa2-89e3-cfcd39dd4b8e/execute/sync [39m[32m200[39m [90m1025 ms - 121080[39m
[35m[HTTP][39m [90m[39m
[35m[HTTP][39m [37m-->[39m [37mPOST[39m [37m/wd/hub/session/d33072f9-a4a0-4aa2-89e3-cfcd39dd4b8e/context[39m
[35m[HTTP][39m [90m{"name":"NATIVE_APP"}[39m
[35m[HTTP][39m [37m<-- POST /wd/hub/session/d33072f9-a4a0-4aa2-89e3-cfcd39dd4b8e/context [39m[32m200[39m [90m1 ms - 14[39m
[35m[HTTP][39m [90m[39m
[35m[HTTP][39m [37m-->[39m [37mPOST[39m [37m/wd/hub/session/d33072f9-a4a0-4aa2-89e3-cfcd39dd4b8e/timeouts[39m
[35m[HTTP][39m [90m{"implicit":50}[39m
[35m[HTTP][39m [37m<-- POST /wd/hub/session/d33072f9-a4a0-4aa2-89e3-cfcd39dd4b8e/timeouts [39m[32m200[39m [90m2 ms - 14[39m
[35m[HTTP][39m [90m[39m
[35m[HTTP][39m [37m-->[39m [37mGET[39m [37m/wd/hub/session/d33072f9-a4a0-4aa2-89e3-cfcd39dd4b8e/window/rect[39m
[35m[HTTP][39m [90m{}[39m
[35m[HTTP][39m [37m<-- GET /wd/hub/session/d33072f9-a4a0-4aa2-89e3-cfcd39dd4b8e/window/rect [39m[32m200[39m [90m33 ms - 50[39m
[35m[HTTP][39m [90m[39m
[35m[HTTP][39m [37m-->[39m [37mPOST[39m [37m/wd/hub/session/d33072f9-a4a0-4aa2-89e3-cfcd39dd4b8e/elements[39m
[35m[HTTP][39m [90m{"using":"xpath","value":"//*[@class = 'android.widget.ImageButton' and (@text = '' or . = '')]"}[39m
[35m[HTTP][39m [37m<-- POST /wd/hub/session/d33072f9-a4a0-4aa2-89e3-cfcd39dd4b8e/elements [39m[32m200[39m [90m211 ms - 139[39m
[35m[HTTP][39m [90m[39m
[35m[HTTP][39m [37m-->[39m [37mGET[39m [37m/wd/hub/session/d33072f9-a4a0-4aa2-89e3-cfcd39dd4b8e/element/00000000-0000-0138-ffff-ffff000000d8/location[39m
[35m[HTTP][39m [90m{}[39m
[35m[W3C (d33072f9)][39m Driver proxy active, passing request on via HTTP proxy
[35m[WD Proxy][39m Replacing sessionId 086ddfae-882f-4bf5-925b-fd076bd9663f with d33072f9-a4a0-4aa2-89e3-cfcd39dd4b8e
[35m[HTTP][39m [37m<-- GET /wd/hub/session/d33072f9-a4a0-4aa2-89e3-cfcd39dd4b8e/element/00000000-0000-0138-ffff-ffff000000d8/location [39m[32m200[39m [90m33 ms - 75[39m
[35m[HTTP][39m [90m[39m
[35m[HTTP][39m [37m-->[39m [37mPOST[39m [37m/wd/hub/session/d33072f9-a4a0-4aa2-89e3-cfcd39dd4b8e/timeouts[39m
[35m[HTTP][39m [90m{"implicit":30000}[39m
[35m[HTTP][39m [37m<-- POST /wd/hub/session/d33072f9-a4a0-4aa2-89e3-cfcd39dd4b8e/timeouts [39m[32m200[39m [90m1 ms - 14[39m
[35m[HTTP][39m [90m[39m
[35m[HTTP][39m [37m-->[39m [37mPOST[39m [37m/wd/hub/session/d33072f9-a4a0-4aa2-89e3-cfcd39dd4b8e/element/00000000-0000-0138-ffff-ffff000000d8/click[39m
[35m[HTTP][39m [90m{"id":"00000000-0000-0138-ffff-ffff000000d8"}[39m
[35m[HTTP][39m [37m<-- POST /wd/hub/session/d33072f9-a4a0-4aa2-89e3-cfcd39dd4b8e/element/00000000-0000-0138-ffff-ffff000000d8/click [39m[32m200[39m [90m110 ms - 14[39m
[35m[HTTP][39m [90m[39m
[35m[HTTP][39m [37m-->[39m [37mDELETE[39m [37m/wd/hub/session/d33072f9-a4a0-4aa2-89e3-cfcd39dd4b8e[39m
[35m[HTTP][39m [90m{}[39m
[35m[Appium][39m Removing session d33072f9-a4a0-4aa2-89e3-cfcd39dd4b8e from our master session list
[35m[ADB][39m com.tengyeekong.movieapp was successfully uninstalled
[35m[UiAutomator2][39m Restoring hidden api policy to the device default configuration
[35m[HTTP][39m [37m<-- DELETE /wd/hub/session/d33072f9-a4a0-4aa2-89e3-cfcd39dd4b8e [39m[32m200[39m [90m1648 ms - 14[39m
[35m[HTTP][39m [90m[39m
